<?xml version="1.0" encoding="UTF-8"?>
<testsuite xmlns:xsi="http://www.w3.org/2001/XMLSchema-instance" xsi:noNamespaceSchemaLocation="https://maven.apache.org/surefire/maven-failsafe-plugin/xsd/failsafe-test-report-3.0.xsd" version="3.0" name="com.gmail.merikbest2015.ecommerce.controller.OrderControllerTest" time="0.539" tests="6" errors="0" skipped="0" failures="0">
  <properties>
[...]
</properties>
  <testcase name="getOrderItemsByOrderId" classname="com.gmail.merikbest2015.ecommerce.controller.OrderControllerTest" time="0.078">
    <system-out><![CDATA[2025-06-15T06:05:43.613Z DEBUG 2697 --- [           main] .b.t.c.SpringBootTestContextBootstrapper : Neither @ContextConfiguration nor @ContextHierarchy found for test class [OrderControllerTest]: using SpringBootContextLoader
2025-06-15T06:05:43.614Z DEBUG 2697 --- [           main] o.s.t.c.support.AbstractContextLoader    : Could not detect default resource locations for test class [com.gmail.merikbest2015.ecommerce.controller.OrderControllerTest]: no resource found for suffixes {-context.xml, Context.groovy}.
2025-06-15T06:05:43.614Z  INFO 2697 --- [           main] t.c.s.AnnotationConfigContextLoaderUtils : Could not detect default configuration classes for test class [com.gmail.merikbest2015.ecommerce.controller.OrderControllerTest]: OrderControllerTest does not declare any static, non-private, non-final, nested classes annotated with @Configuration.
2025-06-15T06:05:43.620Z DEBUG 2697 --- [           main] .b.t.c.SpringBootTestContextBootstrapper : Using ContextCustomizerFactory implementations for test class [OrderControllerTest]: [ImportsContextCustomizerFactory, ExcludeFilterContextCustomizerFactory, HttpGraphQlTesterContextCustomizerFactory, DuplicateJsonObjectContextCustomizerFactory, MockitoContextCustomizerFactory, TestRestTemplateContextCustomizerFactory, WebTestClientContextCustomizerFactory, DisableReactorResourceFactoryGlobalResourcesContextCustomizerFactory, OnFailureConditionReportContextCustomizerFactory, OverrideAutoConfigurationContextCustomizerFactory, ObservabilityContextCustomizerFactory, TypeExcludeFiltersContextCustomizerFactory, PropertyMappingContextCustomizerFactory, WebDriverContextCustomizerFactory, BeanOverrideContextCustomizerFactory, MockServerContainerContextCustomizerFactory, DynamicPropertiesContextCustomizerFactory]
2025-06-15T06:05:43.632Z DEBUG 2697 --- [           main] .b.t.c.SpringBootTestContextBootstrapper : Using ContextCustomizers for test class [OrderControllerTest]: [ImportsContextCustomizer, ExcludeFilterContextCustomizer, DuplicateJsonObjectContextCustomizer, MockitoContextCustomizer, TestRestTemplateContextCustomizer, DisableReactorResourceFactoryGlobalResourcesContextCustomizerCustomizer, OnFailureConditionReportContextCustomizer, DisableObservabilityContextCustomizer, PropertyMappingContextCustomizer, WebDriverContextCustomizer, DynamicPropertiesContextCustomizer]
2025-06-15T06:05:43.634Z  INFO 2697 --- [           main] .b.t.c.SpringBootTestContextBootstrapper : Found @SpringBootConfiguration com.gmail.merikbest2015.ecommerce.EcommerceApplication for test class com.gmail.merikbest2015.ecommerce.controller.OrderControllerTest
2025-06-15T06:05:43.643Z DEBUG 2697 --- [           main] .b.t.c.SpringBootTestContextBootstrapper : Using TestExecutionListeners for test class [OrderControllerTest]: [ServletTestExecutionListener, DirtiesContextBeforeModesTestExecutionListener, ApplicationEventsTestExecutionListener, MockitoTestExecutionListener, BeanOverrideTestExecutionListener, DependencyInjectionTestExecutionListener, MicrometerObservationRegistryTestExecutionListener, DirtiesContextTestExecutionListener, CommonCachesTestExecutionListener, TransactionalTestExecutionListener, SqlScriptsTestExecutionListener, EventPublishingTestExecutionListener, WithSecurityContextTestExecutionListener, ReactorContextTestExecutionListener, ResetMocksTestExecutionListener, RestDocsTestExecutionListener, MockRestServiceServerResetTestExecutionListener, MockMvcPrintOnlyOnFailureTestExecutionListener, WebDriverTestExecutionListener, MockWebServiceServerTestExecutionListener, MockitoResetTestExecutionListener]
2025-06-15T06:05:43.644Z DEBUG 2697 --- [           main] sContextBeforeModesTestExecutionListener : Before test class: class [OrderControllerTest], class annotated with @DirtiesContext [false] with mode [null]
2025-06-15T06:05:43.645Z DEBUG 2697 --- [           main] org.springframework.test.context.cache   : Spring test ApplicationContext cache statistics: [DefaultContextCache@7c357b9 size = 2, maxSize = 32, parentContextCount = 0, hitCount = 1268, missCount = 2, failureCount = 0]
2025-06-15T06:05:43.647Z DEBUG 2697 --- [           main] org.springframework.test.context.cache   : Spring test ApplicationContext cache statistics: [DefaultContextCache@7c357b9 size = 2, maxSize = 32, parentContextCount = 0, hitCount = 1269, missCount = 2, failureCount = 0]
2025-06-15T06:05:43.647Z DEBUG 2697 --- [           main] o.s.t.c.w.ServletTestExecutionListener   : Setting up MockHttpServletRequest, MockHttpServletResponse, ServletWebRequest, and RequestContextHolder for test class com.gmail.merikbest2015.ecommerce.controller.OrderControllerTest
2025-06-15T06:05:43.648Z DEBUG 2697 --- [           main] DependencyInjectionTestExecutionListener : Performing dependency injection for test class com.gmail.merikbest2015.ecommerce.controller.OrderControllerTest
2025-06-15T06:05:43.648Z DEBUG 2697 --- [           main] org.springframework.test.context.cache   : Spring test ApplicationContext cache statistics: [DefaultContextCache@7c357b9 size = 2, maxSize = 32, parentContextCount = 0, hitCount = 1270, missCount = 2, failureCount = 0]
2025-06-15T06:05:43.649Z DEBUG 2697 --- [           main] org.springframework.test.context.cache   : Spring test ApplicationContext cache statistics: [DefaultContextCache@7c357b9 size = 2, maxSize = 32, parentContextCount = 0, hitCount = 1271, missCount = 2, failureCount = 0]
2025-06-15T06:05:43.650Z DEBUG 2697 --- [           main] sContextBeforeModesTestExecutionListener : Before test method: class [OrderControllerTest], method [getOrderItemsByOrderId], class annotated with @DirtiesContext [false] with mode [null], method annotated with @DirtiesContext [false] with mode [null]
2025-06-15T06:05:43.650Z DEBUG 2697 --- [           main] org.springframework.test.context.cache   : Spring test ApplicationContext cache statistics: [DefaultContextCache@7c357b9 size = 2, maxSize = 32, parentContextCount = 0, hitCount = 1272, missCount = 2, failureCount = 0]
2025-06-15T06:05:43.650Z DEBUG 2697 --- [           main] ObservationRegistryTestExecutionListener : Registering ObservationRegistry from ApplicationContext in ObservationThreadLocalAccessor for test class com.gmail.merikbest2015.ecommerce.controller.OrderControllerTest
2025-06-15T06:05:43.651Z DEBUG 2697 --- [           main] .s.t.c.j.SqlScriptsTestExecutionListener : Processing merged @SqlConfig attributes for execution phase [BEFORE_TEST_METHOD] and test class [com.gmail.merikbest2015.ecommerce.controller.OrderControllerTest]
2025-06-15T06:05:43.651Z DEBUG 2697 --- [           main] org.springframework.test.context.cache   : Spring test ApplicationContext cache statistics: [DefaultContextCache@7c357b9 size = 2, maxSize = 32, parentContextCount = 0, hitCount = 1273, missCount = 2, failureCount = 0]
2025-06-15T06:05:43.652Z DEBUG 2697 --- [           main] .s.t.c.j.SqlScriptsTestExecutionListener : Executing SQL scripts: [class path resource [sql/create-user-before.sql], class path resource [sql/create-perfumes-before.sql], class path resource [sql/create-orders-before.sql]]
2025-06-15T06:05:43.653Z DEBUG 2697 --- [           main] org.springframework.test.context.cache   : Spring test ApplicationContext cache statistics: [DefaultContextCache@7c357b9 size = 2, maxSize = 32, parentContextCount = 0, hitCount = 1274, missCount = 2, failureCount = 0]
2025-06-15T06:05:43.653Z DEBUG 2697 --- [           main] org.springframework.test.context.cache   : Spring test ApplicationContext cache statistics: [DefaultContextCache@7c357b9 size = 2, maxSize = 32, parentContextCount = 0, hitCount = 1275, missCount = 2, failureCount = 0]
2025-06-15T06:05:43.653Z DEBUG 2697 --- [           main] o.s.orm.jpa.JpaTransactionManager        : Creating new transaction with name [com.gmail.merikbest2015.ecommerce.controller.OrderControllerTest]: PROPAGATION_REQUIRED,ISOLATION_DEFAULT
2025-06-15T06:05:43.653Z DEBUG 2697 --- [           main] o.s.orm.jpa.JpaTransactionManager        : Opened new EntityManager [SessionImpl(1819657067<open>)] for JPA transaction
2025-06-15T06:05:43.654Z DEBUG 2697 --- [           main] o.s.orm.jpa.JpaTransactionManager        : Exposing JPA transaction as JDBC [org.springframework.orm.jpa.vendor.HibernateJpaDialect$HibernateConnectionHandle@78930352]
2025-06-15T06:05:43.654Z DEBUG 2697 --- [           main] o.s.jdbc.datasource.init.ScriptUtils     : Executing SQL script from class path resource [sql/create-user-before.sql]
2025-06-15T06:05:43.656Z DEBUG 2697 --- [           main] o.s.jdbc.datasource.init.ScriptUtils     : 1 returned as update count for SQL: insert into users(id, email, first_name, last_name, city, address, phone_number, post_index, activation_code, active, password, password_reset_code, provider) values(1, 'admin@gmail.com', 'Admin', 'Admin', null, null, null, null, null, true, '$2a$08$kS2f5m8eYoNpc.ZECzndGuXiqaWmCaFfOGMQquodP48qrD7.cQG4y', null, 'LOCAL')
2025-06-15T06:05:43.656Z DEBUG 2697 --- [           main] o.s.jdbc.datasource.init.ScriptUtils     : 1 returned as update count for SQL: insert into users(id, email, first_name, last_name, city, address, phone_number, post_index, activation_code, active, password, password_reset_code, provider) values(122, 'test123@test.com', 'John', 'Doe', 'New York', 'Wall Street 1', '1234567890', '1234567890', null, true, '$2a$08$kS2f5m8eYoNpc.ZECzndGuXiqaWmCaFfOGMQquodP48qrD7.cQG4y', null, 'LOCAL')
2025-06-15T06:05:43.657Z DEBUG 2697 --- [           main] o.s.jdbc.datasource.init.ScriptUtils     : 1 returned as update count for SQL: insert into users(id, email, first_name, last_name, city, address, phone_number, post_index, activation_code, active, password, password_reset_code, provider) values (126, 'helloworld@test.com', 'John2', 'Doe2', 'New York', 'Wall Street1', '1234567890', '1234567890','8e97dc37-2cf5-47e2-98e0',false,'$2a$08$kS2f5m8eYoNpc.ZECzndGuXiqaWmCaFfOGMQquodP48qrD7.cQG4y','3f9bcdb0-2241-4c34-803e-598b497d571f', 'LOCAL')
2025-06-15T06:05:43.657Z DEBUG 2697 --- [           main] o.s.jdbc.datasource.init.ScriptUtils     : 1 returned as update count for SQL: insert into user_role (user_id, roles) values (1, 'ADMIN')
2025-06-15T06:05:43.658Z DEBUG 2697 --- [           main] o.s.jdbc.datasource.init.ScriptUtils     : 1 returned as update count for SQL: insert into user_role (user_id, roles) values (122, 'USER')
2025-06-15T06:05:43.658Z DEBUG 2697 --- [           main] o.s.jdbc.datasource.init.ScriptUtils     : 1 returned as update count for SQL: insert into user_role (user_id, roles) values (126, 'USER')
2025-06-15T06:05:43.658Z DEBUG 2697 --- [           main] o.s.jdbc.datasource.init.ScriptUtils     : Executed SQL script from class path resource [sql/create-user-before.sql] in 4 ms.
2025-06-15T06:05:43.658Z DEBUG 2697 --- [           main] o.s.jdbc.datasource.init.ScriptUtils     : Executing SQL script from class path resource [sql/create-perfumes-before.sql]
2025-06-15T06:05:43.660Z DEBUG 2697 --- [           main] o.s.jdbc.datasource.init.ScriptUtils     : 1 returned as update count for SQL: INSERT INTO perfume (id, country, description, filename, fragrance_base_notes, fragrance_middle_notes, fragrance_top_notes, perfume_gender, perfume_title, perfumer, price, type, volume, year, perfume_rating) VALUES (1, 'Germany', null, 'https://perfumeswebstorage.s3.eu-central-1.amazonaws.com/4735a4c8-e1fc-43ce-8ff9-0bd28d00ce20.Hugo Boss Boss Bottled Night.jpg', 'Salmwood, Musky notes, Sandalwood', 'Cardamom, Jasmine, African violet', 'Birch leaf, Lavender', 'male', 'Boss Bottled Night', 'Hugo Boss', 35, 'Eau de Toilette', '100', 20100, 0)
2025-06-15T06:05:43.661Z DEBUG 2697 --- [           main] o.s.jdbc.datasource.init.ScriptUtils     : 1 returned as update count for SQL: INSERT INTO perfume (id, country, description, filename, fragrance_base_notes, fragrance_middle_notes, fragrance_top_notes, perfume_gender, perfume_title, perfumer, price, type, volume, year, perfume_rating) VALUES (2, 'Germany', null, 'https://perfumeswebstorage.s3.eu-central-1.amazonaws.com/17d6f8a1-aa84-4823-bd18-ccb0fdbe7fe9.Hugo Boss Hugo Man.jpg', 'Moss, Sandalwood, Fir balsam', 'Carnation, Geranium leaf, Jasmine', 'Basil, Grapefruit, Green apple, Mint', 'male', 'Hugo Man', 'Hugo Boss', 21, 'Eau de Toilette', '75', 19950, 0)
2025-06-15T06:05:43.662Z DEBUG 2697 --- [           main] o.s.jdbc.datasource.init.ScriptUtils     : 1 returned as update count for SQL: INSERT INTO perfume (id, country, description, filename, fragrance_base_notes, fragrance_middle_notes, fragrance_top_notes, perfume_gender, perfume_title, perfumer, price, type, volume, year, perfume_rating) VALUES (3, 'Germany', null, 'https://perfumeswebstorage.s3.eu-central-1.amazonaws.com/ba9272ca-20af-4e41-89b7-24018be4acb1.Hugo Boss The Scent.jpg', 'Leather', 'Maninka fruit, Lavender', 'Ginger', 'male', 'The Scent', 'Hugo Boss', 45, 'Eau de Toilette', '100', 20150, 0)
2025-06-15T06:05:43.662Z DEBUG 2697 --- [           main] o.s.jdbc.datasource.init.ScriptUtils     : 1 returned as update count for SQL: INSERT INTO perfume (id, country, description, filename, fragrance_base_notes, fragrance_middle_notes, fragrance_top_notes, perfume_gender, perfume_title, perfumer, price, type, volume, year, perfume_rating) VALUES (4, 'Germany', null, 'https://perfumeswebstorage.s3.eu-central-1.amazonaws.com/540f8e7d-2259-4a20-becf-4ed5cfc2912e.Hugo Boss Boss Woman.jpg', 'Sandalwood, Cedar', 'Freesia, Violet root', 'Mandarin orange, Mango', 'female', 'Boss Woman', 'Hugo Boss', 26, 'Eau de parfum', '90', 20000, 0)
2025-06-15T06:05:43.663Z DEBUG 2697 --- [           main] o.s.jdbc.datasource.init.ScriptUtils     : 1 returned as update count for SQL: INSERT INTO perfume (id, country, description, filename, fragrance_base_notes, fragrance_middle_notes, fragrance_top_notes, perfume_gender, perfume_title, perfumer, price, type, volume, year, perfume_rating) VALUES (5, 'Germany', null, 'https://perfumeswebstorage.s3.eu-central-1.amazonaws.com/1fb6dd1b-a134-4e6f-8215-60d465d33d72.Hugo Boss Hugo Deep Red.jpg', 'Musk, Sandalwood, Vanilla', 'Freesia, Hibiscus, Ginger', 'Pear, Blood orange, Clementine', 'female', 'Deep Red', 'Hugo Boss', 27, 'Eau de parfum', '90', 20010, 0)
2025-06-15T06:05:43.663Z DEBUG 2697 --- [           main] o.s.jdbc.datasource.init.ScriptUtils     : 1 returned as update count for SQL: INSERT INTO perfume (id, country, description, filename, fragrance_base_notes, fragrance_middle_notes, fragrance_top_notes, perfume_gender, perfume_title, perfumer, price, type, volume, year, perfume_rating) VALUES (6, 'Germany', null, 'https://perfumeswebstorage.s3.eu-central-1.amazonaws.com/62e9bf9b-8fea-4eb2-9935-21e868e1b93d.Hugo Boss The Scent For Her.jpg', 'Roasted cocoa', 'Osmanthus', 'Peach, Freesia', 'female', 'The Scent For Her', 'Hugo Boss', 47, 'Eau de parfum', '100', 20160, 0)
2025-06-15T06:05:43.664Z DEBUG 2697 --- [           main] o.s.jdbc.datasource.init.ScriptUtils     : 1 returned as update count for SQL: INSERT INTO perfume (id, country, description, filename, fragrance_base_notes, fragrance_middle_notes, fragrance_top_notes, perfume_gender, perfume_title, perfumer, price, type, volume, year, perfume_rating) VALUES (26, 'Spain', null, 'https://perfumeswebstorage.s3.eu-central-1.amazonaws.com/6524de16-c086-49fe-a6e5-c9efc35f1a02.Carolina Herrera Bad Boy.jpg', 'Tonka bean, Cocoa absolute', 'Cedarwood, Sage', 'Black pepper, White pepper, Italian bergamot', 'male', 'Bad Boy', 'Carolina Herrera', 76, 'Eau de Toilette', '100', 20190, 0)
2025-06-15T06:05:43.664Z DEBUG 2697 --- [           main] o.s.jdbc.datasource.init.ScriptUtils     : 1 returned as update count for SQL: INSERT INTO perfume (id, country, description, filename, fragrance_base_notes, fragrance_middle_notes, fragrance_top_notes, perfume_gender, perfume_title, perfumer, price, type, volume, year, perfume_rating) VALUES (27, 'Spain', null, 'https://perfumeswebstorage.s3.eu-central-1.amazonaws.com/184c9da2-2445-4b01-87b8-b4f8b5f6ab8c.Carolina Herrera Good Girl.jpg', 'Roasted tonka bean, Cocoa, Sandalwood', 'Tuberose, Bulgarian rose, Jasmine sambac', 'Bergamot, Lemon', 'female', 'Good Girl', 'Carolina Herrera', 156, 'Eau de parfum', '150', 20160, 0)
2025-06-15T06:05:43.665Z DEBUG 2697 --- [           main] o.s.jdbc.datasource.init.ScriptUtils     : 1 returned as update count for SQL: INSERT INTO perfume (id, country, description, filename, fragrance_base_notes, fragrance_middle_notes, fragrance_top_notes, perfume_gender, perfume_title, perfumer, price, type, volume, year, perfume_rating) VALUES (28, 'France', null, 'https://perfumeswebstorage.s3.eu-central-1.amazonaws.com/e31f6d6c-e585-40a4-970c-f25322667924.Chanel Allure homme Sport.jpg', 'Amber, Musk, Tonka bean', 'Neroli, Pepper, Cedar', 'Aldehydes, Mandarin orange, Seawater', 'male', 'Allure homme Sport', 'Chanel', 85, 'Eau de Toilette', '100', 20040, 0)
2025-06-15T06:05:43.665Z DEBUG 2697 --- [           main] o.s.jdbc.datasource.init.ScriptUtils     : 1 returned as update count for SQL: INSERT INTO perfume (id, country, description, filename, fragrance_base_notes, fragrance_middle_notes, fragrance_top_notes, perfume_gender, perfume_title, perfumer, price, type, volume, year, perfume_rating) VALUES (29, 'France', null, 'https://perfumeswebstorage.s3.eu-central-1.amazonaws.com/ac6c7a11-97f8-44b1-9b10-f96997212dd4.Chanel Bleu de Chanel Eau de Parfum.jpg', 'Ginger, Sandalwood, Frankincense', 'Grapefruit, Labdanum, Cedar', 'Pink pepper, Vetiver, Citrus notes', 'male', 'Bleu de Chanel', 'Chanel', 88, 'Eau de parfum', '100', 20140, 0)
2025-06-15T06:05:43.666Z DEBUG 2697 --- [           main] o.s.jdbc.datasource.init.ScriptUtils     : 1 returned as update count for SQL: INSERT INTO perfume (id, country, description, filename, fragrance_base_notes, fragrance_middle_notes, fragrance_top_notes, perfume_gender, perfume_title, perfumer, price, type, volume, year, perfume_rating) VALUES (30, 'France', null, 'https://perfumeswebstorage.s3.eu-central-1.amazonaws.com/7049225c-03bb-45a7-ba6a-86274f8668b9.Chanel Egoiste Platinum.jpg', 'Amber, Oakmoss, Sandalwood', 'Galbanum, Geranium, Jasmine', 'Lavender, Neroli, Petitgrain', 'male', 'Egoiste Platinum', 'Chanel', 70, 'Eau de Toilette', '100', 19930, 0)
2025-06-15T06:05:43.666Z DEBUG 2697 --- [           main] o.s.jdbc.datasource.init.ScriptUtils     : 1 returned as update count for SQL: INSERT INTO perfume (id, country, description, filename, fragrance_base_notes, fragrance_middle_notes, fragrance_top_notes, perfume_gender, perfume_title, perfumer, price, type, volume, year, perfume_rating) VALUES (31, 'France', null, 'https://perfumeswebstorage.s3.eu-central-1.amazonaws.com/bcc4bb2a-907d-4531-9d7f-178c765c5ed3.Chanel Chance Eau Fraiche.jpg', 'Amber, Iris, Musk, Patchouli', 'Jasmine, Pink pepper, Water hyacinth', 'Cedar, Citrus fruits', 'female', 'Chance Eau Fraiche', 'Chanel', 90, 'Eau de Toilette', '100', 20070, 0)
2025-06-15T06:05:43.667Z DEBUG 2697 --- [           main] o.s.jdbc.datasource.init.ScriptUtils     : 1 returned as update count for SQL: INSERT INTO perfume (id, country, description, filename, fragrance_base_notes, fragrance_middle_notes, fragrance_top_notes, perfume_gender, perfume_title, perfumer, price, type, volume, year, perfume_rating) VALUES (32, 'France', null, 'https://perfumeswebstorage.s3.eu-central-1.amazonaws.com/2b5f80ca-e0f3-4e99-b5e4-11ccb9153b00.Chanel Gabrielle Essence.jpg', 'Sandalwood, Vanilla, White musk', 'Tuberose, Jasmine, Ylang-ylang', 'Citrus fruits, Red fruits', 'female', 'Gabrielle Essence', 'Chanel', 104, 'Eau de parfum', '100', 20190, 0)
2025-06-15T06:05:43.667Z DEBUG 2697 --- [           main] o.s.jdbc.datasource.init.ScriptUtils     : 1 returned as update count for SQL: INSERT INTO perfume (id, country, description, filename, fragrance_base_notes, fragrance_middle_notes, fragrance_top_notes, perfume_gender, perfume_title, perfumer, price, type, volume, year, perfume_rating) VALUES (33, 'France', null, 'https://perfumeswebstorage.s3.eu-central-1.amazonaws.com/4b51181b-5551-4321-b5e7-f7612584c9b2.Chanel N5.jpg', 'Amber, Sandalwood, Vanilla', 'Iris, Grasse jasmine', 'Aldehydes, Bergamot, Neroli', 'female', 'Chanel N5', 'Chanel', 192, 'Eau de parfum', '200', 19210, 0)
2025-06-15T06:05:43.668Z DEBUG 2697 --- [           main] o.s.jdbc.datasource.init.ScriptUtils     : 1 returned as update count for SQL: INSERT INTO perfume (id, country, description, filename, fragrance_base_notes, fragrance_middle_notes, fragrance_top_notes, perfume_gender, perfume_title, perfumer, price, type, volume, year, perfume_rating) VALUES (34, 'France', null, 'https://perfumeswebstorage.s3.eu-central-1.amazonaws.com/bdb203a9-0725-4ed4-a71a-db7eeb915fae.Creed Aventus.jpg', 'Ambergris, Oakmoss, Musk', 'Birch, Jasmine, Patchouli', 'Pineapple, Apple, Bergamot, Blackcurrant', 'male', 'Aventus', 'Creed', 152, 'Eau de parfum', '100', 20100, 0)
2025-06-15T06:05:43.668Z DEBUG 2697 --- [           main] o.s.jdbc.datasource.init.ScriptUtils     : 1 returned as update count for SQL: INSERT INTO perfume (id, country, description, filename, fragrance_base_notes, fragrance_middle_notes, fragrance_top_notes, perfume_gender, perfume_title, perfumer, price, type, volume, year, perfume_rating) VALUES (35, 'France', null, 'https://perfumeswebstorage.s3.eu-central-1.amazonaws.com/162cfbe2-2dc2-4271-8a63-23981a7e3cc4.Creed Bois du Portugal.jpg', 'Sandalwood, Vetiver, Ambergris', 'Cedarwood', 'Bergamot, Lavender', 'male', 'Bois du Portugal', 'Creed', 110, 'Eau de parfum', '100', 19870, 0)
2025-06-15T06:05:43.669Z DEBUG 2697 --- [           main] o.s.jdbc.datasource.init.ScriptUtils     : 1 returned as update count for SQL: INSERT INTO perfume (id, country, description, filename, fragrance_base_notes, fragrance_middle_notes, fragrance_top_notes, perfume_gender, perfume_title, perfumer, price, type, volume, year, perfume_rating) VALUES (36, 'France', null, 'https://perfumeswebstorage.s3.eu-central-1.amazonaws.com/1d428b77-0ffd-449f-bcaa-04a094b51de7.Creed Original Vetiver.jpg', 'Ambergris, Sandalwood, Musk, Vetiver', 'White pepper, Coriander, Pink pepper', 'Bergamot, Bitter orange, Mandarin orange', 'male', 'Original Vetiver', 'Creed', 97, 'Eau de parfum', '100', 20040, 0)
2025-06-15T06:05:43.669Z DEBUG 2697 --- [           main] o.s.jdbc.datasource.init.ScriptUtils     : 1 returned as update count for SQL: INSERT INTO perfume (id, country, description, filename, fragrance_base_notes, fragrance_middle_notes, fragrance_top_notes, perfume_gender, perfume_title, perfumer, price, type, volume, year, perfume_rating) VALUES (37, 'France', null, 'https://perfumeswebstorage.s3.eu-central-1.amazonaws.com/5fd3de8e-1022-47a2-ae58-a089a65bd90c.Creed Acqua Fiorentina.jpg', 'Grapefruit, Sandalwood, Cedar', 'Bergamot, Pear, Rose', 'Apple, Prune, Greengage plum', 'female', 'Acqua Fiorentina', 'Creed', 100, 'Eau de parfum', '75', 20090, 0)
2025-06-15T06:05:43.670Z DEBUG 2697 --- [           main] o.s.jdbc.datasource.init.ScriptUtils     : 1 returned as update count for SQL: INSERT INTO perfume (id, country, description, filename, fragrance_base_notes, fragrance_middle_notes, fragrance_top_notes, perfume_gender, perfume_title, perfumer, price, type, volume, year, perfume_rating) VALUES (38, 'France', null, 'https://perfumeswebstorage.s3.eu-central-1.amazonaws.com/7d32f694-9cc3-4770-844a-47400e6f5c6b.Creed Aventus for Her.jpg', 'Peach, Blackcurrant, Ylang-ylang', 'Rose, Styrax, Mysore sandalwood', 'Green apple, Violet leaf, Calabrian bergamot', 'female', 'Aventus for Her', 'Creed', 141, 'Eau de parfum', '75', 20160, 0)
2025-06-15T06:05:43.670Z DEBUG 2697 --- [           main] o.s.jdbc.datasource.init.ScriptUtils     : 1 returned as update count for SQL: INSERT INTO perfume (id, country, description, filename, fragrance_base_notes, fragrance_middle_notes, fragrance_top_notes, perfume_gender, perfume_title, perfumer, price, type, volume, year, perfume_rating) VALUES (39, 'France', null, 'https://perfumeswebstorage.s3.eu-central-1.amazonaws.com/cbb8efd1-f55a-4db3-8511-f0b5b446533d.Creed Love in Black.jpg', 'Rose, Burgundy blackcurrant, Violet', 'Florentine iris, Clove', 'White violet', 'female', 'Love in Black', 'Creed', 89, 'Eau de parfum', '75', 20080, 0)
2025-06-15T06:05:43.671Z DEBUG 2697 --- [           main] o.s.jdbc.datasource.init.ScriptUtils     : 1 returned as update count for SQL: INSERT INTO perfume (id, country, description, filename, fragrance_base_notes, fragrance_middle_notes, fragrance_top_notes, perfume_gender, perfume_title, perfumer, price, type, volume, year, perfume_rating) VALUES (40, 'France', null, 'https://perfumeswebstorage.s3.eu-central-1.amazonaws.com/0f0acb70-dc64-474f-878a-1b214d250d94.CreedLoveinWhite.jpg', 'Ambergris, Mysore sandalwood, Vanilla', 'Florentine iris, Yellow narcissus, Magnolia', 'Orange zest', 'female', 'Love in White', 'Creed', 94, 'Eau de parfum', '75', 20050, 0)
2025-06-15T06:05:43.671Z DEBUG 2697 --- [           main] o.s.jdbc.datasource.init.ScriptUtils     : 1 returned as update count for SQL: INSERT INTO perfume (id, country, description, filename, fragrance_base_notes, fragrance_middle_notes, fragrance_top_notes, perfume_gender, perfume_title, perfumer, price, type, volume, year, perfume_rating) VALUES (41, 'France', null, 'https://perfumeswebstorage.s3.eu-central-1.amazonaws.com/0158183f-2412-4c61-a962-7c96e43c19c3.Dior Fahrenheit.jpg', 'Amber, Leather, Musk', 'Carnation, Honeysuckle, Jasmine', 'Bergamot, Camomile, Lavender, Mandarin orange', 'male', 'Fahrenheit', 'Dior', 62, 'Eau de Toilette', '100', 19880, 0)
2025-06-15T06:05:43.672Z DEBUG 2697 --- [           main] o.s.jdbc.datasource.init.ScriptUtils     : 1 returned as update count for SQL: INSERT INTO perfume (id, country, description, filename, fragrance_base_notes, fragrance_middle_notes, fragrance_top_notes, perfume_gender, perfume_title, perfumer, price, type, volume, year, perfume_rating) VALUES (42, 'France', null, 'https://perfumeswebstorage.s3.eu-central-1.amazonaws.com/27f0b3d3-2634-4e74-971a-f780c4480482.Dior Homme.jpg', 'Virginia cedar', 'Ecuadorian ambrette seed', 'Florentine iris absolute', 'male', 'Homme', 'Dior', 90, 'Eau de parfum', '100', 20070, 0)
2025-06-15T06:05:43.672Z DEBUG 2697 --- [           main] o.s.jdbc.datasource.init.ScriptUtils     : 1 returned as update count for SQL: INSERT INTO perfume (id, country, description, filename, fragrance_base_notes, fragrance_middle_notes, fragrance_top_notes, perfume_gender, perfume_title, perfumer, price, type, volume, year, perfume_rating) VALUES (43, 'France', null, 'https://perfumeswebstorage.s3.eu-central-1.amazonaws.com/03e65b3b-7b1f-400c-9bb8-a8956bdaa4be.Dior Sauvage.jpg', 'Ambroxan', 'Bergamot', 'Sichuan Pepper', 'male', 'Sauvage', 'Dior', 62, 'Eau de Toilette', '100', 20150, 0)
2025-06-15T06:05:43.673Z DEBUG 2697 --- [           main] o.s.jdbc.datasource.init.ScriptUtils     : 1 returned as update count for SQL: INSERT INTO perfume (id, country, description, filename, fragrance_base_notes, fragrance_middle_notes, fragrance_top_notes, perfume_gender, perfume_title, perfumer, price, type, volume, year, perfume_rating) VALUES (44, 'France', null, 'https://perfumeswebstorage.s3.eu-central-1.amazonaws.com/94c85cfd-f090-4d49-b2e9-dcff34eec8c1.Dior Jadore.jpg', 'Vanilla, Cedar, Musk', 'Lily of the valley, Rose, Violet', 'Bergamot, Pear, Melon, Peach', 'female', 'Jadore', 'Dior', 81, 'Eau de parfum', '100', 19990, 0)
2025-06-15T06:05:43.673Z DEBUG 2697 --- [           main] o.s.jdbc.datasource.init.ScriptUtils     : 1 returned as update count for SQL: INSERT INTO perfume (id, country, description, filename, fragrance_base_notes, fragrance_middle_notes, fragrance_top_notes, perfume_gender, perfume_title, perfumer, price, type, volume, year, perfume_rating) VALUES (45, 'France', null, 'https://perfumeswebstorage.s3.eu-central-1.amazonaws.com/85f8de21-24d5-473b-8d63-6ba6c2d4d25e.Dior Miss Dior.jpg', 'Ambergris, Musk, Patchouli', 'Jasmine, Caramel, Popcorn', 'Pineapple, Cherry, Mandarin orange', 'female', 'Miss Dior', 'Dior', 90, 'Eau de parfum', '100', 20110, 0)
2025-06-15T06:05:43.674Z DEBUG 2697 --- [           main] o.s.jdbc.datasource.init.ScriptUtils     : 1 returned as update count for SQL: INSERT INTO perfume (id, country, description, filename, fragrance_base_notes, fragrance_middle_notes, fragrance_top_notes, perfume_gender, perfume_title, perfumer, price, type, volume, year, perfume_rating) VALUES (46, 'France', null, 'https://perfumeswebstorage.s3.eu-central-1.amazonaws.com/63534821-1eb9-4b44-afd3-61c3b8ca4a25.Dior Poison Girl.jpg', 'Venezuelan tonka bean', 'Grasse rose', 'Bitter orange', 'female', 'Poison Girl', 'Dior', 75, 'Eau de parfum', '100', 20160, 0)
2025-06-15T06:05:43.674Z DEBUG 2697 --- [           main] o.s.jdbc.datasource.init.ScriptUtils     : 1 returned as update count for SQL: INSERT INTO review (id, author, date, message, rating) VALUES (123, 'John', '2021-02-07', 'Hello world', 5)
2025-06-15T06:05:43.675Z DEBUG 2697 --- [           main] o.s.jdbc.datasource.init.ScriptUtils     : 1 returned as update count for SQL: INSERT INTO review (id, author, date, message, rating) VALUES (124, 'John2', '2021-02-07', 'Hello world2', 4)
2025-06-15T06:05:43.675Z DEBUG 2697 --- [           main] o.s.jdbc.datasource.init.ScriptUtils     : 1 returned as update count for SQL: INSERT INTO perfume_reviews (perfume_id, reviews_id) VALUES (2, 123)
2025-06-15T06:05:43.676Z DEBUG 2697 --- [           main] o.s.jdbc.datasource.init.ScriptUtils     : 1 returned as update count for SQL: INSERT INTO perfume_reviews (perfume_id, reviews_id) VALUES (2, 124)
2025-06-15T06:05:43.676Z DEBUG 2697 --- [           main] o.s.jdbc.datasource.init.ScriptUtils     : Executed SQL script from class path resource [sql/create-perfumes-before.sql] in 18 ms.
2025-06-15T06:05:43.676Z DEBUG 2697 --- [           main] o.s.jdbc.datasource.init.ScriptUtils     : Executing SQL script from class path resource [sql/create-orders-before.sql]
2025-06-15T06:05:43.677Z DEBUG 2697 --- [           main] o.s.jdbc.datasource.init.ScriptUtils     : 1 returned as update count for SQL: INSERT INTO orders (id, address, city, date, email, first_name, last_name, phone_number, post_index, total_price) VALUES (111, 'Wall Street 1', 'New York', '2021-02-06', 'test123@test.com', 'John', 'Doe', '1234567890', 1234567890, 56)
2025-06-15T06:05:43.677Z DEBUG 2697 --- [           main] o.s.jdbc.datasource.init.ScriptUtils     : 1 returned as update count for SQL: INSERT INTO order_item (id, amount, quantity, perfume_id) VALUES (111, 35, 1, 2)
2025-06-15T06:05:43.678Z DEBUG 2697 --- [           main] o.s.jdbc.datasource.init.ScriptUtils     : 1 returned as update count for SQL: INSERT INTO order_item (id, amount, quantity, perfume_id) VALUES (222, 21, 1, 4)
2025-06-15T06:05:43.678Z DEBUG 2697 --- [           main] o.s.jdbc.datasource.init.ScriptUtils     : 1 returned as update count for SQL: INSERT INTO orders_order_items (order_id, order_items_id) VALUES (111, 111)
2025-06-15T06:05:43.679Z DEBUG 2697 --- [           main] o.s.jdbc.datasource.init.ScriptUtils     : 1 returned as update count for SQL: INSERT INTO orders_order_items (order_id, order_items_id) VALUES (111, 222)
2025-06-15T06:05:43.679Z DEBUG 2697 --- [           main] o.s.jdbc.datasource.init.ScriptUtils     : Executed SQL script from class path resource [sql/create-orders-before.sql] in 3 ms.
2025-06-15T06:05:43.679Z DEBUG 2697 --- [           main] o.s.orm.jpa.JpaTransactionManager        : Initiating transaction commit
2025-06-15T06:05:43.679Z DEBUG 2697 --- [           main] o.s.orm.jpa.JpaTransactionManager        : Committing JPA transaction on EntityManager [SessionImpl(1819657067<open>)]
2025-06-15T06:05:43.679Z DEBUG 2697 --- [           main] o.s.orm.jpa.JpaTransactionManager        : Closing JPA EntityManager [SessionImpl(1819657067<open>)] after transaction
2025-06-15T06:05:43.680Z DEBUG 2697 --- [           main] org.springframework.test.context.cache   : Spring test ApplicationContext cache statistics: [DefaultContextCache@7c357b9 size = 2, maxSize = 32, parentContextCount = 0, hitCount = 1276, missCount = 2, failureCount = 0]
2025-06-15T06:05:43.680Z DEBUG 2697 --- [           main] org.springframework.test.context.cache   : Spring test ApplicationContext cache statistics: [DefaultContextCache@7c357b9 size = 2, maxSize = 32, parentContextCount = 0, hitCount = 1277, missCount = 2, failureCount = 0]
2025-06-15T06:05:43.683Z DEBUG 2697 --- [           main] org.springframework.test.context.cache   : Spring test ApplicationContext cache statistics: [DefaultContextCache@7c357b9 size = 2, maxSize = 32, parentContextCount = 0, hitCount = 1278, missCount = 2, failureCount = 0]
2025-06-15T06:05:43.685Z DEBUG 2697 --- [           main] org.springframework.test.context.cache   : Spring test ApplicationContext cache statistics: [DefaultContextCache@7c357b9 size = 2, maxSize = 32, parentContextCount = 0, hitCount = 1279, missCount = 2, failureCount = 0]
2025-06-15T06:05:43.687Z DEBUG 2697 --- [           main] o.s.security.web.FilterChainProxy        : Securing GET /api/v1/order/111/items
2025-06-15T06:05:43.688Z DEBUG 2697 --- [           main] o.s.s.w.a.AnonymousAuthenticationFilter  : Set SecurityContextHolder to anonymous SecurityContext
2025-06-15T06:05:43.689Z DEBUG 2697 --- [           main] o.s.security.web.FilterChainProxy        : Secured GET /api/v1/order/111/items
2025-06-15T06:05:43.689Z DEBUG 2697 --- [           main] o.s.t.web.servlet.TestDispatcherServlet  : GET "/api/v1/order/111/items", parameters={}
2025-06-15T06:05:43.689Z DEBUG 2697 --- [           main] s.w.s.m.m.a.RequestMappingHandlerMapping : Mapped to com.gmail.merikbest2015.ecommerce.controller.OrderController#getOrderItemsByOrderId(Long)
2025-06-15T06:05:43.689Z DEBUG 2697 --- [           main] o.j.s.OpenEntityManagerInViewInterceptor : Opening JPA EntityManager in OpenEntityManagerInViewInterceptor
2025-06-15T06:05:43.690Z  INFO 2697 --- [           main] c.g.m.e.controller.OrderController       : Fetching order items for order ID: 111
2025-06-15T06:05:43.691Z  INFO 2697 --- [           main] c.g.m.e.service.Impl.OrderServiceImpl    : Getting order items for order id 111
2025-06-15T06:05:43.691Z  INFO 2697 --- [           main] c.g.m.e.service.Impl.OrderServiceImpl    : Fetching order with id 111
2025-06-15T06:05:43.692Z DEBUG 2697 --- [           main] o.s.orm.jpa.JpaTransactionManager        : Found thread-bound EntityManager [SessionImpl(2067875188<open>)] for JPA transaction
2025-06-15T06:05:43.692Z DEBUG 2697 --- [           main] o.s.orm.jpa.JpaTransactionManager        : Creating new transaction with name [org.springframework.data.jpa.repository.support.SimpleJpaRepository.findById]: PROPAGATION_REQUIRED,ISOLATION_DEFAULT,readOnly
2025-06-15T06:05:43.692Z DEBUG 2697 --- [           main] o.s.jdbc.datasource.DataSourceUtils      : Setting JDBC Connection [HikariProxyConnection@1336266697 wrapping org.postgresql.jdbc.PgConnection@1e69a9c6] read-only
2025-06-15T06:05:43.693Z DEBUG 2697 --- [           main] o.s.orm.jpa.JpaTransactionManager        : Exposing JPA transaction as JDBC [org.springframework.orm.jpa.vendor.HibernateJpaDialect$HibernateConnectionHandle@334de09f]
2025-06-15T06:05:43.697Z DEBUG 2697 --- [           main] o.s.orm.jpa.JpaTransactionManager        : Initiating transaction commit
2025-06-15T06:05:43.697Z DEBUG 2697 --- [           main] o.s.orm.jpa.JpaTransactionManager        : Committing JPA transaction on EntityManager [SessionImpl(2067875188<open>)]
2025-06-15T06:05:43.697Z DEBUG 2697 --- [           main] o.s.jdbc.datasource.DataSourceUtils      : Resetting read-only flag of JDBC Connection [HikariProxyConnection@1336266697 wrapping org.postgresql.jdbc.PgConnection@1e69a9c6]
2025-06-15T06:05:43.698Z DEBUG 2697 --- [           main] o.s.orm.jpa.JpaTransactionManager        : Not closing pre-bound JPA EntityManager after transaction
CLASS: [OrderController], METHOD: [getOrderItemsByOrderId()], REQUEST: 111
CLASS: [OrderController], METHOD: [getOrderItemsByOrderId()], RESPONSE: <200 OK OK,[com.gmail.merikbest2015.ecommerce.dto.order.OrderItemResponse@1cd14b3d, com.gmail.merikbest2015.ecommerce.dto.order.OrderItemResponse@2bdb62a2],[]>
2025-06-15T06:05:43.705Z DEBUG 2697 --- [           main] o.s.w.s.m.m.a.HttpEntityMethodProcessor  : Using 'application/json', given [*/*] and supported [application/json, application/*+json, application/yaml]
2025-06-15T06:05:43.705Z DEBUG 2697 --- [           main] o.s.w.s.m.m.a.HttpEntityMethodProcessor  : Writing [[com.gmail.merikbest2015.ecommerce.dto.order.OrderItemResponse@1cd14b3d, com.gmail.merikbest2015.eco (truncated)...]
2025-06-15T06:05:43.708Z DEBUG 2697 --- [           main] o.j.s.OpenEntityManagerInViewInterceptor : Closing JPA EntityManager in OpenEntityManagerInViewInterceptor
2025-06-15T06:05:43.708Z DEBUG 2697 --- [           main] o.s.t.web.servlet.TestDispatcherServlet  : Completed 200 OK
2025-06-15T06:05:43.711Z DEBUG 2697 --- [           main] org.springframework.test.context.cache   : Spring test ApplicationContext cache statistics: [DefaultContextCache@7c357b9 size = 2, maxSize = 32, parentContextCount = 0, hitCount = 1280, missCount = 2, failureCount = 0]
2025-06-15T06:05:43.711Z DEBUG 2697 --- [           main] org.springframework.test.context.cache   : Spring test ApplicationContext cache statistics: [DefaultContextCache@7c357b9 size = 2, maxSize = 32, parentContextCount = 0, hitCount = 1281, missCount = 2, failureCount = 0]
2025-06-15T06:05:43.714Z DEBUG 2697 --- [           main] org.springframework.test.context.cache   : Spring test ApplicationContext cache statistics: [DefaultContextCache@7c357b9 size = 2, maxSize = 32, parentContextCount = 0, hitCount = 1282, missCount = 2, failureCount = 0]
2025-06-15T06:05:43.714Z DEBUG 2697 --- [           main] org.springframework.test.context.cache   : Spring test ApplicationContext cache statistics: [DefaultContextCache@7c357b9 size = 2, maxSize = 32, parentContextCount = 0, hitCount = 1283, missCount = 2, failureCount = 0]
2025-06-15T06:05:43.714Z DEBUG 2697 --- [           main] org.springframework.test.context.cache   : Spring test ApplicationContext cache statistics: [DefaultContextCache@7c357b9 size = 2, maxSize = 32, parentContextCount = 0, hitCount = 1284, missCount = 2, failureCount = 0]
2025-06-15T06:05:43.715Z DEBUG 2697 --- [           main] org.springframework.test.context.cache   : Spring test ApplicationContext cache statistics: [DefaultContextCache@7c357b9 size = 2, maxSize = 32, parentContextCount = 0, hitCount = 1285, missCount = 2, failureCount = 0]
2025-06-15T06:05:43.718Z DEBUG 2697 --- [           main] org.springframework.test.context.cache   : Spring test ApplicationContext cache statistics: [DefaultContextCache@7c357b9 size = 2, maxSize = 32, parentContextCount = 0, hitCount = 1286, missCount = 2, failureCount = 0]
2025-06-15T06:05:43.718Z DEBUG 2697 --- [           main] org.springframework.test.context.cache   : Spring test ApplicationContext cache statistics: [DefaultContextCache@7c357b9 size = 2, maxSize = 32, parentContextCount = 0, hitCount = 1287, missCount = 2, failureCount = 0]
2025-06-15T06:05:43.719Z DEBUG 2697 --- [           main] .s.t.c.j.SqlScriptsTestExecutionListener : Processing merged @SqlConfig attributes for execution phase [AFTER_TEST_METHOD] and test class [com.gmail.merikbest2015.ecommerce.controller.OrderControllerTest]
2025-06-15T06:05:43.719Z DEBUG 2697 --- [           main] org.springframework.test.context.cache   : Spring test ApplicationContext cache statistics: [DefaultContextCache@7c357b9 size = 2, maxSize = 32, parentContextCount = 0, hitCount = 1288, missCount = 2, failureCount = 0]
2025-06-15T06:05:43.719Z DEBUG 2697 --- [           main] .s.t.c.j.SqlScriptsTestExecutionListener : Executing SQL scripts: [class path resource [sql/create-orders-after.sql], class path resource [sql/create-perfumes-after.sql], class path resource [sql/create-user-after.sql]]
2025-06-15T06:05:43.719Z DEBUG 2697 --- [           main] org.springframework.test.context.cache   : Spring test ApplicationContext cache statistics: [DefaultContextCache@7c357b9 size = 2, maxSize = 32, parentContextCount = 0, hitCount = 1289, missCount = 2, failureCount = 0]
2025-06-15T06:05:43.719Z DEBUG 2697 --- [           main] org.springframework.test.context.cache   : Spring test ApplicationContext cache statistics: [DefaultContextCache@7c357b9 size = 2, maxSize = 32, parentContextCount = 0, hitCount = 1290, missCount = 2, failureCount = 0]
2025-06-15T06:05:43.720Z DEBUG 2697 --- [           main] o.s.orm.jpa.JpaTransactionManager        : Creating new transaction with name [com.gmail.merikbest2015.ecommerce.controller.OrderControllerTest]: PROPAGATION_REQUIRED,ISOLATION_DEFAULT
2025-06-15T06:05:43.720Z DEBUG 2697 --- [           main] o.s.orm.jpa.JpaTransactionManager        : Opened new EntityManager [SessionImpl(1311018314<open>)] for JPA transaction
2025-06-15T06:05:43.720Z DEBUG 2697 --- [           main] o.s.orm.jpa.JpaTransactionManager        : Exposing JPA transaction as JDBC [org.springframework.orm.jpa.vendor.HibernateJpaDialect$HibernateConnectionHandle@57839be0]
2025-06-15T06:05:43.720Z DEBUG 2697 --- [           main] o.s.jdbc.datasource.init.ScriptUtils     : Executing SQL script from class path resource [sql/create-orders-after.sql]
2025-06-15T06:05:43.721Z DEBUG 2697 --- [           main] o.s.jdbc.datasource.init.ScriptUtils     : 2 returned as update count for SQL: delete from orders_order_items
2025-06-15T06:05:43.722Z DEBUG 2697 --- [           main] o.s.jdbc.datasource.init.ScriptUtils     : 2 returned as update count for SQL: delete from order_item
2025-06-15T06:05:43.722Z DEBUG 2697 --- [           main] o.s.jdbc.datasource.init.ScriptUtils     : 1 returned as update count for SQL: delete from orders
2025-06-15T06:05:43.722Z DEBUG 2697 --- [           main] o.s.jdbc.datasource.init.ScriptUtils     : Executed SQL script from class path resource [sql/create-orders-after.sql] in 2 ms.
2025-06-15T06:05:43.722Z DEBUG 2697 --- [           main] o.s.jdbc.datasource.init.ScriptUtils     : Executing SQL script from class path resource [sql/create-perfumes-after.sql]
2025-06-15T06:05:43.723Z DEBUG 2697 --- [           main] o.s.jdbc.datasource.init.ScriptUtils     : 2 returned as update count for SQL: delete from perfume_reviews
2025-06-15T06:05:43.723Z DEBUG 2697 --- [           main] o.s.jdbc.datasource.init.ScriptUtils     : 2 returned as update count for SQL: delete from review
2025-06-15T06:05:43.724Z DEBUG 2697 --- [           main] o.s.jdbc.datasource.init.ScriptUtils     : 27 returned as update count for SQL: delete from perfume
2025-06-15T06:05:43.725Z DEBUG 2697 --- [           main] o.s.jdbc.datasource.init.ScriptUtils     : Executed SQL script from class path resource [sql/create-perfumes-after.sql] in 3 ms.
2025-06-15T06:05:43.725Z DEBUG 2697 --- [           main] o.s.jdbc.datasource.init.ScriptUtils     : Executing SQL script from class path resource [sql/create-user-after.sql]
2025-06-15T06:05:43.725Z DEBUG 2697 --- [           main] o.s.jdbc.datasource.init.ScriptUtils     : 3 returned as update count for SQL: delete from user_role
2025-06-15T06:05:43.726Z DEBUG 2697 --- [           main] o.s.jdbc.datasource.init.ScriptUtils     : 3 returned as update count for SQL: delete from users
2025-06-15T06:05:43.726Z DEBUG 2697 --- [           main] o.s.jdbc.datasource.init.ScriptUtils     : Executed SQL script from class path resource [sql/create-user-after.sql] in 1 ms.
2025-06-15T06:05:43.726Z DEBUG 2697 --- [           main] o.s.orm.jpa.JpaTransactionManager        : Initiating transaction commit
2025-06-15T06:05:43.726Z DEBUG 2697 --- [           main] o.s.orm.jpa.JpaTransactionManager        : Committing JPA transaction on EntityManager [SessionImpl(1311018314<open>)]
2025-06-15T06:05:43.727Z DEBUG 2697 --- [           main] o.s.orm.jpa.JpaTransactionManager        : Closing JPA EntityManager [SessionImpl(1311018314<open>)] after transaction
2025-06-15T06:05:43.727Z DEBUG 2697 --- [           main] .c.s.DirtiesContextTestExecutionListener : After test method: class [OrderControllerTest], method [getOrderItemsByOrderId], class annotated with @DirtiesContext [false] with mode [null], method annotated with @DirtiesContext [false] with mode [null]
2025-06-15T06:05:43.727Z DEBUG 2697 --- [           main] ObservationRegistryTestExecutionListener : Restoring ObservationRegistry in ObservationThreadLocalAccessor for test class com.gmail.merikbest2015.ecommerce.controller.OrderControllerTest
2025-06-15T06:05:43.727Z DEBUG 2697 --- [           main] o.s.t.c.w.ServletTestExecutionListener   : Resetting RequestContextHolder for test class com.gmail.merikbest2015.ecommerce.controller.OrderControllerTest
]]></system-out>
  </testcase>
  <testcase name="postOrder_ShouldInputFieldsAreEmpty" classname="com.gmail.merikbest2015.ecommerce.controller.OrderControllerTest" time="0.097">
    <system-out><![CDATA[2025-06-15T06:05:43.728Z DEBUG 2697 --- [           main] org.springframework.test.context.cache   : Spring test ApplicationContext cache statistics: [DefaultContextCache@7c357b9 size = 2, maxSize = 32, parentContextCount = 0, hitCount = 1291, missCount = 2, failureCount = 0]
2025-06-15T06:05:43.728Z DEBUG 2697 --- [           main] o.s.t.c.w.ServletTestExecutionListener   : Setting up MockHttpServletRequest, MockHttpServletResponse, ServletWebRequest, and RequestContextHolder for test class com.gmail.merikbest2015.ecommerce.controller.OrderControllerTest
2025-06-15T06:05:43.728Z DEBUG 2697 --- [           main] DependencyInjectionTestExecutionListener : Performing dependency injection for test class com.gmail.merikbest2015.ecommerce.controller.OrderControllerTest
2025-06-15T06:05:43.728Z DEBUG 2697 --- [           main] org.springframework.test.context.cache   : Spring test ApplicationContext cache statistics: [DefaultContextCache@7c357b9 size = 2, maxSize = 32, parentContextCount = 0, hitCount = 1292, missCount = 2, failureCount = 0]
2025-06-15T06:05:43.729Z DEBUG 2697 --- [           main] org.springframework.test.context.cache   : Spring test ApplicationContext cache statistics: [DefaultContextCache@7c357b9 size = 2, maxSize = 32, parentContextCount = 0, hitCount = 1293, missCount = 2, failureCount = 0]
2025-06-15T06:05:43.731Z DEBUG 2697 --- [           main] sContextBeforeModesTestExecutionListener : Before test method: class [OrderControllerTest], method [postOrder_ShouldInputFieldsAreEmpty], class annotated with @DirtiesContext [false] with mode [null], method annotated with @DirtiesContext [false] with mode [null]
2025-06-15T06:05:43.731Z DEBUG 2697 --- [           main] org.springframework.test.context.cache   : Spring test ApplicationContext cache statistics: [DefaultContextCache@7c357b9 size = 2, maxSize = 32, parentContextCount = 0, hitCount = 1294, missCount = 2, failureCount = 0]
2025-06-15T06:05:43.731Z DEBUG 2697 --- [           main] ObservationRegistryTestExecutionListener : Registering ObservationRegistry from ApplicationContext in ObservationThreadLocalAccessor for test class com.gmail.merikbest2015.ecommerce.controller.OrderControllerTest
2025-06-15T06:05:43.732Z DEBUG 2697 --- [           main] .s.t.c.j.SqlScriptsTestExecutionListener : Processing merged @SqlConfig attributes for execution phase [BEFORE_TEST_METHOD] and test class [com.gmail.merikbest2015.ecommerce.controller.OrderControllerTest]
2025-06-15T06:05:43.732Z DEBUG 2697 --- [           main] org.springframework.test.context.cache   : Spring test ApplicationContext cache statistics: [DefaultContextCache@7c357b9 size = 2, maxSize = 32, parentContextCount = 0, hitCount = 1295, missCount = 2, failureCount = 0]
2025-06-15T06:05:43.734Z DEBUG 2697 --- [           main] .s.t.c.j.SqlScriptsTestExecutionListener : Executing SQL scripts: [class path resource [sql/create-user-before.sql], class path resource [sql/create-perfumes-before.sql], class path resource [sql/create-orders-before.sql]]
2025-06-15T06:05:43.734Z DEBUG 2697 --- [           main] org.springframework.test.context.cache   : Spring test ApplicationContext cache statistics: [DefaultContextCache@7c357b9 size = 2, maxSize = 32, parentContextCount = 0, hitCount = 1296, missCount = 2, failureCount = 0]
2025-06-15T06:05:43.734Z DEBUG 2697 --- [           main] org.springframework.test.context.cache   : Spring test ApplicationContext cache statistics: [DefaultContextCache@7c357b9 size = 2, maxSize = 32, parentContextCount = 0, hitCount = 1297, missCount = 2, failureCount = 0]
2025-06-15T06:05:43.734Z DEBUG 2697 --- [           main] o.s.orm.jpa.JpaTransactionManager        : Creating new transaction with name [com.gmail.merikbest2015.ecommerce.controller.OrderControllerTest]: PROPAGATION_REQUIRED,ISOLATION_DEFAULT
2025-06-15T06:05:43.734Z DEBUG 2697 --- [           main] o.s.orm.jpa.JpaTransactionManager        : Opened new EntityManager [SessionImpl(1560205780<open>)] for JPA transaction
2025-06-15T06:05:43.735Z DEBUG 2697 --- [           main] o.s.orm.jpa.JpaTransactionManager        : Exposing JPA transaction as JDBC [org.springframework.orm.jpa.vendor.HibernateJpaDialect$HibernateConnectionHandle@6ab92d1b]
2025-06-15T06:05:43.735Z DEBUG 2697 --- [           main] o.s.jdbc.datasource.init.ScriptUtils     : Executing SQL script from class path resource [sql/create-user-before.sql]
2025-06-15T06:05:43.736Z DEBUG 2697 --- [           main] o.s.jdbc.datasource.init.ScriptUtils     : 1 returned as update count for SQL: insert into users(id, email, first_name, last_name, city, address, phone_number, post_index, activation_code, active, password, password_reset_code, provider) values(1, 'admin@gmail.com', 'Admin', 'Admin', null, null, null, null, null, true, '$2a$08$kS2f5m8eYoNpc.ZECzndGuXiqaWmCaFfOGMQquodP48qrD7.cQG4y', null, 'LOCAL')
2025-06-15T06:05:43.737Z DEBUG 2697 --- [           main] o.s.jdbc.datasource.init.ScriptUtils     : 1 returned as update count for SQL: insert into users(id, email, first_name, last_name, city, address, phone_number, post_index, activation_code, active, password, password_reset_code, provider) values(122, 'test123@test.com', 'John', 'Doe', 'New York', 'Wall Street 1', '1234567890', '1234567890', null, true, '$2a$08$kS2f5m8eYoNpc.ZECzndGuXiqaWmCaFfOGMQquodP48qrD7.cQG4y', null, 'LOCAL')
2025-06-15T06:05:43.737Z DEBUG 2697 --- [           main] o.s.jdbc.datasource.init.ScriptUtils     : 1 returned as update count for SQL: insert into users(id, email, first_name, last_name, city, address, phone_number, post_index, activation_code, active, password, password_reset_code, provider) values (126, 'helloworld@test.com', 'John2', 'Doe2', 'New York', 'Wall Street1', '1234567890', '1234567890','8e97dc37-2cf5-47e2-98e0',false,'$2a$08$kS2f5m8eYoNpc.ZECzndGuXiqaWmCaFfOGMQquodP48qrD7.cQG4y','3f9bcdb0-2241-4c34-803e-598b497d571f', 'LOCAL')
2025-06-15T06:05:43.738Z DEBUG 2697 --- [           main] o.s.jdbc.datasource.init.ScriptUtils     : 1 returned as update count for SQL: insert into user_role (user_id, roles) values (1, 'ADMIN')
2025-06-15T06:05:43.738Z DEBUG 2697 --- [           main] o.s.jdbc.datasource.init.ScriptUtils     : 1 returned as update count for SQL: insert into user_role (user_id, roles) values (122, 'USER')
2025-06-15T06:05:43.739Z DEBUG 2697 --- [           main] o.s.jdbc.datasource.init.ScriptUtils     : 1 returned as update count for SQL: insert into user_role (user_id, roles) values (126, 'USER')
2025-06-15T06:05:43.739Z DEBUG 2697 --- [           main] o.s.jdbc.datasource.init.ScriptUtils     : Executed SQL script from class path resource [sql/create-user-before.sql] in 4 ms.
2025-06-15T06:05:43.739Z DEBUG 2697 --- [           main] o.s.jdbc.datasource.init.ScriptUtils     : Executing SQL script from class path resource [sql/create-perfumes-before.sql]
2025-06-15T06:05:43.741Z DEBUG 2697 --- [           main] o.s.jdbc.datasource.init.ScriptUtils     : 1 returned as update count for SQL: INSERT INTO perfume (id, country, description, filename, fragrance_base_notes, fragrance_middle_notes, fragrance_top_notes, perfume_gender, perfume_title, perfumer, price, type, volume, year, perfume_rating) VALUES (1, 'Germany', null, 'https://perfumeswebstorage.s3.eu-central-1.amazonaws.com/4735a4c8-e1fc-43ce-8ff9-0bd28d00ce20.Hugo Boss Boss Bottled Night.jpg', 'Salmwood, Musky notes, Sandalwood', 'Cardamom, Jasmine, African violet', 'Birch leaf, Lavender', 'male', 'Boss Bottled Night', 'Hugo Boss', 35, 'Eau de Toilette', '100', 20100, 0)
2025-06-15T06:05:43.741Z DEBUG 2697 --- [           main] o.s.jdbc.datasource.init.ScriptUtils     : 1 returned as update count for SQL: INSERT INTO perfume (id, country, description, filename, fragrance_base_notes, fragrance_middle_notes, fragrance_top_notes, perfume_gender, perfume_title, perfumer, price, type, volume, year, perfume_rating) VALUES (2, 'Germany', null, 'https://perfumeswebstorage.s3.eu-central-1.amazonaws.com/17d6f8a1-aa84-4823-bd18-ccb0fdbe7fe9.Hugo Boss Hugo Man.jpg', 'Moss, Sandalwood, Fir balsam', 'Carnation, Geranium leaf, Jasmine', 'Basil, Grapefruit, Green apple, Mint', 'male', 'Hugo Man', 'Hugo Boss', 21, 'Eau de Toilette', '75', 19950, 0)
2025-06-15T06:05:43.742Z DEBUG 2697 --- [           main] o.s.jdbc.datasource.init.ScriptUtils     : 1 returned as update count for SQL: INSERT INTO perfume (id, country, description, filename, fragrance_base_notes, fragrance_middle_notes, fragrance_top_notes, perfume_gender, perfume_title, perfumer, price, type, volume, year, perfume_rating) VALUES (3, 'Germany', null, 'https://perfumeswebstorage.s3.eu-central-1.amazonaws.com/ba9272ca-20af-4e41-89b7-24018be4acb1.Hugo Boss The Scent.jpg', 'Leather', 'Maninka fruit, Lavender', 'Ginger', 'male', 'The Scent', 'Hugo Boss', 45, 'Eau de Toilette', '100', 20150, 0)
2025-06-15T06:05:43.742Z DEBUG 2697 --- [           main] o.s.jdbc.datasource.init.ScriptUtils     : 1 returned as update count for SQL: INSERT INTO perfume (id, country, description, filename, fragrance_base_notes, fragrance_middle_notes, fragrance_top_notes, perfume_gender, perfume_title, perfumer, price, type, volume, year, perfume_rating) VALUES (4, 'Germany', null, 'https://perfumeswebstorage.s3.eu-central-1.amazonaws.com/540f8e7d-2259-4a20-becf-4ed5cfc2912e.Hugo Boss Boss Woman.jpg', 'Sandalwood, Cedar', 'Freesia, Violet root', 'Mandarin orange, Mango', 'female', 'Boss Woman', 'Hugo Boss', 26, 'Eau de parfum', '90', 20000, 0)
2025-06-15T06:05:43.743Z DEBUG 2697 --- [           main] o.s.jdbc.datasource.init.ScriptUtils     : 1 returned as update count for SQL: INSERT INTO perfume (id, country, description, filename, fragrance_base_notes, fragrance_middle_notes, fragrance_top_notes, perfume_gender, perfume_title, perfumer, price, type, volume, year, perfume_rating) VALUES (5, 'Germany', null, 'https://perfumeswebstorage.s3.eu-central-1.amazonaws.com/1fb6dd1b-a134-4e6f-8215-60d465d33d72.Hugo Boss Hugo Deep Red.jpg', 'Musk, Sandalwood, Vanilla', 'Freesia, Hibiscus, Ginger', 'Pear, Blood orange, Clementine', 'female', 'Deep Red', 'Hugo Boss', 27, 'Eau de parfum', '90', 20010, 0)
2025-06-15T06:05:43.743Z DEBUG 2697 --- [           main] o.s.jdbc.datasource.init.ScriptUtils     : 1 returned as update count for SQL: INSERT INTO perfume (id, country, description, filename, fragrance_base_notes, fragrance_middle_notes, fragrance_top_notes, perfume_gender, perfume_title, perfumer, price, type, volume, year, perfume_rating) VALUES (6, 'Germany', null, 'https://perfumeswebstorage.s3.eu-central-1.amazonaws.com/62e9bf9b-8fea-4eb2-9935-21e868e1b93d.Hugo Boss The Scent For Her.jpg', 'Roasted cocoa', 'Osmanthus', 'Peach, Freesia', 'female', 'The Scent For Her', 'Hugo Boss', 47, 'Eau de parfum', '100', 20160, 0)
2025-06-15T06:05:43.744Z DEBUG 2697 --- [           main] o.s.jdbc.datasource.init.ScriptUtils     : 1 returned as update count for SQL: INSERT INTO perfume (id, country, description, filename, fragrance_base_notes, fragrance_middle_notes, fragrance_top_notes, perfume_gender, perfume_title, perfumer, price, type, volume, year, perfume_rating) VALUES (26, 'Spain', null, 'https://perfumeswebstorage.s3.eu-central-1.amazonaws.com/6524de16-c086-49fe-a6e5-c9efc35f1a02.Carolina Herrera Bad Boy.jpg', 'Tonka bean, Cocoa absolute', 'Cedarwood, Sage', 'Black pepper, White pepper, Italian bergamot', 'male', 'Bad Boy', 'Carolina Herrera', 76, 'Eau de Toilette', '100', 20190, 0)
2025-06-15T06:05:43.745Z DEBUG 2697 --- [           main] o.s.jdbc.datasource.init.ScriptUtils     : 1 returned as update count for SQL: INSERT INTO perfume (id, country, description, filename, fragrance_base_notes, fragrance_middle_notes, fragrance_top_notes, perfume_gender, perfume_title, perfumer, price, type, volume, year, perfume_rating) VALUES (27, 'Spain', null, 'https://perfumeswebstorage.s3.eu-central-1.amazonaws.com/184c9da2-2445-4b01-87b8-b4f8b5f6ab8c.Carolina Herrera Good Girl.jpg', 'Roasted tonka bean, Cocoa, Sandalwood', 'Tuberose, Bulgarian rose, Jasmine sambac', 'Bergamot, Lemon', 'female', 'Good Girl', 'Carolina Herrera', 156, 'Eau de parfum', '150', 20160, 0)
2025-06-15T06:05:43.745Z DEBUG 2697 --- [           main] o.s.jdbc.datasource.init.ScriptUtils     : 1 returned as update count for SQL: INSERT INTO perfume (id, country, description, filename, fragrance_base_notes, fragrance_middle_notes, fragrance_top_notes, perfume_gender, perfume_title, perfumer, price, type, volume, year, perfume_rating) VALUES (28, 'France', null, 'https://perfumeswebstorage.s3.eu-central-1.amazonaws.com/e31f6d6c-e585-40a4-970c-f25322667924.Chanel Allure homme Sport.jpg', 'Amber, Musk, Tonka bean', 'Neroli, Pepper, Cedar', 'Aldehydes, Mandarin orange, Seawater', 'male', 'Allure homme Sport', 'Chanel', 85, 'Eau de Toilette', '100', 20040, 0)
2025-06-15T06:05:43.746Z DEBUG 2697 --- [           main] o.s.jdbc.datasource.init.ScriptUtils     : 1 returned as update count for SQL: INSERT INTO perfume (id, country, description, filename, fragrance_base_notes, fragrance_middle_notes, fragrance_top_notes, perfume_gender, perfume_title, perfumer, price, type, volume, year, perfume_rating) VALUES (29, 'France', null, 'https://perfumeswebstorage.s3.eu-central-1.amazonaws.com/ac6c7a11-97f8-44b1-9b10-f96997212dd4.Chanel Bleu de Chanel Eau de Parfum.jpg', 'Ginger, Sandalwood, Frankincense', 'Grapefruit, Labdanum, Cedar', 'Pink pepper, Vetiver, Citrus notes', 'male', 'Bleu de Chanel', 'Chanel', 88, 'Eau de parfum', '100', 20140, 0)
2025-06-15T06:05:43.746Z DEBUG 2697 --- [           main] o.s.jdbc.datasource.init.ScriptUtils     : 1 returned as update count for SQL: INSERT INTO perfume (id, country, description, filename, fragrance_base_notes, fragrance_middle_notes, fragrance_top_notes, perfume_gender, perfume_title, perfumer, price, type, volume, year, perfume_rating) VALUES (30, 'France', null, 'https://perfumeswebstorage.s3.eu-central-1.amazonaws.com/7049225c-03bb-45a7-ba6a-86274f8668b9.Chanel Egoiste Platinum.jpg', 'Amber, Oakmoss, Sandalwood', 'Galbanum, Geranium, Jasmine', 'Lavender, Neroli, Petitgrain', 'male', 'Egoiste Platinum', 'Chanel', 70, 'Eau de Toilette', '100', 19930, 0)
2025-06-15T06:05:43.747Z DEBUG 2697 --- [           main] o.s.jdbc.datasource.init.ScriptUtils     : 1 returned as update count for SQL: INSERT INTO perfume (id, country, description, filename, fragrance_base_notes, fragrance_middle_notes, fragrance_top_notes, perfume_gender, perfume_title, perfumer, price, type, volume, year, perfume_rating) VALUES (31, 'France', null, 'https://perfumeswebstorage.s3.eu-central-1.amazonaws.com/bcc4bb2a-907d-4531-9d7f-178c765c5ed3.Chanel Chance Eau Fraiche.jpg', 'Amber, Iris, Musk, Patchouli', 'Jasmine, Pink pepper, Water hyacinth', 'Cedar, Citrus fruits', 'female', 'Chance Eau Fraiche', 'Chanel', 90, 'Eau de Toilette', '100', 20070, 0)
2025-06-15T06:05:43.747Z DEBUG 2697 --- [           main] o.s.jdbc.datasource.init.ScriptUtils     : 1 returned as update count for SQL: INSERT INTO perfume (id, country, description, filename, fragrance_base_notes, fragrance_middle_notes, fragrance_top_notes, perfume_gender, perfume_title, perfumer, price, type, volume, year, perfume_rating) VALUES (32, 'France', null, 'https://perfumeswebstorage.s3.eu-central-1.amazonaws.com/2b5f80ca-e0f3-4e99-b5e4-11ccb9153b00.Chanel Gabrielle Essence.jpg', 'Sandalwood, Vanilla, White musk', 'Tuberose, Jasmine, Ylang-ylang', 'Citrus fruits, Red fruits', 'female', 'Gabrielle Essence', 'Chanel', 104, 'Eau de parfum', '100', 20190, 0)
2025-06-15T06:05:43.748Z DEBUG 2697 --- [           main] o.s.jdbc.datasource.init.ScriptUtils     : 1 returned as update count for SQL: INSERT INTO perfume (id, country, description, filename, fragrance_base_notes, fragrance_middle_notes, fragrance_top_notes, perfume_gender, perfume_title, perfumer, price, type, volume, year, perfume_rating) VALUES (33, 'France', null, 'https://perfumeswebstorage.s3.eu-central-1.amazonaws.com/4b51181b-5551-4321-b5e7-f7612584c9b2.Chanel N5.jpg', 'Amber, Sandalwood, Vanilla', 'Iris, Grasse jasmine', 'Aldehydes, Bergamot, Neroli', 'female', 'Chanel N5', 'Chanel', 192, 'Eau de parfum', '200', 19210, 0)
2025-06-15T06:05:43.748Z DEBUG 2697 --- [           main] o.s.jdbc.datasource.init.ScriptUtils     : 1 returned as update count for SQL: INSERT INTO perfume (id, country, description, filename, fragrance_base_notes, fragrance_middle_notes, fragrance_top_notes, perfume_gender, perfume_title, perfumer, price, type, volume, year, perfume_rating) VALUES (34, 'France', null, 'https://perfumeswebstorage.s3.eu-central-1.amazonaws.com/bdb203a9-0725-4ed4-a71a-db7eeb915fae.Creed Aventus.jpg', 'Ambergris, Oakmoss, Musk', 'Birch, Jasmine, Patchouli', 'Pineapple, Apple, Bergamot, Blackcurrant', 'male', 'Aventus', 'Creed', 152, 'Eau de parfum', '100', 20100, 0)
2025-06-15T06:05:43.749Z DEBUG 2697 --- [           main] o.s.jdbc.datasource.init.ScriptUtils     : 1 returned as update count for SQL: INSERT INTO perfume (id, country, description, filename, fragrance_base_notes, fragrance_middle_notes, fragrance_top_notes, perfume_gender, perfume_title, perfumer, price, type, volume, year, perfume_rating) VALUES (35, 'France', null, 'https://perfumeswebstorage.s3.eu-central-1.amazonaws.com/162cfbe2-2dc2-4271-8a63-23981a7e3cc4.Creed Bois du Portugal.jpg', 'Sandalwood, Vetiver, Ambergris', 'Cedarwood', 'Bergamot, Lavender', 'male', 'Bois du Portugal', 'Creed', 110, 'Eau de parfum', '100', 19870, 0)
2025-06-15T06:05:43.749Z DEBUG 2697 --- [           main] o.s.jdbc.datasource.init.ScriptUtils     : 1 returned as update count for SQL: INSERT INTO perfume (id, country, description, filename, fragrance_base_notes, fragrance_middle_notes, fragrance_top_notes, perfume_gender, perfume_title, perfumer, price, type, volume, year, perfume_rating) VALUES (36, 'France', null, 'https://perfumeswebstorage.s3.eu-central-1.amazonaws.com/1d428b77-0ffd-449f-bcaa-04a094b51de7.Creed Original Vetiver.jpg', 'Ambergris, Sandalwood, Musk, Vetiver', 'White pepper, Coriander, Pink pepper', 'Bergamot, Bitter orange, Mandarin orange', 'male', 'Original Vetiver', 'Creed', 97, 'Eau de parfum', '100', 20040, 0)
2025-06-15T06:05:43.750Z DEBUG 2697 --- [           main] o.s.jdbc.datasource.init.ScriptUtils     : 1 returned as update count for SQL: INSERT INTO perfume (id, country, description, filename, fragrance_base_notes, fragrance_middle_notes, fragrance_top_notes, perfume_gender, perfume_title, perfumer, price, type, volume, year, perfume_rating) VALUES (37, 'France', null, 'https://perfumeswebstorage.s3.eu-central-1.amazonaws.com/5fd3de8e-1022-47a2-ae58-a089a65bd90c.Creed Acqua Fiorentina.jpg', 'Grapefruit, Sandalwood, Cedar', 'Bergamot, Pear, Rose', 'Apple, Prune, Greengage plum', 'female', 'Acqua Fiorentina', 'Creed', 100, 'Eau de parfum', '75', 20090, 0)
2025-06-15T06:05:43.750Z DEBUG 2697 --- [           main] o.s.jdbc.datasource.init.ScriptUtils     : 1 returned as update count for SQL: INSERT INTO perfume (id, country, description, filename, fragrance_base_notes, fragrance_middle_notes, fragrance_top_notes, perfume_gender, perfume_title, perfumer, price, type, volume, year, perfume_rating) VALUES (38, 'France', null, 'https://perfumeswebstorage.s3.eu-central-1.amazonaws.com/7d32f694-9cc3-4770-844a-47400e6f5c6b.Creed Aventus for Her.jpg', 'Peach, Blackcurrant, Ylang-ylang', 'Rose, Styrax, Mysore sandalwood', 'Green apple, Violet leaf, Calabrian bergamot', 'female', 'Aventus for Her', 'Creed', 141, 'Eau de parfum', '75', 20160, 0)
2025-06-15T06:05:43.751Z DEBUG 2697 --- [           main] o.s.jdbc.datasource.init.ScriptUtils     : 1 returned as update count for SQL: INSERT INTO perfume (id, country, description, filename, fragrance_base_notes, fragrance_middle_notes, fragrance_top_notes, perfume_gender, perfume_title, perfumer, price, type, volume, year, perfume_rating) VALUES (39, 'France', null, 'https://perfumeswebstorage.s3.eu-central-1.amazonaws.com/cbb8efd1-f55a-4db3-8511-f0b5b446533d.Creed Love in Black.jpg', 'Rose, Burgundy blackcurrant, Violet', 'Florentine iris, Clove', 'White violet', 'female', 'Love in Black', 'Creed', 89, 'Eau de parfum', '75', 20080, 0)
2025-06-15T06:05:43.751Z DEBUG 2697 --- [           main] o.s.jdbc.datasource.init.ScriptUtils     : 1 returned as update count for SQL: INSERT INTO perfume (id, country, description, filename, fragrance_base_notes, fragrance_middle_notes, fragrance_top_notes, perfume_gender, perfume_title, perfumer, price, type, volume, year, perfume_rating) VALUES (40, 'France', null, 'https://perfumeswebstorage.s3.eu-central-1.amazonaws.com/0f0acb70-dc64-474f-878a-1b214d250d94.CreedLoveinWhite.jpg', 'Ambergris, Mysore sandalwood, Vanilla', 'Florentine iris, Yellow narcissus, Magnolia', 'Orange zest', 'female', 'Love in White', 'Creed', 94, 'Eau de parfum', '75', 20050, 0)
2025-06-15T06:05:43.752Z DEBUG 2697 --- [           main] o.s.jdbc.datasource.init.ScriptUtils     : 1 returned as update count for SQL: INSERT INTO perfume (id, country, description, filename, fragrance_base_notes, fragrance_middle_notes, fragrance_top_notes, perfume_gender, perfume_title, perfumer, price, type, volume, year, perfume_rating) VALUES (41, 'France', null, 'https://perfumeswebstorage.s3.eu-central-1.amazonaws.com/0158183f-2412-4c61-a962-7c96e43c19c3.Dior Fahrenheit.jpg', 'Amber, Leather, Musk', 'Carnation, Honeysuckle, Jasmine', 'Bergamot, Camomile, Lavender, Mandarin orange', 'male', 'Fahrenheit', 'Dior', 62, 'Eau de Toilette', '100', 19880, 0)
2025-06-15T06:05:43.753Z DEBUG 2697 --- [           main] o.s.jdbc.datasource.init.ScriptUtils     : 1 returned as update count for SQL: INSERT INTO perfume (id, country, description, filename, fragrance_base_notes, fragrance_middle_notes, fragrance_top_notes, perfume_gender, perfume_title, perfumer, price, type, volume, year, perfume_rating) VALUES (42, 'France', null, 'https://perfumeswebstorage.s3.eu-central-1.amazonaws.com/27f0b3d3-2634-4e74-971a-f780c4480482.Dior Homme.jpg', 'Virginia cedar', 'Ecuadorian ambrette seed', 'Florentine iris absolute', 'male', 'Homme', 'Dior', 90, 'Eau de parfum', '100', 20070, 0)
2025-06-15T06:05:43.753Z DEBUG 2697 --- [           main] o.s.jdbc.datasource.init.ScriptUtils     : 1 returned as update count for SQL: INSERT INTO perfume (id, country, description, filename, fragrance_base_notes, fragrance_middle_notes, fragrance_top_notes, perfume_gender, perfume_title, perfumer, price, type, volume, year, perfume_rating) VALUES (43, 'France', null, 'https://perfumeswebstorage.s3.eu-central-1.amazonaws.com/03e65b3b-7b1f-400c-9bb8-a8956bdaa4be.Dior Sauvage.jpg', 'Ambroxan', 'Bergamot', 'Sichuan Pepper', 'male', 'Sauvage', 'Dior', 62, 'Eau de Toilette', '100', 20150, 0)
2025-06-15T06:05:43.754Z DEBUG 2697 --- [           main] o.s.jdbc.datasource.init.ScriptUtils     : 1 returned as update count for SQL: INSERT INTO perfume (id, country, description, filename, fragrance_base_notes, fragrance_middle_notes, fragrance_top_notes, perfume_gender, perfume_title, perfumer, price, type, volume, year, perfume_rating) VALUES (44, 'France', null, 'https://perfumeswebstorage.s3.eu-central-1.amazonaws.com/94c85cfd-f090-4d49-b2e9-dcff34eec8c1.Dior Jadore.jpg', 'Vanilla, Cedar, Musk', 'Lily of the valley, Rose, Violet', 'Bergamot, Pear, Melon, Peach', 'female', 'Jadore', 'Dior', 81, 'Eau de parfum', '100', 19990, 0)
2025-06-15T06:05:43.754Z DEBUG 2697 --- [           main] o.s.jdbc.datasource.init.ScriptUtils     : 1 returned as update count for SQL: INSERT INTO perfume (id, country, description, filename, fragrance_base_notes, fragrance_middle_notes, fragrance_top_notes, perfume_gender, perfume_title, perfumer, price, type, volume, year, perfume_rating) VALUES (45, 'France', null, 'https://perfumeswebstorage.s3.eu-central-1.amazonaws.com/85f8de21-24d5-473b-8d63-6ba6c2d4d25e.Dior Miss Dior.jpg', 'Ambergris, Musk, Patchouli', 'Jasmine, Caramel, Popcorn', 'Pineapple, Cherry, Mandarin orange', 'female', 'Miss Dior', 'Dior', 90, 'Eau de parfum', '100', 20110, 0)
2025-06-15T06:05:43.755Z DEBUG 2697 --- [           main] o.s.jdbc.datasource.init.ScriptUtils     : 1 returned as update count for SQL: INSERT INTO perfume (id, country, description, filename, fragrance_base_notes, fragrance_middle_notes, fragrance_top_notes, perfume_gender, perfume_title, perfumer, price, type, volume, year, perfume_rating) VALUES (46, 'France', null, 'https://perfumeswebstorage.s3.eu-central-1.amazonaws.com/63534821-1eb9-4b44-afd3-61c3b8ca4a25.Dior Poison Girl.jpg', 'Venezuelan tonka bean', 'Grasse rose', 'Bitter orange', 'female', 'Poison Girl', 'Dior', 75, 'Eau de parfum', '100', 20160, 0)
2025-06-15T06:05:43.755Z DEBUG 2697 --- [           main] o.s.jdbc.datasource.init.ScriptUtils     : 1 returned as update count for SQL: INSERT INTO review (id, author, date, message, rating) VALUES (123, 'John', '2021-02-07', 'Hello world', 5)
2025-06-15T06:05:43.756Z DEBUG 2697 --- [           main] o.s.jdbc.datasource.init.ScriptUtils     : 1 returned as update count for SQL: INSERT INTO review (id, author, date, message, rating) VALUES (124, 'John2', '2021-02-07', 'Hello world2', 4)
2025-06-15T06:05:43.756Z DEBUG 2697 --- [           main] o.s.jdbc.datasource.init.ScriptUtils     : 1 returned as update count for SQL: INSERT INTO perfume_reviews (perfume_id, reviews_id) VALUES (2, 123)
2025-06-15T06:05:43.757Z DEBUG 2697 --- [           main] o.s.jdbc.datasource.init.ScriptUtils     : 1 returned as update count for SQL: INSERT INTO perfume_reviews (perfume_id, reviews_id) VALUES (2, 124)
2025-06-15T06:05:43.757Z DEBUG 2697 --- [           main] o.s.jdbc.datasource.init.ScriptUtils     : Executed SQL script from class path resource [sql/create-perfumes-before.sql] in 18 ms.
2025-06-15T06:05:43.757Z DEBUG 2697 --- [           main] o.s.jdbc.datasource.init.ScriptUtils     : Executing SQL script from class path resource [sql/create-orders-before.sql]
2025-06-15T06:05:43.758Z DEBUG 2697 --- [           main] o.s.jdbc.datasource.init.ScriptUtils     : 1 returned as update count for SQL: INSERT INTO orders (id, address, city, date, email, first_name, last_name, phone_number, post_index, total_price) VALUES (111, 'Wall Street 1', 'New York', '2021-02-06', 'test123@test.com', 'John', 'Doe', '1234567890', 1234567890, 56)
2025-06-15T06:05:43.758Z DEBUG 2697 --- [           main] o.s.jdbc.datasource.init.ScriptUtils     : 1 returned as update count for SQL: INSERT INTO order_item (id, amount, quantity, perfume_id) VALUES (111, 35, 1, 2)
2025-06-15T06:05:43.759Z DEBUG 2697 --- [           main] o.s.jdbc.datasource.init.ScriptUtils     : 1 returned as update count for SQL: INSERT INTO order_item (id, amount, quantity, perfume_id) VALUES (222, 21, 1, 4)
2025-06-15T06:05:43.759Z DEBUG 2697 --- [           main] o.s.jdbc.datasource.init.ScriptUtils     : 1 returned as update count for SQL: INSERT INTO orders_order_items (order_id, order_items_id) VALUES (111, 111)
2025-06-15T06:05:43.760Z DEBUG 2697 --- [           main] o.s.jdbc.datasource.init.ScriptUtils     : 1 returned as update count for SQL: INSERT INTO orders_order_items (order_id, order_items_id) VALUES (111, 222)
2025-06-15T06:05:43.760Z DEBUG 2697 --- [           main] o.s.jdbc.datasource.init.ScriptUtils     : Executed SQL script from class path resource [sql/create-orders-before.sql] in 3 ms.
2025-06-15T06:05:43.760Z DEBUG 2697 --- [           main] o.s.orm.jpa.JpaTransactionManager        : Initiating transaction commit
2025-06-15T06:05:43.760Z DEBUG 2697 --- [           main] o.s.orm.jpa.JpaTransactionManager        : Committing JPA transaction on EntityManager [SessionImpl(1560205780<open>)]
2025-06-15T06:05:43.761Z DEBUG 2697 --- [           main] o.s.orm.jpa.JpaTransactionManager        : Closing JPA EntityManager [SessionImpl(1560205780<open>)] after transaction
2025-06-15T06:05:43.761Z DEBUG 2697 --- [           main] org.springframework.test.context.cache   : Spring test ApplicationContext cache statistics: [DefaultContextCache@7c357b9 size = 2, maxSize = 32, parentContextCount = 0, hitCount = 1298, missCount = 2, failureCount = 0]
2025-06-15T06:05:43.762Z DEBUG 2697 --- [           main] org.springframework.test.context.cache   : Spring test ApplicationContext cache statistics: [DefaultContextCache@7c357b9 size = 2, maxSize = 32, parentContextCount = 0, hitCount = 1299, missCount = 2, failureCount = 0]
2025-06-15T06:05:43.765Z DEBUG 2697 --- [           main] org.springframework.test.context.cache   : Spring test ApplicationContext cache statistics: [DefaultContextCache@7c357b9 size = 2, maxSize = 32, parentContextCount = 0, hitCount = 1300, missCount = 2, failureCount = 0]
2025-06-15T06:05:43.769Z DEBUG 2697 --- [           main] org.springframework.test.context.cache   : Spring test ApplicationContext cache statistics: [DefaultContextCache@7c357b9 size = 2, maxSize = 32, parentContextCount = 0, hitCount = 1301, missCount = 2, failureCount = 0]
2025-06-15T06:05:43.776Z DEBUG 2697 --- [           main] o.s.test.util.ReflectionTestUtils        : Invoking method 'getFilters' on target object [FilterChainProxy[Filter Chains: null]] or target class [null] with arguments {org.springframework.mock.web.MockHttpServletRequest@3d8c38d1}
2025-06-15T06:05:43.776Z DEBUG 2697 --- [           main] o.s.test.util.ReflectionTestUtils        : Getting field 'tokenRepository' from target object [org.springframework.security.web.csrf.CsrfFilter@66dc4a2b] or target class [class org.springframework.security.web.csrf.CsrfFilter]
2025-06-15T06:05:43.776Z DEBUG 2697 --- [           main] o.s.test.util.ReflectionTestUtils        : Invoking method 'getFilters' on target object [FilterChainProxy[Filter Chains: null]] or target class [null] with arguments {org.springframework.mock.web.MockHttpServletRequest@3d8c38d1}
2025-06-15T06:05:43.776Z DEBUG 2697 --- [           main] o.s.test.util.ReflectionTestUtils        : Getting field 'requestHandler' from target object [org.springframework.security.web.csrf.CsrfFilter@66dc4a2b] or target class [class org.springframework.security.web.csrf.CsrfFilter]
2025-06-15T06:05:43.777Z DEBUG 2697 --- [           main] o.s.security.web.FilterChainProxy        : Securing POST /api/v1/order
2025-06-15T06:05:43.778Z DEBUG 2697 --- [           main] o.s.s.w.a.AnonymousAuthenticationFilter  : Set SecurityContextHolder to anonymous SecurityContext
2025-06-15T06:05:43.779Z DEBUG 2697 --- [           main] o.s.security.web.FilterChainProxy        : Secured POST /api/v1/order
2025-06-15T06:05:43.779Z DEBUG 2697 --- [           main] o.s.t.web.servlet.TestDispatcherServlet  : POST "/api/v1/order", parameters={masked}
2025-06-15T06:05:43.779Z DEBUG 2697 --- [           main] s.w.s.m.m.a.RequestMappingHandlerMapping : Mapped to com.gmail.merikbest2015.ecommerce.controller.OrderController#postOrder(OrderRequest, BindingResult)
2025-06-15T06:05:43.779Z DEBUG 2697 --- [           main] o.j.s.OpenEntityManagerInViewInterceptor : Opening JPA EntityManager in OpenEntityManagerInViewInterceptor
2025-06-15T06:05:43.784Z DEBUG 2697 --- [           main] m.m.a.RequestResponseBodyMethodProcessor : Read "application/json;charset=UTF-8" to [OrderRequest(totalPrice=null, perfumesId=null, firstName=null, lastName=null, city=null, address=nul (truncated)...]
2025-06-15T06:05:43.804Z  INFO 2697 --- [           main] c.g.m.e.controller.OrderController       : Posting new order
2025-06-15T06:05:43.804Z DEBUG 2697 --- [           main] .m.m.a.ExceptionHandlerExceptionResolver : Using @ExceptionHandler com.gmail.merikbest2015.ecommerce.exception.ApiExceptionHandler#handleInputFieldException(InputFieldException)
2025-06-15T06:05:43.805Z DEBUG 2697 --- [           main] o.s.w.s.m.m.a.HttpEntityMethodProcessor  : Using 'application/json', given [*/*] and supported [application/json, application/*+json, application/yaml]
2025-06-15T06:05:43.805Z DEBUG 2697 --- [           main] o.s.w.s.m.m.a.HttpEntityMethodProcessor  : Writing [{firstNameError=Fill in the input field, addressError=Fill in the input field, emailError=Email cann (truncated)...]
2025-06-15T06:05:43.806Z DEBUG 2697 --- [           main] .m.m.a.ExceptionHandlerExceptionResolver : Resolved [com.gmail.merikbest2015.ecommerce.exception.InputFieldException]
2025-06-15T06:05:43.806Z DEBUG 2697 --- [           main] o.j.s.OpenEntityManagerInViewInterceptor : Closing JPA EntityManager in OpenEntityManagerInViewInterceptor
2025-06-15T06:05:43.806Z DEBUG 2697 --- [           main] o.s.t.web.servlet.TestDispatcherServlet  : Completed 400 BAD_REQUEST
2025-06-15T06:05:43.809Z DEBUG 2697 --- [           main] org.springframework.test.context.cache   : Spring test ApplicationContext cache statistics: [DefaultContextCache@7c357b9 size = 2, maxSize = 32, parentContextCount = 0, hitCount = 1302, missCount = 2, failureCount = 0]
2025-06-15T06:05:43.809Z DEBUG 2697 --- [           main] org.springframework.test.context.cache   : Spring test ApplicationContext cache statistics: [DefaultContextCache@7c357b9 size = 2, maxSize = 32, parentContextCount = 0, hitCount = 1303, missCount = 2, failureCount = 0]
2025-06-15T06:05:43.811Z DEBUG 2697 --- [           main] org.springframework.test.context.cache   : Spring test ApplicationContext cache statistics: [DefaultContextCache@7c357b9 size = 2, maxSize = 32, parentContextCount = 0, hitCount = 1304, missCount = 2, failureCount = 0]
2025-06-15T06:05:43.812Z DEBUG 2697 --- [           main] org.springframework.test.context.cache   : Spring test ApplicationContext cache statistics: [DefaultContextCache@7c357b9 size = 2, maxSize = 32, parentContextCount = 0, hitCount = 1305, missCount = 2, failureCount = 0]
2025-06-15T06:05:43.812Z DEBUG 2697 --- [           main] org.springframework.test.context.cache   : Spring test ApplicationContext cache statistics: [DefaultContextCache@7c357b9 size = 2, maxSize = 32, parentContextCount = 0, hitCount = 1306, missCount = 2, failureCount = 0]
2025-06-15T06:05:43.813Z DEBUG 2697 --- [           main] org.springframework.test.context.cache   : Spring test ApplicationContext cache statistics: [DefaultContextCache@7c357b9 size = 2, maxSize = 32, parentContextCount = 0, hitCount = 1307, missCount = 2, failureCount = 0]
2025-06-15T06:05:43.815Z DEBUG 2697 --- [           main] org.springframework.test.context.cache   : Spring test ApplicationContext cache statistics: [DefaultContextCache@7c357b9 size = 2, maxSize = 32, parentContextCount = 0, hitCount = 1308, missCount = 2, failureCount = 0]
[...]
2025-06-15T06:05:44.099Z DEBUG 2697 --- [           main] o.s.jdbc.datasource.init.ScriptUtils     : 1 returned as update count for SQL: INSERT INTO perfume (id, country, description, filename, fragrance_base_notes, fragrance_middle_notes, fragrance_top_notes, perfume_gender, perfume_title, perfumer, price, type, volume, year, perfume_rating) VALUES (41, 'France', null, 'https://perfumeswebstorage.s3.eu-central-1.amazonaws.com/0158183f-2412-4c61-a962-7c96e43c19c3.Dior Fahrenheit.jpg', 'Amber, Leather, Musk', 'Carnation, Honeysuckle, Jasmine', 'Bergamot, Camomile, Lavender, Mandarin orange', 'male', 'Fahrenheit', 'Dior', 62, 'Eau de Toilette', '100', 19880, 0)
2025-06-15T06:05:44.099Z DEBUG 2697 --- [           main] o.s.jdbc.datasource.init.ScriptUtils     : 1 returned as update count for SQL: INSERT INTO perfume (id, country, description, filename, fragrance_base_notes, fragrance_middle_notes, fragrance_top_notes, perfume_gender, perfume_title, perfumer, price, type, volume, year, perfume_rating) VALUES (42, 'France', null, 'https://perfumeswebstorage.s3.eu-central-1.amazonaws.com/27f0b3d3-2634-4e74-971a-f780c4480482.Dior Homme.jpg', 'Virginia cedar', 'Ecuadorian ambrette seed', 'Florentine iris absolute', 'male', 'Homme', 'Dior', 90, 'Eau de parfum', '100', 20070, 0)
2025-06-15T06:05:44.100Z DEBUG 2697 --- [           main] o.s.jdbc.datasource.init.ScriptUtils     : 1 returned as update count for SQL: INSERT INTO perfume (id, country, description, filename, fragrance_base_notes, fragrance_middle_notes, fragrance_top_notes, perfume_gender, perfume_title, perfumer, price, type, volume, year, perfume_rating) VALUES (43, 'France', null, 'https://perfumeswebstorage.s3.eu-central-1.amazonaws.com/03e65b3b-7b1f-400c-9bb8-a8956bdaa4be.Dior Sauvage.jpg', 'Ambroxan', 'Bergamot', 'Sichuan Pepper', 'male', 'Sauvage', 'Dior', 62, 'Eau de Toilette', '100', 20150, 0)
2025-06-15T06:05:44.100Z DEBUG 2697 --- [           main] o.s.jdbc.datasource.init.ScriptUtils     : 1 returned as update count for SQL: INSERT INTO perfume (id, country, description, filename, fragrance_base_notes, fragrance_middle_notes, fragrance_top_notes, perfume_gender, perfume_title, perfumer, price, type, volume, year, perfume_rating) VALUES (44, 'France', null, 'https://perfumeswebstorage.s3.eu-central-1.amazonaws.com/94c85cfd-f090-4d49-b2e9-dcff34eec8c1.Dior Jadore.jpg', 'Vanilla, Cedar, Musk', 'Lily of the valley, Rose, Violet', 'Bergamot, Pear, Melon, Peach', 'female', 'Jadore', 'Dior', 81, 'Eau de parfum', '100', 19990, 0)
2025-06-15T06:05:44.101Z DEBUG 2697 --- [           main] o.s.jdbc.datasource.init.ScriptUtils     : 1 returned as update count for SQL: INSERT INTO perfume (id, country, description, filename, fragrance_base_notes, fragrance_middle_notes, fragrance_top_notes, perfume_gender, perfume_title, perfumer, price, type, volume, year, perfume_rating) VALUES (45, 'France', null, 'https://perfumeswebstorage.s3.eu-central-1.amazonaws.com/85f8de21-24d5-473b-8d63-6ba6c2d4d25e.Dior Miss Dior.jpg', 'Ambergris, Musk, Patchouli', 'Jasmine, Caramel, Popcorn', 'Pineapple, Cherry, Mandarin orange', 'female', 'Miss Dior', 'Dior', 90, 'Eau de parfum', '100', 20110, 0)
2025-06-15T06:05:44.101Z DEBUG 2697 --- [           main] o.s.jdbc.datasource.init.ScriptUtils     : 1 returned as update count for SQL: INSERT INTO perfume (id, country, description, filename, fragrance_base_notes, fragrance_middle_notes, fragrance_top_notes, perfume_gender, perfume_title, perfumer, price, type, volume, year, perfume_rating) VALUES (46, 'France', null, 'https://perfumeswebstorage.s3.eu-central-1.amazonaws.com/63534821-1eb9-4b44-afd3-61c3b8ca4a25.Dior Poison Girl.jpg', 'Venezuelan tonka bean', 'Grasse rose', 'Bitter orange', 'female', 'Poison Girl', 'Dior', 75, 'Eau de parfum', '100', 20160, 0)
2025-06-15T06:05:44.102Z DEBUG 2697 --- [           main] o.s.jdbc.datasource.init.ScriptUtils     : 1 returned as update count for SQL: INSERT INTO review (id, author, date, message, rating) VALUES (123, 'John', '2021-02-07', 'Hello world', 5)
2025-06-15T06:05:44.102Z DEBUG 2697 --- [           main] o.s.jdbc.datasource.init.ScriptUtils     : 1 returned as update count for SQL: INSERT INTO review (id, author, date, message, rating) VALUES (124, 'John2', '2021-02-07', 'Hello world2', 4)
2025-06-15T06:05:44.102Z DEBUG 2697 --- [           main] o.s.jdbc.datasource.init.ScriptUtils     : 1 returned as update count for SQL: INSERT INTO perfume_reviews (perfume_id, reviews_id) VALUES (2, 123)
2025-06-15T06:05:44.103Z DEBUG 2697 --- [           main] o.s.jdbc.datasource.init.ScriptUtils     : 1 returned as update count for SQL: INSERT INTO perfume_reviews (perfume_id, reviews_id) VALUES (2, 124)
2025-06-15T06:05:44.103Z DEBUG 2697 --- [           main] o.s.jdbc.datasource.init.ScriptUtils     : Executed SQL script from class path resource [sql/create-perfumes-before.sql] in 17 ms.
2025-06-15T06:05:44.103Z DEBUG 2697 --- [           main] o.s.jdbc.datasource.init.ScriptUtils     : Executing SQL script from class path resource [sql/create-orders-before.sql]
2025-06-15T06:05:44.104Z DEBUG 2697 --- [           main] o.s.jdbc.datasource.init.ScriptUtils     : 1 returned as update count for SQL: INSERT INTO orders (id, address, city, date, email, first_name, last_name, phone_number, post_index, total_price) VALUES (111, 'Wall Street 1', 'New York', '2021-02-06', 'test123@test.com', 'John', 'Doe', '1234567890', 1234567890, 56)
2025-06-15T06:05:44.104Z DEBUG 2697 --- [           main] o.s.jdbc.datasource.init.ScriptUtils     : 1 returned as update count for SQL: INSERT INTO order_item (id, amount, quantity, perfume_id) VALUES (111, 35, 1, 2)
2025-06-15T06:05:44.105Z DEBUG 2697 --- [           main] o.s.jdbc.datasource.init.ScriptUtils     : 1 returned as update count for SQL: INSERT INTO order_item (id, amount, quantity, perfume_id) VALUES (222, 21, 1, 4)
2025-06-15T06:05:44.105Z DEBUG 2697 --- [           main] o.s.jdbc.datasource.init.ScriptUtils     : 1 returned as update count for SQL: INSERT INTO orders_order_items (order_id, order_items_id) VALUES (111, 111)
2025-06-15T06:05:44.105Z DEBUG 2697 --- [           main] o.s.jdbc.datasource.init.ScriptUtils     : 1 returned as update count for SQL: INSERT INTO orders_order_items (order_id, order_items_id) VALUES (111, 222)
2025-06-15T06:05:44.105Z DEBUG 2697 --- [           main] o.s.jdbc.datasource.init.ScriptUtils     : Executed SQL script from class path resource [sql/create-orders-before.sql] in 2 ms.
2025-06-15T06:05:44.106Z DEBUG 2697 --- [           main] o.s.orm.jpa.JpaTransactionManager        : Initiating transaction commit
2025-06-15T06:05:44.106Z DEBUG 2697 --- [           main] o.s.orm.jpa.JpaTransactionManager        : Committing JPA transaction on EntityManager [SessionImpl(2053409217<open>)]
2025-06-15T06:05:44.106Z DEBUG 2697 --- [           main] o.s.orm.jpa.JpaTransactionManager        : Closing JPA EntityManager [SessionImpl(2053409217<open>)] after transaction
2025-06-15T06:05:44.107Z DEBUG 2697 --- [           main] org.springframework.test.context.cache   : Spring test ApplicationContext cache statistics: [DefaultContextCache@7c357b9 size = 2, maxSize = 32, parentContextCount = 0, hitCount = 1390, missCount = 2, failureCount = 0]
2025-06-15T06:05:44.107Z DEBUG 2697 --- [           main] org.springframework.test.context.cache   : Spring test ApplicationContext cache statistics: [DefaultContextCache@7c357b9 size = 2, maxSize = 32, parentContextCount = 0, hitCount = 1391, missCount = 2, failureCount = 0]
2025-06-15T06:05:44.111Z DEBUG 2697 --- [           main] org.springframework.test.context.cache   : Spring test ApplicationContext cache statistics: [DefaultContextCache@7c357b9 size = 2, maxSize = 32, parentContextCount = 0, hitCount = 1392, missCount = 2, failureCount = 0]
2025-06-15T06:05:44.114Z DEBUG 2697 --- [           main] org.springframework.test.context.cache   : Spring test ApplicationContext cache statistics: [DefaultContextCache@7c357b9 size = 2, maxSize = 32, parentContextCount = 0, hitCount = 1393, missCount = 2, failureCount = 0]
2025-06-15T06:05:44.116Z DEBUG 2697 --- [           main] o.s.security.web.FilterChainProxy        : Securing GET /api/v1/order/1111
2025-06-15T06:05:44.117Z DEBUG 2697 --- [           main] o.s.s.w.a.AnonymousAuthenticationFilter  : Set SecurityContextHolder to anonymous SecurityContext
2025-06-15T06:05:44.117Z DEBUG 2697 --- [           main] o.s.security.web.FilterChainProxy        : Secured GET /api/v1/order/1111
2025-06-15T06:05:44.118Z DEBUG 2697 --- [           main] o.s.t.web.servlet.TestDispatcherServlet  : GET "/api/v1/order/1111", parameters={}
2025-06-15T06:05:44.118Z DEBUG 2697 --- [           main] s.w.s.m.m.a.RequestMappingHandlerMapping : Mapped to com.gmail.merikbest2015.ecommerce.controller.OrderController#getOrderById(Long)
2025-06-15T06:05:44.119Z DEBUG 2697 --- [           main] o.j.s.OpenEntityManagerInViewInterceptor : Opening JPA EntityManager in OpenEntityManagerInViewInterceptor
2025-06-15T06:05:44.119Z  INFO 2697 --- [           main] c.g.m.e.controller.OrderController       : Fetching order by ID: 1111
2025-06-15T06:05:44.119Z  INFO 2697 --- [           main] c.g.m.e.service.Impl.OrderServiceImpl    : Fetching order with id 1111
2025-06-15T06:05:44.120Z DEBUG 2697 --- [           main] o.s.orm.jpa.JpaTransactionManager        : Found thread-bound EntityManager [SessionImpl(1730761589<open>)] for JPA transaction
2025-06-15T06:05:44.120Z DEBUG 2697 --- [           main] o.s.orm.jpa.JpaTransactionManager        : Creating new transaction with name [org.springframework.data.jpa.repository.support.SimpleJpaRepository.findById]: PROPAGATION_REQUIRED,ISOLATION_DEFAULT,readOnly
2025-06-15T06:05:44.120Z DEBUG 2697 --- [           main] o.s.jdbc.datasource.DataSourceUtils      : Setting JDBC Connection [HikariProxyConnection@81398329 wrapping org.postgresql.jdbc.PgConnection@1e69a9c6] read-only
2025-06-15T06:05:44.120Z DEBUG 2697 --- [           main] o.s.orm.jpa.JpaTransactionManager        : Exposing JPA transaction as JDBC [org.springframework.orm.jpa.vendor.HibernateJpaDialect$HibernateConnectionHandle@51ec17fb]
2025-06-15T06:05:44.123Z DEBUG 2697 --- [           main] o.s.orm.jpa.JpaTransactionManager        : Initiating transaction commit
2025-06-15T06:05:44.123Z DEBUG 2697 --- [           main] o.s.orm.jpa.JpaTransactionManager        : Committing JPA transaction on EntityManager [SessionImpl(1730761589<open>)]
2025-06-15T06:05:44.123Z DEBUG 2697 --- [           main] o.s.jdbc.datasource.DataSourceUtils      : Resetting read-only flag of JDBC Connection [HikariProxyConnection@81398329 wrapping org.postgresql.jdbc.PgConnection@1e69a9c6]
2025-06-15T06:05:44.123Z DEBUG 2697 --- [           main] o.s.orm.jpa.JpaTransactionManager        : Not closing pre-bound JPA EntityManager after transaction
2025-06-15T06:05:44.123Z  WARN 2697 --- [           main] c.g.m.e.service.Impl.OrderServiceImpl    : Order not found with id 1111
2025-06-15T06:05:44.124Z DEBUG 2697 --- [           main] .m.m.a.ExceptionHandlerExceptionResolver : Using @ExceptionHandler com.gmail.merikbest2015.ecommerce.exception.ApiExceptionHandler#handleApiRequestException(ApiRequestException)
2025-06-15T06:05:44.125Z DEBUG 2697 --- [           main] o.s.w.s.m.m.a.HttpEntityMethodProcessor  : Using 'text/plain', given [*/*] and supported [text/plain, */*, application/json, application/*+json, application/yaml]
2025-06-15T06:05:44.125Z DEBUG 2697 --- [           main] o.s.w.s.m.m.a.HttpEntityMethodProcessor  : Writing ["Order not found."]
2025-06-15T06:05:44.126Z DEBUG 2697 --- [           main] .m.m.a.ExceptionHandlerExceptionResolver : Resolved [com.gmail.merikbest2015.ecommerce.exception.ApiRequestException: Order not found.]
2025-06-15T06:05:44.126Z DEBUG 2697 --- [           main] o.j.s.OpenEntityManagerInViewInterceptor : Closing JPA EntityManager in OpenEntityManagerInViewInterceptor
2025-06-15T06:05:44.126Z DEBUG 2697 --- [           main] o.s.t.web.servlet.TestDispatcherServlet  : Completed 404 NOT_FOUND
2025-06-15T06:05:44.129Z DEBUG 2697 --- [           main] org.springframework.test.context.cache   : Spring test ApplicationContext cache statistics: [DefaultContextCache@7c357b9 size = 2, maxSize = 32, parentContextCount = 0, hitCount = 1394, missCount = 2, failureCount = 0]
2025-06-15T06:05:44.129Z DEBUG 2697 --- [           main] org.springframework.test.context.cache   : Spring test ApplicationContext cache statistics: [DefaultContextCache@7c357b9 size = 2, maxSize = 32, parentContextCount = 0, hitCount = 1395, missCount = 2, failureCount = 0]
2025-06-15T06:05:44.134Z DEBUG 2697 --- [           main] org.springframework.test.context.cache   : Spring test ApplicationContext cache statistics: [DefaultContextCache@7c357b9 size = 2, maxSize = 32, parentContextCount = 0, hitCount = 1396, missCount = 2, failureCount = 0]
2025-06-15T06:05:44.134Z DEBUG 2697 --- [           main] org.springframework.test.context.cache   : Spring test ApplicationContext cache statistics: [DefaultContextCache@7c357b9 size = 2, maxSize = 32, parentContextCount = 0, hitCount = 1397, missCount = 2, failureCount = 0]
2025-06-15T06:05:44.134Z DEBUG 2697 --- [           main] org.springframework.test.context.cache   : Spring test ApplicationContext cache statistics: [DefaultContextCache@7c357b9 size = 2, maxSize = 32, parentContextCount = 0, hitCount = 1398, missCount = 2, failureCount = 0]
2025-06-15T06:05:44.135Z DEBUG 2697 --- [           main] org.springframework.test.context.cache   : Spring test ApplicationContext cache statistics: [DefaultContextCache@7c357b9 size = 2, maxSize = 32, parentContextCount = 0, hitCount = 1399, missCount = 2, failureCount = 0]
2025-06-15T06:05:44.138Z DEBUG 2697 --- [           main] org.springframework.test.context.cache   : Spring test ApplicationContext cache statistics: [DefaultContextCache@7c357b9 size = 2, maxSize = 32, parentContextCount = 0, hitCount = 1400, missCount = 2, failureCount = 0]
2025-06-15T06:05:44.138Z DEBUG 2697 --- [           main] org.springframework.test.context.cache   : Spring test ApplicationContext cache statistics: [DefaultContextCache@7c357b9 size = 2, maxSize = 32, parentContextCount = 0, hitCount = 1401, missCount = 2, failureCount = 0]
2025-06-15T06:05:44.138Z DEBUG 2697 --- [           main] .s.t.c.j.SqlScriptsTestExecutionListener : Processing merged @SqlConfig attributes for execution phase [AFTER_TEST_METHOD] and test class [com.gmail.merikbest2015.ecommerce.controller.OrderControllerTest]
2025-06-15T06:05:44.138Z DEBUG 2697 --- [           main] org.springframework.test.context.cache   : Spring test ApplicationContext cache statistics: [DefaultContextCache@7c357b9 size = 2, maxSize = 32, parentContextCount = 0, hitCount = 1402, missCount = 2, failureCount = 0]
2025-06-15T06:05:44.138Z DEBUG 2697 --- [           main] .s.t.c.j.SqlScriptsTestExecutionListener : Executing SQL scripts: [class path resource [sql/create-orders-after.sql], class path resource [sql/create-perfumes-after.sql], class path resource [sql/create-user-after.sql]]
2025-06-15T06:05:44.139Z DEBUG 2697 --- [           main] org.springframework.test.context.cache   : Spring test ApplicationContext cache statistics: [DefaultContextCache@7c357b9 size = 2, maxSize = 32, parentContextCount = 0, hitCount = 1403, missCount = 2, failureCount = 0]
2025-06-15T06:05:44.139Z DEBUG 2697 --- [           main] org.springframework.test.context.cache   : Spring test ApplicationContext cache statistics: [DefaultContextCache@7c357b9 size = 2, maxSize = 32, parentContextCount = 0, hitCount = 1404, missCount = 2, failureCount = 0]
2025-06-15T06:05:44.139Z DEBUG 2697 --- [           main] o.s.orm.jpa.JpaTransactionManager        : Creating new transaction with name [com.gmail.merikbest2015.ecommerce.controller.OrderControllerTest]: PROPAGATION_REQUIRED,ISOLATION_DEFAULT
2025-06-15T06:05:44.139Z DEBUG 2697 --- [           main] o.s.orm.jpa.JpaTransactionManager        : Opened new EntityManager [SessionImpl(405350364<open>)] for JPA transaction
2025-06-15T06:05:44.139Z DEBUG 2697 --- [           main] o.s.orm.jpa.JpaTransactionManager        : Exposing JPA transaction as JDBC [org.springframework.orm.jpa.vendor.HibernateJpaDialect$HibernateConnectionHandle@7262a7e7]
2025-06-15T06:05:44.139Z DEBUG 2697 --- [           main] o.s.jdbc.datasource.init.ScriptUtils     : Executing SQL script from class path resource [sql/create-orders-after.sql]
2025-06-15T06:05:44.140Z DEBUG 2697 --- [           main] o.s.jdbc.datasource.init.ScriptUtils     : 2 returned as update count for SQL: delete from orders_order_items
2025-06-15T06:05:44.140Z DEBUG 2697 --- [           main] o.s.jdbc.datasource.init.ScriptUtils     : 2 returned as update count for SQL: delete from order_item
2025-06-15T06:05:44.141Z DEBUG 2697 --- [           main] o.s.jdbc.datasource.init.ScriptUtils     : 1 returned as update count for SQL: delete from orders
2025-06-15T06:05:44.141Z DEBUG 2697 --- [           main] o.s.jdbc.datasource.init.ScriptUtils     : Executed SQL script from class path resource [sql/create-orders-after.sql] in 2 ms.
2025-06-15T06:05:44.141Z DEBUG 2697 --- [           main] o.s.jdbc.datasource.init.ScriptUtils     : Executing SQL script from class path resource [sql/create-perfumes-after.sql]
2025-06-15T06:05:44.141Z DEBUG 2697 --- [           main] o.s.jdbc.datasource.init.ScriptUtils     : 2 returned as update count for SQL: delete from perfume_reviews
2025-06-15T06:05:44.142Z DEBUG 2697 --- [           main] o.s.jdbc.datasource.init.ScriptUtils     : 2 returned as update count for SQL: delete from review
2025-06-15T06:05:44.143Z DEBUG 2697 --- [           main] o.s.jdbc.datasource.init.ScriptUtils     : 27 returned as update count for SQL: delete from perfume
2025-06-15T06:05:44.143Z DEBUG 2697 --- [           main] o.s.jdbc.datasource.init.ScriptUtils     : Executed SQL script from class path resource [sql/create-perfumes-after.sql] in 2 ms.
2025-06-15T06:05:44.143Z DEBUG 2697 --- [           main] o.s.jdbc.datasource.init.ScriptUtils     : Executing SQL script from class path resource [sql/create-user-after.sql]
2025-06-15T06:05:44.143Z DEBUG 2697 --- [           main] o.s.jdbc.datasource.init.ScriptUtils     : 3 returned as update count for SQL: delete from user_role
2025-06-15T06:05:44.144Z DEBUG 2697 --- [           main] o.s.jdbc.datasource.init.ScriptUtils     : 3 returned as update count for SQL: delete from users
2025-06-15T06:05:44.144Z DEBUG 2697 --- [           main] o.s.jdbc.datasource.init.ScriptUtils     : Executed SQL script from class path resource [sql/create-user-after.sql] in 1 ms.
2025-06-15T06:05:44.144Z DEBUG 2697 --- [           main] o.s.orm.jpa.JpaTransactionManager        : Initiating transaction commit
2025-06-15T06:05:44.144Z DEBUG 2697 --- [           main] o.s.orm.jpa.JpaTransactionManager        : Committing JPA transaction on EntityManager [SessionImpl(405350364<open>)]
2025-06-15T06:05:44.144Z DEBUG 2697 --- [           main] o.s.orm.jpa.JpaTransactionManager        : Closing JPA EntityManager [SessionImpl(405350364<open>)] after transaction
2025-06-15T06:05:44.145Z DEBUG 2697 --- [           main] .c.s.DirtiesContextTestExecutionListener : After test method: class [OrderControllerTest], method [getOrderById_ShouldNotFound], class annotated with @DirtiesContext [false] with mode [null], method annotated with @DirtiesContext [false] with mode [null]
2025-06-15T06:05:44.145Z DEBUG 2697 --- [           main] ObservationRegistryTestExecutionListener : Restoring ObservationRegistry in ObservationThreadLocalAccessor for test class com.gmail.merikbest2015.ecommerce.controller.OrderControllerTest
2025-06-15T06:05:44.145Z DEBUG 2697 --- [           main] o.s.t.c.w.ServletTestExecutionListener   : Resetting RequestContextHolder for test class com.gmail.merikbest2015.ecommerce.controller.OrderControllerTest
]]></system-out>
  </testcase>
</testsuite>