<?xml version="1.0" encoding="UTF-8"?>
<testsuite xmlns:xsi="http://www.w3.org/2001/XMLSchema-instance" xsi:noNamespaceSchemaLocation="https://maven.apache.org/surefire/maven-failsafe-plugin/xsd/failsafe-test-report-3.0.xsd" version="3.0" name="com.gmail.merikbest2015.ecommerce.mapper.UserMapperTest" time="6.95" tests="4" errors="0" skipped="0" failures="0">
  <properties>
[...]
</properties>
  <testcase name="convertReviewToEntity" classname="com.gmail.merikbest2015.ecommerce.mapper.UserMapperTest" time="0.025">
    <system-out><![CDATA[2025-06-17T16:57:18.097Z DEBUG 2698 --- [           main] .b.t.c.SpringBootTestContextBootstrapper : Neither @ContextConfiguration nor @ContextHierarchy found for test class [UserMapperTest]: using SpringBootContextLoader
2025-06-17T16:57:18.099Z DEBUG 2698 --- [           main] o.s.t.c.support.AbstractContextLoader    : Could not detect default resource locations for test class [com.gmail.merikbest2015.ecommerce.mapper.UserMapperTest]: no resource found for suffixes {-context.xml, Context.groovy}.
2025-06-17T16:57:18.099Z  INFO 2698 --- [           main] t.c.s.AnnotationConfigContextLoaderUtils : Could not detect default configuration classes for test class [com.gmail.merikbest2015.ecommerce.mapper.UserMapperTest]: UserMapperTest does not declare any static, non-private, non-final, nested classes annotated with @Configuration.
2025-06-17T16:57:18.099Z DEBUG 2698 --- [           main] .b.t.c.SpringBootTestContextBootstrapper : Using ContextCustomizerFactory implementations for test class [UserMapperTest]: [ImportsContextCustomizerFactory, ExcludeFilterContextCustomizerFactory, HttpGraphQlTesterContextCustomizerFactory, DuplicateJsonObjectContextCustomizerFactory, MockitoContextCustomizerFactory, TestRestTemplateContextCustomizerFactory, WebTestClientContextCustomizerFactory, DisableReactorResourceFactoryGlobalResourcesContextCustomizerFactory, OnFailureConditionReportContextCustomizerFactory, OverrideAutoConfigurationContextCustomizerFactory, ObservabilityContextCustomizerFactory, TypeExcludeFiltersContextCustomizerFactory, PropertyMappingContextCustomizerFactory, WebDriverContextCustomizerFactory, BeanOverrideContextCustomizerFactory, MockServerContainerContextCustomizerFactory, DynamicPropertiesContextCustomizerFactory]
2025-06-17T16:57:18.100Z DEBUG 2698 --- [           main] .b.t.c.SpringBootTestContextBootstrapper : Using ContextCustomizers for test class [UserMapperTest]: [ExcludeFilterContextCustomizer, DuplicateJsonObjectContextCustomizer, MockitoContextCustomizer, TestRestTemplateContextCustomizer, DisableReactorResourceFactoryGlobalResourcesContextCustomizerCustomizer, OnFailureConditionReportContextCustomizer, DisableObservabilityContextCustomizer, PropertyMappingContextCustomizer, WebDriverContextCustomizer, DynamicPropertiesContextCustomizer]
2025-06-17T16:57:18.127Z DEBUG 2698 --- [           main] ssPathScanningCandidateComponentProvider : Identified candidate component class: file [/home/runner/work/desofs2025_wed_nap_1/desofs2025_wed_nap_1/target/classes/com/gmail/merikbest2015/ecommerce/EcommerceApplication.class]
2025-06-17T16:57:18.127Z  INFO 2698 --- [           main] .b.t.c.SpringBootTestContextBootstrapper : Found @SpringBootConfiguration com.gmail.merikbest2015.ecommerce.EcommerceApplication for test class com.gmail.merikbest2015.ecommerce.mapper.UserMapperTest
2025-06-17T16:57:18.132Z DEBUG 2698 --- [           main] .b.t.c.SpringBootTestContextBootstrapper : Using TestExecutionListeners for test class [UserMapperTest]: [ServletTestExecutionListener, DirtiesContextBeforeModesTestExecutionListener, ApplicationEventsTestExecutionListener, MockitoTestExecutionListener, BeanOverrideTestExecutionListener, DependencyInjectionTestExecutionListener, MicrometerObservationRegistryTestExecutionListener, DirtiesContextTestExecutionListener, CommonCachesTestExecutionListener, TransactionalTestExecutionListener, SqlScriptsTestExecutionListener, EventPublishingTestExecutionListener, WithSecurityContextTestExecutionListener, ReactorContextTestExecutionListener, ResetMocksTestExecutionListener, RestDocsTestExecutionListener, MockRestServiceServerResetTestExecutionListener, MockMvcPrintOnlyOnFailureTestExecutionListener, WebDriverTestExecutionListener, MockWebServiceServerTestExecutionListener, MockitoResetTestExecutionListener]
2025-06-17T16:57:18.132Z DEBUG 2698 --- [           main] sContextBeforeModesTestExecutionListener : Before test class: class [UserMapperTest], class annotated with @DirtiesContext [false] with mode [null]
2025-06-17T16:57:18.136Z  INFO 2698 --- [           main] o.s.b.d.r.RestartApplicationListener     : Restart disabled due to context in which it is running
2025-06-17T16:57:18.195Z DEBUG 2698 --- [           main] .s.b.w.s.c.ApplicationServletEnvironment : Activating profiles []

  .   ____          _            __ _ _
 /\\ / ___'_ __ _ _(_)_ __  __ _ \ \ \ \
( ( )\___ | '_ | '_| | '_ \/ _` | \ \ \ \
 \\/  ___)| |_)| | | | | || (_| |  ) ) ) )
  '  |____| .__|_| |_|_| |_\__, | / / / /
 =========|_|==============|___/=/_/_/_/

 :: Spring Boot ::                (v3.5.0)

2025-06-17T16:57:18.207Z  INFO 2698 --- [           main] c.g.m.ecommerce.mapper.UserMapperTest    : Starting UserMapperTest using Java 17.0.15 with PID 2698 (started by runner in /home/runner/work/desofs2025_wed_nap_1/desofs2025_wed_nap_1)
2025-06-17T16:57:18.207Z  INFO 2698 --- [           main] c.g.m.ecommerce.mapper.UserMapperTest    : No active profile set, falling back to 1 default profile: "default"
2025-06-17T16:57:18.208Z DEBUG 2698 --- [           main] o.s.boot.SpringApplication               : Loading source class com.gmail.merikbest2015.ecommerce.EcommerceApplication
2025-06-17T16:57:18.211Z DEBUG 2698 --- [           main] o.s.w.c.s.GenericWebApplicationContext   : Refreshing org.springframework.web.context.support.GenericWebApplicationContext@5ba22a91
2025-06-17T16:57:18.213Z DEBUG 2698 --- [           main] o.s.b.f.s.DefaultListableBeanFactory     : Creating shared instance of singleton bean 'org.springframework.context.annotation.internalConfigurationAnnotationProcessor'
2025-06-17T16:57:18.213Z DEBUG 2698 --- [           main] o.s.b.f.s.DefaultListableBeanFactory     : Creating shared instance of singleton bean 'org.springframework.boot.autoconfigure.internalCachingMetadataReaderFactory'
2025-06-17T16:57:18.236Z DEBUG 2698 --- [           main] o.s.c.a.ClassPathBeanDefinitionScanner   : Identified candidate component class: file [/home/runner/work/desofs2025_wed_nap_1/desofs2025_wed_nap_1/target/classes/com/gmail/merikbest2015/ecommerce/aspect/ControllerAspect.class]
2025-06-17T16:57:18.237Z DEBUG 2698 --- [           main] o.s.c.a.ClassPathBeanDefinitionScanner   : Identified candidate component class: file [/home/runner/work/desofs2025_wed_nap_1/desofs2025_wed_nap_1/target/classes/com/gmail/merikbest2015/ecommerce/configuration/ApplicationConfiguration.class]
2025-06-17T16:57:18.238Z DEBUG 2698 --- [           main] o.s.c.a.ClassPathBeanDefinitionScanner   : Identified candidate component class: file [/home/runner/work/desofs2025_wed_nap_1/desofs2025_wed_nap_1/target/classes/com/gmail/merikbest2015/ecommerce/configuration/EmailConfiguration.class]
2025-06-17T16:57:18.238Z DEBUG 2698 --- [           main] o.s.c.a.ClassPathBeanDefinitionScanner   : Identified candidate component class: file [/home/runner/work/desofs2025_wed_nap_1/desofs2025_wed_nap_1/target/classes/com/gmail/merikbest2015/ecommerce/configuration/MvcConfiguration.class]
2025-06-17T16:57:18.238Z DEBUG 2698 --- [           main] o.s.c.a.ClassPathBeanDefinitionScanner   : Identified candidate component class: file [/home/runner/work/desofs2025_wed_nap_1/desofs2025_wed_nap_1/target/classes/com/gmail/merikbest2015/ecommerce/configuration/SwaggerConfiguration.class]
2025-06-17T16:57:18.239Z DEBUG 2698 --- [           main] o.s.c.a.ClassPathBeanDefinitionScanner   : Identified candidate component class: file [/home/runner/work/desofs2025_wed_nap_1/desofs2025_wed_nap_1/target/classes/com/gmail/merikbest2015/ecommerce/configuration/WebSecurityConfiguration.class]
2025-06-17T16:57:18.240Z DEBUG 2698 --- [           main] o.s.c.a.ClassPathBeanDefinitionScanner   : Identified candidate component class: file [/home/runner/work/desofs2025_wed_nap_1/desofs2025_wed_nap_1/target/classes/com/gmail/merikbest2015/ecommerce/configuration/WebSocketConfiguration.class]
2025-06-17T16:57:18.241Z DEBUG 2698 --- [           main] o.s.c.a.ClassPathBeanDefinitionScanner   : Identified candidate component class: file [/home/runner/work/desofs2025_wed_nap_1/desofs2025_wed_nap_1/target/classes/com/gmail/merikbest2015/ecommerce/controller/AdminController.class]
2025-06-17T16:57:18.243Z DEBUG 2698 --- [           main] o.s.c.a.ClassPathBeanDefinitionScanner   : Identified candidate component class: file [/home/runner/work/desofs2025_wed_nap_1/desofs2025_wed_nap_1/target/classes/com/gmail/merikbest2015/ecommerce/controller/AuthenticationController.class]
2025-06-17T16:57:18.243Z DEBUG 2698 --- [           main] o.s.c.a.ClassPathBeanDefinitionScanner   : Identified candidate component class: file [/home/runner/work/desofs2025_wed_nap_1/desofs2025_wed_nap_1/target/classes/com/gmail/merikbest2015/ecommerce/controller/OrderController.class]
2025-06-17T16:57:18.244Z DEBUG 2698 --- [           main] o.s.c.a.ClassPathBeanDefinitionScanner   : Identified candidate component class: file [/home/runner/work/desofs2025_wed_nap_1/desofs2025_wed_nap_1/target/classes/com/gmail/merikbest2015/ecommerce/controller/PerfumeController.class]
2025-06-17T16:57:18.244Z DEBUG 2698 --- [           main] o.s.c.a.ClassPathBeanDefinitionScanner   : Identified candidate component class: file [/home/runner/work/desofs2025_wed_nap_1/desofs2025_wed_nap_1/target/classes/com/gmail/merikbest2015/ecommerce/controller/RegistrationController.class]
2025-06-17T16:57:18.245Z DEBUG 2698 --- [           main] o.s.c.a.ClassPathBeanDefinitionScanner   : Identified candidate component class: file [/home/runner/work/desofs2025_wed_nap_1/desofs2025_wed_nap_1/target/classes/com/gmail/merikbest2015/ecommerce/controller/ReviewController.class]
2025-06-17T16:57:18.245Z DEBUG 2698 --- [           main] o.s.c.a.ClassPathBeanDefinitionScanner   : Identified candidate component class: file [/home/runner/work/desofs2025_wed_nap_1/desofs2025_wed_nap_1/target/classes/com/gmail/merikbest2015/ecommerce/controller/UserController.class]
2025-06-17T16:57:18.251Z DEBUG 2698 --- [           main] o.s.c.a.ClassPathBeanDefinitionScanner   : Identified candidate component class: file [/home/runner/work/desofs2025_wed_nap_1/desofs2025_wed_nap_1/target/classes/com/gmail/merikbest2015/ecommerce/exception/ApiExceptionHandler.class]
2025-06-17T16:57:18.252Z DEBUG 2698 --- [           main] o.s.c.a.ClassPathBeanDefinitionScanner   : Identified candidate component class: file [/home/runner/work/desofs2025_wed_nap_1/desofs2025_wed_nap_1/target/classes/com/gmail/merikbest2015/ecommerce/mapper/AuthenticationMapper.class]
2025-06-17T16:57:18.252Z DEBUG 2698 --- [           main] o.s.c.a.ClassPathBeanDefinitionScanner   : Identified candidate component class: file [/home/runner/work/desofs2025_wed_nap_1/desofs2025_wed_nap_1/target/classes/com/gmail/merikbest2015/ecommerce/mapper/CommonMapper.class]
2025-06-17T16:57:18.253Z DEBUG 2698 --- [           main] o.s.c.a.ClassPathBeanDefinitionScanner   : Identified candidate component class: file [/home/runner/work/desofs2025_wed_nap_1/desofs2025_wed_nap_1/target/classes/com/gmail/merikbest2015/ecommerce/mapper/OrderMapper.class]
2025-06-17T16:57:18.253Z DEBUG 2698 --- [           main] o.s.c.a.ClassPathBeanDefinitionScanner   : Identified candidate component class: file [/home/runner/work/desofs2025_wed_nap_1/desofs2025_wed_nap_1/target/classes/com/gmail/merikbest2015/ecommerce/mapper/PerfumeMapper.class]
2025-06-17T16:57:18.253Z DEBUG 2698 --- [           main] o.s.c.a.ClassPathBeanDefinitionScanner   : Identified candidate component class: file [/home/runner/work/desofs2025_wed_nap_1/desofs2025_wed_nap_1/target/classes/com/gmail/merikbest2015/ecommerce/mapper/ReviewMapper.class]
2025-06-17T16:57:18.253Z DEBUG 2698 --- [           main] o.s.c.a.ClassPathBeanDefinitionScanner   : Identified candidate component class: file [/home/runner/work/desofs2025_wed_nap_1/desofs2025_wed_nap_1/target/classes/com/gmail/merikbest2015/ecommerce/mapper/UserMapper.class]
2025-06-17T16:57:18.253Z DEBUG 2698 --- [           main] o.s.c.a.ClassPathBeanDefinitionScanner   : Ignored because not a concrete top-level class: file [/home/runner/work/desofs2025_wed_nap_1/desofs2025_wed_nap_1/target/classes/com/gmail/merikbest2015/ecommerce/repository/OrderItemRepository.class]
2025-06-17T16:57:18.254Z DEBUG 2698 --- [           main] o.s.c.a.ClassPathBeanDefinitionScanner   : Ignored because not a concrete top-level class: file [/home/runner/work/desofs2025_wed_nap_1/desofs2025_wed_nap_1/target/classes/com/gmail/merikbest2015/ecommerce/repository/OrderRepository.class]
2025-06-17T16:57:18.254Z DEBUG 2698 --- [           main] o.s.c.a.ClassPathBeanDefinitionScanner   : Ignored because not a concrete top-level class: file [/home/runner/work/desofs2025_wed_nap_1/desofs2025_wed_nap_1/target/classes/com/gmail/merikbest2015/ecommerce/repository/PerfumeRepository.class]
2025-06-17T16:57:18.254Z DEBUG 2698 --- [           main] o.s.c.a.ClassPathBeanDefinitionScanner   : Ignored because not a concrete top-level class: file [/home/runner/work/desofs2025_wed_nap_1/desofs2025_wed_nap_1/target/classes/com/gmail/merikbest2015/ecommerce/repository/ReviewRepository.class]
2025-06-17T16:57:18.254Z DEBUG 2698 --- [           main] o.s.c.a.ClassPathBeanDefinitionScanner   : Ignored because not a concrete top-level class: file [/home/runner/work/desofs2025_wed_nap_1/desofs2025_wed_nap_1/target/classes/com/gmail/merikbest2015/ecommerce/repository/UserRepository.class]
2025-06-17T16:57:18.255Z DEBUG 2698 --- [           main] o.s.c.a.ClassPathBeanDefinitionScanner   : Identified candidate component class: file [/home/runner/work/desofs2025_wed_nap_1/desofs2025_wed_nap_1/target/classes/com/gmail/merikbest2015/ecommerce/security/JwtConfigurer.class]
2025-06-17T16:57:18.255Z DEBUG 2698 --- [           main] o.s.c.a.ClassPathBeanDefinitionScanner   : Identified candidate component class: file [/home/runner/work/desofs2025_wed_nap_1/desofs2025_wed_nap_1/target/classes/com/gmail/merikbest2015/ecommerce/security/JwtFilter.class]
2025-06-17T16:57:18.256Z DEBUG 2698 --- [           main] o.s.c.a.ClassPathBeanDefinitionScanner   : Identified candidate component class: file [/home/runner/work/desofs2025_wed_nap_1/desofs2025_wed_nap_1/target/classes/com/gmail/merikbest2015/ecommerce/security/JwtProvider.class]
2025-06-17T16:57:18.256Z DEBUG 2698 --- [           main] o.s.c.a.ClassPathBeanDefinitionScanner   : Identified candidate component class: file [/home/runner/work/desofs2025_wed_nap_1/desofs2025_wed_nap_1/target/classes/com/gmail/merikbest2015/ecommerce/security/UserDetailsServiceImpl.class]
2025-06-17T16:57:18.257Z DEBUG 2698 --- [           main] o.s.c.a.ClassPathBeanDefinitionScanner   : Identified candidate component class: file [/home/runner/work/desofs2025_wed_nap_1/desofs2025_wed_nap_1/target/classes/com/gmail/merikbest2015/ecommerce/security/oauth2/CustomOAuth2UserService.class]
2025-06-17T16:57:18.257Z DEBUG 2698 --- [           main] o.s.c.a.ClassPathBeanDefinitionScanner   : Identified candidate component class: file [/home/runner/work/desofs2025_wed_nap_1/desofs2025_wed_nap_1/target/classes/com/gmail/merikbest2015/ecommerce/security/oauth2/OAuth2SuccessHandler.class]
2025-06-17T16:57:18.258Z DEBUG 2698 --- [           main] o.s.c.a.ClassPathBeanDefinitionScanner   : Identified candidate component class: file [/home/runner/work/desofs2025_wed_nap_1/desofs2025_wed_nap_1/target/classes/com/gmail/merikbest2015/ecommerce/service/Impl/AuthenticationServiceImpl.class]
2025-06-17T16:57:18.259Z DEBUG 2698 --- [           main] o.s.c.a.ClassPathBeanDefinitionScanner   : Identified candidate component class: file [/home/runner/work/desofs2025_wed_nap_1/desofs2025_wed_nap_1/target/classes/com/gmail/merikbest2015/ecommerce/service/Impl/OrderServiceImpl.class]
2025-06-17T16:57:18.259Z DEBUG 2698 --- [           main] o.s.c.a.ClassPathBeanDefinitionScanner   : Identified candidate component class: file [/home/runner/work/desofs2025_wed_nap_1/desofs2025_wed_nap_1/target/classes/com/gmail/merikbest2015/ecommerce/service/Impl/PerfumeServiceImpl.class]
2025-06-17T16:57:18.259Z DEBUG 2698 --- [           main] o.s.c.a.ClassPathBeanDefinitionScanner   : Identified candidate component class: file [/home/runner/work/desofs2025_wed_nap_1/desofs2025_wed_nap_1/target/classes/com/gmail/merikbest2015/ecommerce/service/Impl/ReviewServiceImpl.class]
2025-06-17T16:57:18.260Z DEBUG 2698 --- [           main] o.s.c.a.ClassPathBeanDefinitionScanner   : Identified candidate component class: file [/home/runner/work/desofs2025_wed_nap_1/desofs2025_wed_nap_1/target/classes/com/gmail/merikbest2015/ecommerce/service/Impl/UserServiceImpl.class]
2025-06-17T16:57:18.260Z DEBUG 2698 --- [           main] o.s.c.a.ClassPathBeanDefinitionScanner   : Identified candidate component class: file [/home/runner/work/desofs2025_wed_nap_1/desofs2025_wed_nap_1/target/classes/com/gmail/merikbest2015/ecommerce/service/email/MailSender.class]
2025-06-17T16:57:18.260Z DEBUG 2698 --- [           main] o.s.c.a.ClassPathBeanDefinitionScanner   : Identified candidate component class: file [/home/runner/work/desofs2025_wed_nap_1/desofs2025_wed_nap_1/target/classes/com/gmail/merikbest2015/ecommerce/service/graphql/GraphQLProvider.class]
2025-06-17T16:57:19.098Z  INFO 2698 --- [           main] .s.d.r.c.RepositoryConfigurationDelegate : Bootstrapping Spring Data JPA repositories in DEFAULT mode.
2025-06-17T16:57:19.101Z DEBUG 2698 --- [           main] o.s.b.f.s.DefaultListableBeanFactory     : Creating shared instance of singleton bean 'org.springframework.boot.autoconfigure.AutoConfigurationPackages'
2025-06-17T16:57:19.101Z DEBUG 2698 --- [           main] o.s.b.a.AutoConfigurationPackages        : @EnableAutoConfiguration was declared on a class in the package 'com.gmail.merikbest2015.ecommerce'. Automatic @Repository and @Entity scanning is enabled.
2025-06-17T16:57:19.101Z DEBUG 2698 --- [           main] .s.d.r.c.RepositoryConfigurationDelegate : Scanning for JPA repositories in packages com.gmail.merikbest2015.ecommerce.
2025-06-17T16:57:19.111Z DEBUG 2698 --- [           main] o.s.d.r.c.RepositoryComponentProvider    : Identified candidate component class: file [/home/runner/work/desofs2025_wed_nap_1/desofs2025_wed_nap_1/target/classes/com/gmail/merikbest2015/ecommerce/repository/OrderItemRepository.class]
2025-06-17T16:57:19.111Z DEBUG 2698 --- [           main] o.s.d.r.c.RepositoryComponentProvider    : Identified candidate component class: file [/home/runner/work/desofs2025_wed_nap_1/desofs2025_wed_nap_1/target/classes/com/gmail/merikbest2015/ecommerce/repository/OrderRepository.class]
2025-06-17T16:57:19.111Z DEBUG 2698 --- [           main] o.s.d.r.c.RepositoryComponentProvider    : Identified candidate component class: file [/home/runner/work/desofs2025_wed_nap_1/desofs2025_wed_nap_1/target/classes/com/gmail/merikbest2015/ecommerce/repository/PerfumeRepository.class]
2025-06-17T16:57:19.111Z DEBUG 2698 --- [           main] o.s.d.r.c.RepositoryComponentProvider    : Identified candidate component class: file [/home/runner/work/desofs2025_wed_nap_1/desofs2025_wed_nap_1/target/classes/com/gmail/merikbest2015/ecommerce/repository/ReviewRepository.class]
2025-06-17T16:57:19.111Z DEBUG 2698 --- [           main] o.s.d.r.c.RepositoryComponentProvider    : Identified candidate component class: file [/home/runner/work/desofs2025_wed_nap_1/desofs2025_wed_nap_1/target/classes/com/gmail/merikbest2015/ecommerce/repository/UserRepository.class]
2025-06-17T16:57:19.125Z DEBUG 2698 --- [           main] ssPathScanningCandidateComponentProvider : Identified candidate component class: file [/home/runner/work/desofs2025_wed_nap_1/desofs2025_wed_nap_1/target/classes/com/gmail/merikbest2015/ecommerce/security/UserDetailsServiceImpl.class]
2025-06-17T16:57:19.125Z DEBUG 2698 --- [           main] ssPathScanningCandidateComponentProvider : Identified candidate component class: file [/home/runner/work/desofs2025_wed_nap_1/desofs2025_wed_nap_1/target/classes/com/gmail/merikbest2015/ecommerce/service/Impl/AuthenticationServiceImpl.class]
2025-06-17T16:57:19.125Z DEBUG 2698 --- [           main] ssPathScanningCandidateComponentProvider : Identified candidate component class: file [/home/runner/work/desofs2025_wed_nap_1/desofs2025_wed_nap_1/target/classes/com/gmail/merikbest2015/ecommerce/service/Impl/OrderServiceImpl.class]
2025-06-17T16:57:19.125Z DEBUG 2698 --- [           main] ssPathScanningCandidateComponentProvider : Identified candidate component class: file [/home/runner/work/desofs2025_wed_nap_1/desofs2025_wed_nap_1/target/classes/com/gmail/merikbest2015/ecommerce/service/Impl/PerfumeServiceImpl.class]
2025-06-17T16:57:19.125Z DEBUG 2698 --- [           main] ssPathScanningCandidateComponentProvider : Identified candidate component class: file [/home/runner/work/desofs2025_wed_nap_1/desofs2025_wed_nap_1/target/classes/com/gmail/merikbest2015/ecommerce/service/Impl/ReviewServiceImpl.class]
2025-06-17T16:57:19.125Z DEBUG 2698 --- [           main] ssPathScanningCandidateComponentProvider : Identified candidate component class: file [/home/runner/work/desofs2025_wed_nap_1/desofs2025_wed_nap_1/target/classes/com/gmail/merikbest2015/ecommerce/service/Impl/UserServiceImpl.class]
2025-06-17T16:57:19.133Z  INFO 2698 --- [           main] .s.d.r.c.RepositoryConfigurationDelegate : Finished Spring Data repository scanning in 31 ms. Found 5 JPA repository interfaces.
2025-06-17T16:57:19.219Z DEBUG 2698 --- [           main] o.s.b.f.s.DefaultListableBeanFactory     : Creating shared instance of singleton bean 'springSecurityPathPatternParserBeanDefinitionRegistryPostProcessor'
2025-06-17T16:57:19.219Z DEBUG 2698 --- [           main] o.s.b.f.s.DefaultListableBeanFactory     : Creating shared instance of singleton bean 'springSecurityHandlerMappingIntrospectorBeanDefinitionRegistryPostProcessor'
2025-06-17T16:57:19.219Z DEBUG 2698 --- [           main] o.s.b.f.s.DefaultListableBeanFactory     : Creating shared instance of singleton bean 'authorizedClientManagerRegistrar'
2025-06-17T16:57:19.219Z DEBUG 2698 --- [           main] o.s.b.f.s.DefaultListableBeanFactory     : Creating shared instance of singleton bean 'org.springframework.security.config.annotation.web.configuration.OAuth2ClientConfiguration$OAuth2AuthorizedClientManagerConfiguration'
2025-06-17T16:57:19.232Z DEBUG 2698 --- [           main] o.s.b.f.s.DefaultListableBeanFactory     : Creating shared instance of singleton bean 'propertySourcesPlaceholderConfigurer'
2025-06-17T16:57:19.236Z DEBUG 2698 --- [           main] o.s.b.f.s.DefaultListableBeanFactory     : Creating shared instance of singleton bean 'org.springframework.boot.test.mock.mockito.MockitoPostProcessor'
2025-06-17T16:57:19.237Z DEBUG 2698 --- [           main] o.s.b.f.s.DefaultListableBeanFactory     : Creating shared instance of singleton bean 'webSocketScopeConfigurer'
2025-06-17T16:57:19.237Z DEBUG 2698 --- [           main] o.s.b.f.s.DefaultListableBeanFactory     : Creating shared instance of singleton bean 'org.springframework.boot.sql.init.dependency.DatabaseInitializationDependencyConfigurer$DependsOnDatabaseInitializationPostProcessor'
2025-06-17T16:57:19.237Z DEBUG 2698 --- [           main] o.s.b.f.s.DefaultListableBeanFactory     : Creating shared instance of singleton bean 'emBeanDefinitionRegistrarPostProcessor'
2025-06-17T16:57:19.286Z DEBUG 2698 --- [           main] o.s.b.f.s.DefaultListableBeanFactory     : Creating shared instance of singleton bean 'org.springframework.context.event.internalEventListenerProcessor'
2025-06-17T16:57:19.286Z DEBUG 2698 --- [           main] o.s.b.f.s.DefaultListableBeanFactory     : Creating shared instance of singleton bean 'conversionServicePostProcessor'
2025-06-17T16:57:19.287Z DEBUG 2698 --- [           main] o.s.b.f.s.DefaultListableBeanFactory     : Creating shared instance of singleton bean 'bootstrapExecutorAliasPostProcessor'
2025-06-17T16:57:19.287Z DEBUG 2698 --- [           main] o.s.b.f.s.DefaultListableBeanFactory     : Creating shared instance of singleton bean 'preserveErrorControllerTargetClassPostProcessor'
2025-06-17T16:57:19.288Z DEBUG 2698 --- [           main] o.s.b.f.s.DefaultListableBeanFactory     : Creating shared instance of singleton bean 'org.springframework.context.event.internalEventListenerFactory'
2025-06-17T16:57:19.288Z DEBUG 2698 --- [           main] o.s.b.f.s.DefaultListableBeanFactory     : Creating shared instance of singleton bean 'org.springframework.transaction.config.internalTransactionalEventListenerFactory'
2025-06-17T16:57:19.292Z DEBUG 2698 --- [           main] o.s.b.f.s.DefaultListableBeanFactory     : Creating shared instance of singleton bean 'org.springframework.boot.test.mock.mockito.MockitoPostProcessor$SpyPostProcessor'
2025-06-17T16:57:19.293Z DEBUG 2698 --- [           main] o.s.b.f.s.DefaultListableBeanFactory     : Creating shared instance of singleton bean 'org.springframework.context.annotation.internalAutowiredAnnotationProcessor'
2025-06-17T16:57:19.294Z DEBUG 2698 --- [           main] o.s.b.f.s.DefaultListableBeanFactory     : Creating shared instance of singleton bean 'org.springframework.context.annotation.internalCommonAnnotationProcessor'
2025-06-17T16:57:19.294Z DEBUG 2698 --- [           main] o.s.b.f.s.DefaultListableBeanFactory     : Creating shared instance of singleton bean 'org.springframework.context.annotation.internalPersistenceAnnotationProcessor'
2025-06-17T16:57:19.294Z DEBUG 2698 --- [           main] o.s.b.f.s.DefaultListableBeanFactory     : Creating shared instance of singleton bean 'org.springframework.boot.context.properties.ConfigurationPropertiesBindingPostProcessor'
2025-06-17T16:57:19.294Z DEBUG 2698 --- [           main] o.s.b.f.s.DefaultListableBeanFactory     : Creating shared instance of singleton bean 'org.springframework.boot.context.internalConfigurationPropertiesBinder'
2025-06-17T16:57:19.296Z DEBUG 2698 --- [           main] o.s.b.f.s.DefaultListableBeanFactory     : Creating shared instance of singleton bean 'jdbcConnectionDetailsHikariBeanPostProcessor'
2025-06-17T16:57:19.296Z DEBUG 2698 --- [           main] o.s.b.f.s.DefaultListableBeanFactory     : Creating shared instance of singleton bean 'org.springframework.aop.config.internalAutoProxyCreator'
2025-06-17T16:57:19.299Z DEBUG 2698 --- [           main] o.s.b.f.s.DefaultListableBeanFactory     : Creating shared instance of singleton bean 'methodValidationPostProcessor'
2025-06-17T16:57:19.299Z DEBUG 2698 --- [           main] o.s.b.f.s.DefaultListableBeanFactory     : Autowiring by type from bean name 'methodValidationPostProcessor' via factory method to bean named 'environment'
2025-06-17T16:57:19.301Z DEBUG 2698 --- [           main] o.s.b.f.s.DefaultListableBeanFactory     : Creating shared instance of singleton bean 'org.springframework.boot.context.properties.EnableConfigurationPropertiesRegistrar.methodValidationExcludeFilter'
2025-06-17T16:57:19.303Z DEBUG 2698 --- [           main] o.s.b.f.s.DefaultListableBeanFactory     : Creating shared instance of singleton bean 'persistenceExceptionTranslationPostProcessor'
2025-06-17T16:57:19.304Z DEBUG 2698 --- [           main] o.s.b.f.s.DefaultListableBeanFactory     : Autowiring by type from bean name 'persistenceExceptionTranslationPostProcessor' via factory method to bean named 'environment'
2025-06-17T16:57:19.304Z DEBUG 2698 --- [           main] o.s.b.f.s.DefaultListableBeanFactory     : Creating shared instance of singleton bean 'webServerFactoryCustomizerBeanPostProcessor'
2025-06-17T16:57:19.304Z DEBUG 2698 --- [           main] o.s.b.f.s.DefaultListableBeanFactory     : Creating shared instance of singleton bean 'errorPageRegistrarBeanPostProcessor'
2025-06-17T16:57:19.305Z DEBUG 2698 --- [           main] o.s.b.f.s.DefaultListableBeanFactory     : Creating shared instance of singleton bean 'healthEndpointGroupsBeanPostProcessor'
2025-06-17T16:57:19.306Z DEBUG 2698 --- [           main] o.s.b.f.s.DefaultListableBeanFactory     : Creating shared instance of singleton bean 'preFilterAuthorizationAdvisor'
2025-06-17T16:57:19.306Z DEBUG 2698 --- [           main] o.s.b.f.s.DefaultListableBeanFactory     : Creating shared instance of singleton bean 'preFilterAuthorizationMethodInterceptor'
2025-06-17T16:57:19.307Z DEBUG 2698 --- [           main] o.s.b.f.s.DefaultListableBeanFactory     : Creating shared instance of singleton bean 'preAuthorizeAuthorizationAdvisor'
2025-06-17T16:57:19.307Z DEBUG 2698 --- [           main] o.s.b.f.s.DefaultListableBeanFactory     : Creating shared instance of singleton bean 'preAuthorizeAuthorizationMethodInterceptor'
2025-06-17T16:57:19.308Z DEBUG 2698 --- [           main] o.s.b.f.s.DefaultListableBeanFactory     : Creating shared instance of singleton bean 'postFilterAuthorizationAdvisor'
2025-06-17T16:57:19.308Z DEBUG 2698 --- [           main] o.s.b.f.s.DefaultListableBeanFactory     : Creating shared instance of singleton bean 'postFilterAuthorizationMethodInterceptor'
2025-06-17T16:57:19.308Z DEBUG 2698 --- [           main] o.s.b.f.s.DefaultListableBeanFactory     : Creating shared instance of singleton bean 'postAuthorizeAuthorizationAdvisor'
2025-06-17T16:57:19.308Z DEBUG 2698 --- [           main] o.s.b.f.s.DefaultListableBeanFactory     : Creating shared instance of singleton bean 'postAuthorizeAuthorizationMethodInterceptor'
2025-06-17T16:57:19.309Z DEBUG 2698 --- [           main] o.s.b.f.s.DefaultListableBeanFactory     : Creating shared instance of singleton bean 'authorizeReturnObjectAdvisor'
2025-06-17T16:57:19.309Z DEBUG 2698 --- [           main] o.s.b.f.s.DefaultListableBeanFactory     : Creating shared instance of singleton bean 'authorizeReturnObjectMethodInterceptor'
2025-06-17T16:57:19.309Z DEBUG 2698 --- [           main] o.s.b.f.s.DefaultListableBeanFactory     : Creating shared instance of singleton bean 'org.springframework.transaction.config.internalTransactionAdvisor'
2025-06-17T16:57:19.309Z DEBUG 2698 --- [           main] o.s.b.f.s.DefaultListableBeanFactory     : Creating shared instance of singleton bean 'org.springframework.transaction.annotation.ProxyTransactionManagementConfiguration'
2025-06-17T16:57:19.311Z DEBUG 2698 --- [           main] .s.a.a.a.ReflectiveAspectJAdvisorFactory : Found AspectJ method: public java.lang.Object com.gmail.merikbest2015.ecommerce.aspect.ControllerAspect.loggingAround(org.aspectj.lang.ProceedingJoinPoint) throws java.lang.Throwable
2025-06-17T16:57:19.328Z DEBUG 2698 --- [           main] o.s.b.f.s.DefaultListableBeanFactory     : Creating shared instance of singleton bean 'transactionAttributeSource'
2025-06-17T16:57:19.339Z DEBUG 2698 --- [           main] o.s.b.f.s.DefaultListableBeanFactory     : Creating shared instance of singleton bean 'transactionInterceptor'
2025-06-17T16:57:19.339Z DEBUG 2698 --- [           main] o.s.b.f.s.DefaultListableBeanFactory     : Autowiring by type from bean name 'transactionInterceptor' via factory method to bean named 'transactionAttributeSource'
2025-06-17T16:57:19.340Z DEBUG 2698 --- [           main] o.s.b.f.s.DefaultListableBeanFactory     : Autowiring by type from bean name 'org.springframework.transaction.config.internalTransactionAdvisor' via factory method to bean named 'transactionAttributeSource'
2025-06-17T16:57:19.340Z DEBUG 2698 --- [           main] o.s.b.f.s.DefaultListableBeanFactory     : Autowiring by type from bean name 'org.springframework.transaction.config.internalTransactionAdvisor' via factory method to bean named 'transactionInterceptor'
2025-06-17T16:57:19.344Z DEBUG 2698 --- [           main] o.s.b.f.s.DefaultListableBeanFactory     : Creating shared instance of singleton bean 'meterRegistryPostProcessor'
2025-06-17T16:57:19.345Z DEBUG 2698 --- [           main] o.s.b.f.s.DefaultListableBeanFactory     : Autowiring by type from bean name 'meterRegistryPostProcessor' via factory method to bean named 'org.springframework.web.context.support.GenericWebApplicationContext@5ba22a91'
2025-06-17T16:57:19.353Z DEBUG 2698 --- [           main] o.s.b.f.s.DefaultListableBeanFactory     : Creating shared instance of singleton bean 'metricsRepositoryMethodInvocationListenerBeanPostProcessor'
2025-06-17T16:57:19.355Z DEBUG 2698 --- [           main] o.s.b.f.s.DefaultListableBeanFactory     : Creating shared instance of singleton bean 'observationRegistryPostProcessor'
2025-06-17T16:57:19.357Z DEBUG 2698 --- [           main] o.s.b.f.s.DefaultListableBeanFactory     : Creating shared instance of singleton bean 'projectingArgumentResolverBeanPostProcessor'
2025-06-17T16:57:19.361Z DEBUG 2698 --- [           main] o.s.u.c.s.UiApplicationContextUtils      : Unable to locate ThemeSource with name 'themeSource': using default [org.springframework.ui.context.support.ResourceBundleThemeSource@3c6b0088]
2025-06-17T16:57:19.363Z DEBUG 2698 --- [           main] o.s.b.f.s.DefaultListableBeanFactory     : Creating shared instance of singleton bean 'org.springframework.test.context.support.internalDynamicPropertyRegistrarBeanInitializer'
2025-06-17T16:57:19.368Z DEBUG 2698 --- [           main] o.s.b.f.s.DefaultListableBeanFactory     : Creating shared instance of singleton bean 'flyway'
2025-06-17T16:57:19.368Z DEBUG 2698 --- [           main] o.s.b.f.s.DefaultListableBeanFactory     : Creating shared instance of singleton bean 'org.springframework.boot.autoconfigure.flyway.FlywayAutoConfiguration$FlywayConfiguration'
2025-06-17T16:57:19.369Z DEBUG 2698 --- [           main] o.s.b.f.s.DefaultListableBeanFactory     : Creating shared instance of singleton bean 'spring.flyway-org.springframework.boot.autoconfigure.flyway.FlywayProperties'
2025-06-17T16:57:19.370Z DEBUG 2698 --- [           main] o.s.b.f.s.DefaultListableBeanFactory     : Creating shared instance of singleton bean 'org.springframework.boot.context.properties.BoundConfigurationProperties'
2025-06-17T16:57:19.378Z DEBUG 2698 --- [           main] o.s.b.f.s.DefaultListableBeanFactory     : Creating shared instance of singleton bean 'stringOrNumberMigrationVersionConverter'
2025-06-17T16:57:19.378Z DEBUG 2698 --- [           main] o.s.b.f.s.DefaultListableBeanFactory     : Creating shared instance of singleton bean 'org.springframework.boot.autoconfigure.flyway.FlywayAutoConfiguration'
2025-06-17T16:57:19.413Z DEBUG 2698 --- [           main] o.s.b.f.s.DefaultListableBeanFactory     : Autowiring by type from bean name 'org.springframework.boot.autoconfigure.flyway.FlywayAutoConfiguration$FlywayConfiguration' via constructor to bean named 'spring.flyway-org.springframework.boot.autoconfigure.flyway.FlywayProperties'
2025-06-17T16:57:19.428Z DEBUG 2698 --- [           main] o.s.b.f.s.DefaultListableBeanFactory     : Creating shared instance of singleton bean 'flywayConnectionDetails'
2025-06-17T16:57:19.432Z DEBUG 2698 --- [           main] o.s.b.f.s.DefaultListableBeanFactory     : Creating shared instance of singleton bean 'resourceProviderCustomizer'
2025-06-17T16:57:19.433Z DEBUG 2698 --- [           main] o.s.b.f.s.DefaultListableBeanFactory     : Autowiring by type from bean name 'flyway' via factory method to bean named 'flywayConnectionDetails'
2025-06-17T16:57:19.433Z DEBUG 2698 --- [           main] o.s.b.f.s.DefaultListableBeanFactory     : Autowiring by type from bean name 'flyway' via factory method to bean named 'org.springframework.web.context.support.GenericWebApplicationContext@5ba22a91'
2025-06-17T16:57:19.433Z DEBUG 2698 --- [           main] o.s.b.f.s.DefaultListableBeanFactory     : Autowiring by type from bean name 'flyway' via factory method to bean named 'resourceProviderCustomizer'
2025-06-17T16:57:19.435Z DEBUG 2698 --- [           main] o.s.b.f.s.DefaultListableBeanFactory     : Creating shared instance of singleton bean 'dataSource'
2025-06-17T16:57:19.435Z DEBUG 2698 --- [           main] o.s.b.f.s.DefaultListableBeanFactory     : Creating shared instance of singleton bean 'org.springframework.boot.autoconfigure.jdbc.DataSourceConfiguration$Hikari'
2025-06-17T16:57:19.438Z DEBUG 2698 --- [           main] o.s.b.f.s.DefaultListableBeanFactory     : Creating shared instance of singleton bean 'spring.datasource-org.springframework.boot.autoconfigure.jdbc.DataSourceProperties'
2025-06-17T16:57:19.449Z DEBUG 2698 --- [           main] o.s.b.f.s.DefaultListableBeanFactory     : Creating shared instance of singleton bean 'jdbcConnectionDetails'
2025-06-17T16:57:19.449Z DEBUG 2698 --- [           main] o.s.b.f.s.DefaultListableBeanFactory     : Creating shared instance of singleton bean 'org.springframework.boot.autoconfigure.jdbc.DataSourceAutoConfiguration$PooledDataSourceConfiguration'
2025-06-17T16:57:19.453Z DEBUG 2698 --- [           main] o.s.b.f.s.DefaultListableBeanFactory     : Autowiring by type from bean name 'jdbcConnectionDetails' via factory method to bean named 'spring.datasource-org.springframework.boot.autoconfigure.jdbc.DataSourceProperties'
2025-06-17T16:57:19.456Z DEBUG 2698 --- [           main] o.s.b.f.s.DefaultListableBeanFactory     : Autowiring by type from bean name 'dataSource' via factory method to bean named 'spring.datasource-org.springframework.boot.autoconfigure.jdbc.DataSourceProperties'
2025-06-17T16:57:19.456Z DEBUG 2698 --- [           main] o.s.b.f.s.DefaultListableBeanFactory     : Autowiring by type from bean name 'dataSource' via factory method to bean named 'jdbcConnectionDetails'
2025-06-17T16:57:19.456Z DEBUG 2698 --- [           main] o.s.b.f.s.DefaultListableBeanFactory     : Autowiring by type from bean name 'dataSource' via factory method to bean named 'environment'
2025-06-17T16:57:19.495Z DEBUG 2698 --- [           main] o.s.b.f.s.DefaultListableBeanFactory     : Creating shared instance of singleton bean 'postgresqlFlywayConfigurationCustomizer'
2025-06-17T16:57:19.533Z DEBUG 2698 --- [           main] o.s.b.f.s.DefaultListableBeanFactory     : Creating shared instance of singleton bean 'flywayInitializer'
2025-06-17T16:57:19.533Z DEBUG 2698 --- [           main] o.s.b.f.s.DefaultListableBeanFactory     : Autowiring by type from bean name 'flywayInitializer' via factory method to bean named 'flyway'
2025-06-17T16:57:19.536Z  INFO 2698 --- [           main] com.zaxxer.hikari.HikariDataSource       : HikariPool-3 - Starting...
2025-06-17T16:57:19.558Z  INFO 2698 --- [           main] com.zaxxer.hikari.pool.HikariPool        : HikariPool-3 - Added connection org.postgresql.jdbc.PgConnection@521053ef
2025-06-17T16:57:19.558Z  INFO 2698 --- [           main] com.zaxxer.hikari.HikariDataSource       : HikariPool-3 - Start completed.
2025-06-17T16:57:19.560Z  INFO 2698 --- [           main] org.flywaydb.core.FlywayExecutor         : Database: jdbc:postgresql://localhost:5432/perfumetest (PostgreSQL 17.5)
2025-06-17T16:57:19.574Z  INFO 2698 --- [           main] o.f.core.internal.command.DbValidate     : Successfully validated 4 migrations (execution time 00:00.008s)
2025-06-17T16:57:19.595Z  INFO 2698 --- [           main] o.f.core.internal.command.DbMigrate      : Current version of schema "public": 4
2025-06-17T16:57:19.596Z  INFO 2698 --- [           main] o.f.core.internal.command.DbMigrate      : Schema "public" is up to date. No migration necessary.
2025-06-17T16:57:19.600Z DEBUG 2698 --- [           main] o.s.b.f.s.DefaultListableBeanFactory     : Creating shared instance of singleton bean 'dataSourceScriptDatabaseInitializer'
2025-06-17T16:57:19.600Z DEBUG 2698 --- [           main] o.s.b.f.s.DefaultListableBeanFactory     : Creating shared instance of singleton bean 'org.springframework.boot.autoconfigure.sql.init.DataSourceInitializationConfiguration'
2025-06-17T16:57:19.603Z DEBUG 2698 --- [           main] o.s.b.f.s.DefaultListableBeanFactory     : Creating shared instance of singleton bean 'spring.sql.init-org.springframework.boot.autoconfigure.sql.init.SqlInitializationProperties'
2025-06-17T16:57:19.608Z DEBUG 2698 --- [           main] o.s.b.f.s.DefaultListableBeanFactory     : Autowiring by type from bean name 'dataSourceScriptDatabaseInitializer' via factory method to bean named 'dataSource'
2025-06-17T16:57:19.608Z DEBUG 2698 --- [           main] o.s.b.f.s.DefaultListableBeanFactory     : Autowiring by type from bean name 'dataSourceScriptDatabaseInitializer' via factory method to bean named 'spring.sql.init-org.springframework.boot.autoconfigure.sql.init.SqlInitializationProperties'
2025-06-17T16:57:19.614Z DEBUG 2698 --- [           main] o.s.b.f.s.DefaultListableBeanFactory     : Creating shared instance of singleton bean 'entityManagerFactory'
2025-06-17T16:57:19.615Z DEBUG 2698 --- [           main] o.s.b.f.s.DefaultListableBeanFactory     : Creating shared instance of singleton bean 'org.springframework.boot.autoconfigure.orm.jpa.HibernateJpaConfiguration'
2025-06-17T16:57:19.616Z DEBUG 2698 --- [           main] o.s.b.f.s.DefaultListableBeanFactory     : Creating shared instance of singleton bean 'spring.jpa-org.springframework.boot.autoconfigure.orm.jpa.JpaProperties'
2025-06-17T16:57:19.623Z DEBUG 2698 --- [           main] o.s.b.f.s.DefaultListableBeanFactory     : Creating shared instance of singleton bean 'spring.jpa.hibernate-org.springframework.boot.autoconfigure.orm.jpa.HibernateProperties'
2025-06-17T16:57:19.626Z DEBUG 2698 --- [           main] o.s.b.f.s.DefaultListableBeanFactory     : Autowiring by type from bean name 'org.springframework.boot.autoconfigure.orm.jpa.HibernateJpaConfiguration' via constructor to bean named 'dataSource'
2025-06-17T16:57:19.626Z DEBUG 2698 --- [           main] o.s.b.f.s.DefaultListableBeanFactory     : Autowiring by type from bean name 'org.springframework.boot.autoconfigure.orm.jpa.HibernateJpaConfiguration' via constructor to bean named 'spring.jpa-org.springframework.boot.autoconfigure.orm.jpa.JpaProperties'
2025-06-17T16:57:19.628Z DEBUG 2698 --- [           main] o.s.b.f.s.DefaultListableBeanFactory     : Autowiring by type from bean name 'org.springframework.boot.autoconfigure.orm.jpa.HibernateJpaConfiguration' via constructor to bean named 'org.springframework.beans.factory.support.DefaultListableBeanFactory@1401ddc6'
2025-06-17T16:57:19.628Z DEBUG 2698 --- [           main] o.s.b.f.s.DefaultListableBeanFactory     : Autowiring by type from bean name 'org.springframework.boot.autoconfigure.orm.jpa.HibernateJpaConfiguration' via constructor to bean named 'spring.jpa.hibernate-org.springframework.boot.autoconfigure.orm.jpa.HibernateProperties'
2025-06-17T16:57:19.631Z DEBUG 2698 --- [           main] o.s.b.f.s.DefaultListableBeanFactory     : Creating shared instance of singleton bean 'hikariPoolDataSourceMetadataProvider'
2025-06-17T16:57:19.631Z DEBUG 2698 --- [           main] o.s.b.f.s.DefaultListableBeanFactory     : Creating shared instance of singleton bean 'org.springframework.boot.autoconfigure.jdbc.metadata.DataSourcePoolMetadataProvidersConfiguration$HikariPoolDataSourceMetadataProviderConfiguration'
2025-06-17T16:57:19.655Z DEBUG 2698 --- [           main] o.s.b.f.s.DefaultListableBeanFactory     : Creating shared instance of singleton bean 'entityManagerFactoryBuilder'
2025-06-17T16:57:19.656Z DEBUG 2698 --- [           main] o.s.b.f.s.DefaultListableBeanFactory     : Creating shared instance of singleton bean 'jpaVendorAdapter'
2025-06-17T16:57:19.668Z DEBUG 2698 --- [           main] o.s.b.f.s.DefaultListableBeanFactory     : Autowiring by type from bean name 'entityManagerFactoryBuilder' via factory method to bean named 'jpaVendorAdapter'
2025-06-17T16:57:19.674Z DEBUG 2698 --- [           main] o.s.b.f.s.DefaultListableBeanFactory     : Creating shared instance of singleton bean 'persistenceManagedTypes'
2025-06-17T16:57:19.677Z DEBUG 2698 --- [           main] o.s.b.f.s.DefaultListableBeanFactory     : Autowiring by type from bean name 'persistenceManagedTypes' via factory method to bean named 'org.springframework.beans.factory.support.DefaultListableBeanFactory@1401ddc6'
2025-06-17T16:57:19.677Z DEBUG 2698 --- [           main] o.s.b.f.s.DefaultListableBeanFactory     : Autowiring by type from bean name 'persistenceManagedTypes' via factory method to bean named 'org.springframework.web.context.support.GenericWebApplicationContext@5ba22a91'
2025-06-17T16:57:19.708Z DEBUG 2698 --- [           main] o.s.b.f.s.DefaultListableBeanFactory     : Autowiring by type from bean name 'entityManagerFactory' via factory method to bean named 'entityManagerFactoryBuilder'
2025-06-17T16:57:19.708Z DEBUG 2698 --- [           main] o.s.b.f.s.DefaultListableBeanFactory     : Autowiring by type from bean name 'entityManagerFactory' via factory method to bean named 'persistenceManagedTypes'
2025-06-17T16:57:19.711Z DEBUG 2698 --- [           main] j.LocalContainerEntityManagerFactoryBean : Building JPA container EntityManagerFactory for persistence unit 'default'
2025-06-17T16:57:19.711Z  INFO 2698 --- [           main] o.hibernate.jpa.internal.util.LogHelper  : HHH000204: Processing PersistenceUnitInfo [name: default]
2025-06-17T16:57:19.718Z  INFO 2698 --- [           main] o.h.c.internal.RegionFactoryInitiator    : HHH000026: Second-level cache disabled
2025-06-17T16:57:19.738Z  INFO 2698 --- [           main] o.s.o.j.p.SpringPersistenceUnitInfo      : No LoadTimeWeaver setup: ignoring JPA class transformer
2025-06-17T16:57:19.747Z  INFO 2698 --- [           main] org.hibernate.orm.connections.pooling    : HHH10001005: Database info:
	Database JDBC URL [Connecting through datasource 'HikariDataSource (HikariPool-3)']
	Database driver: undefined/unknown
	Database version: 17.5
	Autocommit mode: undefined/unknown
	Isolation level: undefined/unknown
	Minimum pool size: undefined/unknown
	Maximum pool size: undefined/unknown
2025-06-17T16:57:19.915Z  INFO 2698 --- [           main] o.h.e.t.j.p.i.JtaPlatformInitiator       : HHH000489: No JTA platform available (set 'hibernate.transaction.jta.platform' to enable JTA platform integration)
2025-06-17T16:57:19.980Z  INFO 2698 --- [           main] j.LocalContainerEntityManagerFactoryBean : Initialized JPA EntityManagerFactory for persistence unit 'default'
2025-06-17T16:57:20.003Z DEBUG 2698 --- [           main] o.s.b.f.s.DefaultListableBeanFactory     : Creating shared instance of singleton bean 'ecommerceApplication'
2025-06-17T16:57:20.005Z DEBUG 2698 --- [           main] o.s.b.f.s.DefaultListableBeanFactory     : Creating shared instance of singleton bean 'controllerAspect'
2025-06-17T16:57:20.006Z DEBUG 2698 --- [           main] o.s.b.f.s.DefaultListableBeanFactory     : Creating shared instance of singleton bean 'applicationConfiguration'
2025-06-17T16:57:20.007Z DEBUG 2698 --- [           main] o.s.c.e.PropertySourcesPropertyResolver  : Found key 'amazon.aws.access-key' in PropertySource 'environmentProperties' with value of type String
2025-06-17T16:57:20.007Z DEBUG 2698 --- [           main] o.s.c.e.PropertySourcesPropertyResolver  : Found key 'amazon.aws.secret-key' in PropertySource 'environmentProperties' with value of type String
2025-06-17T16:57:20.011Z DEBUG 2698 --- [           main] o.s.b.f.s.DefaultListableBeanFactory     : Creating shared instance of singleton bean 'emailConfiguration'
2025-06-17T16:57:20.012Z DEBUG 2698 --- [           main] o.s.c.e.PropertySourcesPropertyResolver  : Found key 'spring.mail.host' in PropertySource 'environmentProperties' with value of type String
2025-06-17T16:57:20.012Z DEBUG 2698 --- [           main] o.s.c.e.PropertySourcesPropertyResolver  : Found key 'spring.mail.username' in PropertySource 'environmentProperties' with value of type String
2025-06-17T16:57:20.013Z DEBUG 2698 --- [           main] o.s.c.e.PropertySourcesPropertyResolver  : Found key 'spring.mail.password' in PropertySource 'environmentProperties' with value of type String
2025-06-17T16:57:20.014Z DEBUG 2698 --- [           main] o.s.c.e.PropertySourcesPropertyResolver  : Found key 'spring.mail.port' in PropertySource 'environmentProperties' with value of type String
2025-06-17T16:57:20.014Z DEBUG 2698 --- [           main] o.s.c.e.PropertySourcesPropertyResolver  : Found key 'spring.mail.protocol' in PropertySource 'environmentProperties' with value of type String
2025-06-17T16:57:20.015Z DEBUG 2698 --- [           main] o.s.c.e.PropertySourcesPropertyResolver  : Found key 'spring.mail.properties.mail.smtp.auth' in PropertySource 'environmentProperties' with value of type String
2025-06-17T16:57:20.015Z DEBUG 2698 --- [           main] o.s.c.e.PropertySourcesPropertyResolver  : Found key 'spring.mail.properties.mail.smtp.starttls.enable' in PropertySource 'environmentProperties' with value of type String
2025-06-17T16:57:20.015Z DEBUG 2698 --- [           main] o.s.c.e.PropertySourcesPropertyResolver  : Found key 'mail.debug' in PropertySource 'environmentProperties' with value of type String
2025-06-17T16:57:20.018Z DEBUG 2698 --- [           main] o.s.b.f.s.DefaultListableBeanFactory     : Creating shared instance of singleton bean 'mvcConfiguration'
2025-06-17T16:57:20.019Z DEBUG 2698 --- [           main] o.s.c.e.PropertySourcesPropertyResolver  : Found key 'hostname' in PropertySource 'environmentProperties' with value of type String
2025-06-17T16:57:20.029Z DEBUG 2698 --- [           main] o.s.b.f.s.DefaultListableBeanFactory     : Creating shared instance of singleton bean 'swaggerConfiguration'
2025-06-17T16:57:20.031Z DEBUG 2698 --- [           main] o.s.b.f.s.DefaultListableBeanFactory     : Creating shared instance of singleton bean 'webSecurityConfiguration'
2025-06-17T16:57:20.031Z DEBUG 2698 --- [           main] o.s.b.f.s.DefaultListableBeanFactory     : Creating shared instance of singleton bean 'jwtConfigurer'
2025-06-17T16:57:20.032Z DEBUG 2698 --- [           main] o.s.b.f.s.DefaultListableBeanFactory     : Creating shared instance of singleton bean 'jwtFilter'
2025-06-17T16:57:20.032Z DEBUG 2698 --- [           main] o.s.b.f.s.DefaultListableBeanFactory     : Creating shared instance of singleton bean 'jwtProvider'
2025-06-17T16:57:20.033Z DEBUG 2698 --- [           main] o.s.c.e.PropertySourcesPropertyResolver  : Found key 'jwt.header' in PropertySource 'environmentProperties' with value of type String
2025-06-17T16:57:20.034Z DEBUG 2698 --- [           main] o.s.c.e.PropertySourcesPropertyResolver  : Found key 'jwt.secret' in PropertySource 'environmentProperties' with value of type String
2025-06-17T16:57:20.034Z DEBUG 2698 --- [           main] o.s.c.e.PropertySourcesPropertyResolver  : Found key 'jwt.expiration' in PropertySource 'environmentProperties' with value of type String
2025-06-17T16:57:20.037Z DEBUG 2698 --- [           main] o.s.b.f.s.DefaultListableBeanFactory     : Autowiring by type from bean name 'jwtFilter' via constructor to bean named 'jwtProvider'
2025-06-17T16:57:20.047Z DEBUG 2698 --- [           main] o.s.b.f.s.DefaultListableBeanFactory     : Autowiring by type from bean name 'jwtConfigurer' via constructor to bean named 'jwtFilter'
2025-06-17T16:57:20.059Z DEBUG 2698 --- [           main] o.s.b.f.s.DefaultListableBeanFactory     : Creating shared instance of singleton bean 'OAuth2SuccessHandler'
2025-06-17T16:57:20.059Z DEBUG 2698 --- [           main] o.s.b.f.s.DefaultListableBeanFactory     : Autowiring by type from bean name 'OAuth2SuccessHandler' via constructor to bean named 'jwtProvider'
2025-06-17T16:57:20.060Z DEBUG 2698 --- [           main] o.s.c.e.PropertySourcesPropertyResolver  : Found key 'hostname' in PropertySource 'environmentProperties' with value of type String
2025-06-17T16:57:20.070Z DEBUG 2698 --- [           main] o.s.b.f.s.DefaultListableBeanFactory     : Creating shared instance of singleton bean 'customOAuth2UserService'
2025-06-17T16:57:20.073Z DEBUG 2698 --- [           main] o.s.b.f.s.DefaultListableBeanFactory     : Creating shared instance of singleton bean 'userServiceImpl'
2025-06-17T16:57:20.073Z DEBUG 2698 --- [           main] o.s.b.f.s.DefaultListableBeanFactory     : Creating shared instance of singleton bean 'userRepository'
2025-06-17T16:57:20.081Z DEBUG 2698 --- [           main] o.s.b.f.s.DefaultListableBeanFactory     : Creating shared instance of singleton bean 'jpa.named-queries#1'
2025-06-17T16:57:20.091Z DEBUG 2698 --- [           main] o.s.b.f.s.DefaultListableBeanFactory     : Creating shared instance of singleton bean 'jpa.UserRepository.fragments#0'
2025-06-17T16:57:20.114Z DEBUG 2698 --- [           main] o.s.b.f.s.DefaultListableBeanFactory     : Creating shared instance of singleton bean 'jpaSharedEM_entityManagerFactory'
2025-06-17T16:57:20.339Z DEBUG 2698 --- [           main] o.s.b.f.s.DefaultListableBeanFactory     : Creating shared instance of singleton bean 'jpaMappingContext'
2025-06-17T16:57:20.340Z DEBUG 2698 --- [           main] .c.JpaMetamodelMappingContextFactoryBean : Initializing JpaMetamodelMappingContext…
2025-06-17T16:57:20.342Z DEBUG 2698 --- [           main] .c.JpaMetamodelMappingContextFactoryBean : Finished initializing JpaMetamodelMappingContext
2025-06-17T16:57:20.391Z DEBUG 2698 --- [           main] tor$SharedEntityManagerInvocationHandler : Creating new EntityManager for shared EntityManager invocation
2025-06-17T16:57:20.393Z DEBUG 2698 --- [           main] o.s.b.f.s.DefaultListableBeanFactory     : Creating shared instance of singleton bean 'metricsRepositoryMethodInvocationListener'
2025-06-17T16:57:20.393Z DEBUG 2698 --- [           main] o.s.b.f.s.DefaultListableBeanFactory     : Creating shared instance of singleton bean 'org.springframework.boot.actuate.autoconfigure.metrics.data.RepositoryMetricsAutoConfiguration'
2025-06-17T16:57:20.395Z DEBUG 2698 --- [           main] o.s.b.f.s.DefaultListableBeanFactory     : Creating shared instance of singleton bean 'management.metrics-org.springframework.boot.actuate.autoconfigure.metrics.MetricsProperties'
2025-06-17T16:57:20.400Z DEBUG 2698 --- [           main] o.s.b.f.s.DefaultListableBeanFactory     : Autowiring by type from bean name 'org.springframework.boot.actuate.autoconfigure.metrics.data.RepositoryMetricsAutoConfiguration' via constructor to bean named 'management.metrics-org.springframework.boot.actuate.autoconfigure.metrics.MetricsProperties'
2025-06-17T16:57:20.405Z DEBUG 2698 --- [           main] o.s.b.f.s.DefaultListableBeanFactory     : Creating shared instance of singleton bean 'repositoryTagsProvider'
2025-06-17T16:57:20.408Z DEBUG 2698 --- [           main] o.s.b.f.s.DefaultListableBeanFactory     : Autowiring by type from bean name 'metricsRepositoryMethodInvocationListener' via factory method to bean named 'repositoryTagsProvider'
2025-06-17T16:57:20.428Z DEBUG 2698 --- [           main] o.s.d.r.c.s.RepositoryFactorySupport     : Initializing repository instance for com.gmail.merikbest2015.ecommerce.repository.UserRepository…
2025-06-17T16:57:20.431Z DEBUG 2698 --- [           main] tor$SharedEntityManagerInvocationHandler : Creating new EntityManager for shared EntityManager invocation
2025-06-17T16:57:20.437Z DEBUG 2698 --- [           main] o.s.d.jpa.repository.query.NamedQuery    : Did not find named query User.getEmailByPasswordResetCode.count
2025-06-17T16:57:20.437Z DEBUG 2698 --- [           main] tor$SharedEntityManagerInvocationHandler : Creating new EntityManager for shared EntityManager invocation
2025-06-17T16:57:20.442Z DEBUG 2698 --- [           main] o.s.d.jpa.repository.query.NamedQuery    : Looking up named query 'User.findByEmail'
2025-06-17T16:57:20.442Z DEBUG 2698 --- [           main] o.s.d.jpa.repository.query.NamedQuery    : Did not find named query User.findByEmail
2025-06-17T16:57:20.442Z DEBUG 2698 --- [           main] tor$SharedEntityManagerInvocationHandler : Creating new EntityManager for shared EntityManager invocation
2025-06-17T16:57:20.443Z DEBUG 2698 --- [           main] o.s.d.jpa.repository.query.NamedQuery    : Looking up named query 'User.findAllByOrderByIdAsc'
2025-06-17T16:57:20.443Z DEBUG 2698 --- [           main] o.s.d.jpa.repository.query.NamedQuery    : Did not find named query User.findAllByOrderByIdAsc
2025-06-17T16:57:20.444Z DEBUG 2698 --- [           main] tor$SharedEntityManagerInvocationHandler : Creating new EntityManager for shared EntityManager invocation
2025-06-17T16:57:20.445Z DEBUG 2698 --- [           main] o.s.d.jpa.repository.query.NamedQuery    : Looking up named query 'User.findAllByOrderByIdAsc'
2025-06-17T16:57:20.445Z DEBUG 2698 --- [           main] o.s.d.jpa.repository.query.NamedQuery    : Did not find named query User.findAllByOrderByIdAsc
2025-06-17T16:57:20.445Z DEBUG 2698 --- [           main] tor$SharedEntityManagerInvocationHandler : Creating new EntityManager for shared EntityManager invocation
2025-06-17T16:57:20.446Z DEBUG 2698 --- [           main] o.s.d.jpa.repository.query.NamedQuery    : Looking up named query 'User.findByActivationCode'
2025-06-17T16:57:20.446Z DEBUG 2698 --- [           main] o.s.d.jpa.repository.query.NamedQuery    : Did not find named query User.findByActivationCode
2025-06-17T16:57:20.446Z DEBUG 2698 --- [           main] tor$SharedEntityManagerInvocationHandler : Creating new EntityManager for shared EntityManager invocation
2025-06-17T16:57:20.447Z DEBUG 2698 --- [           main] o.s.d.r.c.s.RepositoryFactorySupport     : Finished creation of repository instance for com.gmail.merikbest2015.ecommerce.repository.UserRepository.
2025-06-17T16:57:20.570Z DEBUG 2698 --- [           main] o.s.b.f.s.DefaultListableBeanFactory     : Creating shared instance of singleton bean 'perfumeRepository'
2025-06-17T16:57:20.572Z DEBUG 2698 --- [           main] o.s.b.f.s.DefaultListableBeanFactory     : Creating shared instance of singleton bean 'jpa.named-queries#2'
2025-06-17T16:57:20.576Z DEBUG 2698 --- [           main] o.s.b.f.s.DefaultListableBeanFactory     : Creating shared instance of singleton bean 'jpa.PerfumeRepository.fragments#0'
2025-06-17T16:57:20.583Z DEBUG 2698 --- [           main] tor$SharedEntityManagerInvocationHandler : Creating new EntityManager for shared EntityManager invocation
2025-06-17T16:57:20.598Z DEBUG 2698 --- [           main] o.s.d.r.c.s.RepositoryFactorySupport     : Initializing repository instance for com.gmail.merikbest2015.ecommerce.repository.PerfumeRepository…
2025-06-17T16:57:20.599Z DEBUG 2698 --- [           main] tor$SharedEntityManagerInvocationHandler : Creating new EntityManager for shared EntityManager invocation
2025-06-17T16:57:20.605Z DEBUG 2698 --- [           main] o.s.d.jpa.repository.query.NamedQuery    : Did not find named query Perfume.getPerfumesByIds.count
2025-06-17T16:57:20.605Z DEBUG 2698 --- [           main] tor$SharedEntityManagerInvocationHandler : Creating new EntityManager for shared EntityManager invocation
2025-06-17T16:57:20.609Z DEBUG 2698 --- [           main] o.s.d.jpa.repository.query.NamedQuery    : Did not find named query Perfume.findPerfumesByFilterParams.count
2025-06-17T16:57:20.609Z DEBUG 2698 --- [           main] tor$SharedEntityManagerInvocationHandler : Creating new EntityManager for shared EntityManager invocation
2025-06-17T16:57:20.630Z DEBUG 2698 --- [           main] o.s.d.jpa.repository.query.NamedQuery    : Did not find named query Perfume.findByPerfumer.count
2025-06-17T16:57:20.630Z DEBUG 2698 --- [           main] tor$SharedEntityManagerInvocationHandler : Creating new EntityManager for shared EntityManager invocation
2025-06-17T16:57:20.640Z DEBUG 2698 --- [           main] o.s.d.jpa.repository.query.NamedQuery    : Looking up named query 'Perfume.findAllByOrderByIdAsc'
2025-06-17T16:57:20.640Z DEBUG 2698 --- [           main] o.s.d.jpa.repository.query.NamedQuery    : Did not find named query Perfume.findAllByOrderByIdAsc
2025-06-17T16:57:20.640Z DEBUG 2698 --- [           main] tor$SharedEntityManagerInvocationHandler : Creating new EntityManager for shared EntityManager invocation
2025-06-17T16:57:20.642Z DEBUG 2698 --- [           main] o.s.d.jpa.repository.query.NamedQuery    : Did not find named query Perfume.findAllByOrderByIdAsc.count
2025-06-17T16:57:20.642Z DEBUG 2698 --- [           main] tor$SharedEntityManagerInvocationHandler : Creating new EntityManager for shared EntityManager invocation
2025-06-17T16:57:20.647Z DEBUG 2698 --- [           main] o.s.d.jpa.repository.query.NamedQuery    : Looking up named query 'Perfume.findByIdIn'
2025-06-17T16:57:20.647Z DEBUG 2698 --- [           main] o.s.d.jpa.repository.query.NamedQuery    : Did not find named query Perfume.findByIdIn
2025-06-17T16:57:20.647Z DEBUG 2698 --- [           main] tor$SharedEntityManagerInvocationHandler : Creating new EntityManager for shared EntityManager invocation
2025-06-17T16:57:20.648Z DEBUG 2698 --- [           main] o.s.d.jpa.repository.query.NamedQuery    : Looking up named query 'Perfume.findByPerfumeGenderOrderByPriceDesc'
2025-06-17T16:57:20.649Z DEBUG 2698 --- [           main] o.s.d.jpa.repository.query.NamedQuery    : Did not find named query Perfume.findByPerfumeGenderOrderByPriceDesc
2025-06-17T16:57:20.649Z DEBUG 2698 --- [           main] tor$SharedEntityManagerInvocationHandler : Creating new EntityManager for shared EntityManager invocation
2025-06-17T16:57:20.650Z DEBUG 2698 --- [           main] o.s.d.jpa.repository.query.NamedQuery    : Looking up named query 'Perfume.findByPerfumerOrderByPriceDesc'
2025-06-17T16:57:20.650Z DEBUG 2698 --- [           main] o.s.d.jpa.repository.query.NamedQuery    : Did not find named query Perfume.findByPerfumerOrderByPriceDesc
2025-06-17T16:57:20.650Z DEBUG 2698 --- [           main] tor$SharedEntityManagerInvocationHandler : Creating new EntityManager for shared EntityManager invocation
2025-06-17T16:57:20.652Z DEBUG 2698 --- [           main] o.s.d.jpa.repository.query.NamedQuery    : Did not find named query Perfume.findByPerfumeTitle.count
2025-06-17T16:57:20.652Z DEBUG 2698 --- [           main] tor$SharedEntityManagerInvocationHandler : Creating new EntityManager for shared EntityManager invocation
2025-06-17T16:57:20.661Z DEBUG 2698 --- [           main] o.s.d.jpa.repository.query.NamedQuery    : Did not find named query Perfume.findByManufacturerCountry.count
2025-06-17T16:57:20.661Z DEBUG 2698 --- [           main] tor$SharedEntityManagerInvocationHandler : Creating new EntityManager for shared EntityManager invocation
2025-06-17T16:57:20.670Z DEBUG 2698 --- [           main] o.s.d.r.c.s.RepositoryFactorySupport     : Finished creation of repository instance for com.gmail.merikbest2015.ecommerce.repository.PerfumeRepository.
2025-06-17T16:57:20.763Z DEBUG 2698 --- [           main] o.s.b.f.s.DefaultListableBeanFactory     : Autowiring by type from bean name 'userServiceImpl' via constructor to bean named 'userRepository'
2025-06-17T16:57:20.763Z DEBUG 2698 --- [           main] o.s.b.f.s.DefaultListableBeanFactory     : Autowiring by type from bean name 'userServiceImpl' via constructor to bean named 'perfumeRepository'
2025-06-17T16:57:20.769Z DEBUG 2698 --- [           main] o.s.b.f.s.DefaultListableBeanFactory     : Autowiring by type from bean name 'customOAuth2UserService' via constructor to bean named 'userServiceImpl'
2025-06-17T16:57:20.776Z DEBUG 2698 --- [           main] o.s.b.f.s.DefaultListableBeanFactory     : Autowiring by type from bean name 'webSecurityConfiguration' via constructor to bean named 'jwtConfigurer'
2025-06-17T16:57:20.776Z DEBUG 2698 --- [           main] o.s.b.f.s.DefaultListableBeanFactory     : Autowiring by type from bean name 'webSecurityConfiguration' via constructor to bean named 'OAuth2SuccessHandler'
2025-06-17T16:57:20.776Z DEBUG 2698 --- [           main] o.s.b.f.s.DefaultListableBeanFactory     : Autowiring by type from bean name 'webSecurityConfiguration' via constructor to bean named 'customOAuth2UserService'
2025-06-17T16:57:20.780Z DEBUG 2698 --- [           main] o.s.b.f.s.DefaultListableBeanFactory     : Creating shared instance of singleton bean 'webSocketConfiguration'
2025-06-17T16:57:20.787Z DEBUG 2698 --- [           main] o.s.b.f.s.DefaultListableBeanFactory     : Creating shared instance of singleton bean 'adminController'
2025-06-17T16:57:20.787Z DEBUG 2698 --- [           main] o.s.b.f.s.DefaultListableBeanFactory     : Creating shared instance of singleton bean 'userMapper'
2025-06-17T16:57:20.788Z DEBUG 2698 --- [           main] o.s.b.f.s.DefaultListableBeanFactory     : Creating shared instance of singleton bean 'commonMapper'
2025-06-17T16:57:20.788Z DEBUG 2698 --- [           main] o.s.b.f.s.DefaultListableBeanFactory     : Creating shared instance of singleton bean 'modelMapper'
2025-06-17T16:57:20.794Z DEBUG 2698 --- [           main] o.s.b.f.s.DefaultListableBeanFactory     : Autowiring by type from bean name 'commonMapper' via constructor to bean named 'modelMapper'
2025-06-17T16:57:20.796Z DEBUG 2698 --- [           main] o.s.b.f.s.DefaultListableBeanFactory     : Autowiring by type from bean name 'userMapper' via constructor to bean named 'commonMapper'
2025-06-17T16:57:20.796Z DEBUG 2698 --- [           main] o.s.b.f.s.DefaultListableBeanFactory     : Autowiring by type from bean name 'userMapper' via constructor to bean named 'userServiceImpl'
2025-06-17T16:57:20.799Z DEBUG 2698 --- [           main] o.s.b.f.s.DefaultListableBeanFactory     : Creating shared instance of singleton bean 'perfumeMapper'
2025-06-17T16:57:20.801Z DEBUG 2698 --- [           main] o.s.b.f.s.DefaultListableBeanFactory     : Creating shared instance of singleton bean 'perfumeServiceImpl'
2025-06-17T16:57:20.801Z DEBUG 2698 --- [           main] o.s.b.f.s.DefaultListableBeanFactory     : Creating shared instance of singleton bean 's3Client'
2025-06-17T16:57:20.950Z DEBUG 2698 --- [           main] o.s.b.f.s.DefaultListableBeanFactory     : Autowiring by type from bean name 'perfumeServiceImpl' via constructor to bean named 'perfumeRepository'
2025-06-17T16:57:20.950Z DEBUG 2698 --- [           main] o.s.b.f.s.DefaultListableBeanFactory     : Autowiring by type from bean name 'perfumeServiceImpl' via constructor to bean named 's3Client'
2025-06-17T16:57:20.951Z DEBUG 2698 --- [           main] o.s.c.e.PropertySourcesPropertyResolver  : Found key 'amazon.s3.bucket.name' in PropertySource 'environmentProperties' with value of type String
2025-06-17T16:57:20.959Z DEBUG 2698 --- [           main] o.s.b.f.s.DefaultListableBeanFactory     : Autowiring by type from bean name 'perfumeMapper' via constructor to bean named 'commonMapper'
2025-06-17T16:57:20.960Z DEBUG 2698 --- [           main] o.s.b.f.s.DefaultListableBeanFactory     : Autowiring by type from bean name 'perfumeMapper' via constructor to bean named 'perfumeServiceImpl'
2025-06-17T16:57:20.963Z DEBUG 2698 --- [           main] o.s.b.f.s.DefaultListableBeanFactory     : Creating shared instance of singleton bean 'orderMapper'
2025-06-17T16:57:20.965Z DEBUG 2698 --- [           main] o.s.b.f.s.DefaultListableBeanFactory     : Creating shared instance of singleton bean 'orderServiceImpl'
2025-06-17T16:57:20.966Z DEBUG 2698 --- [           main] o.s.b.f.s.DefaultListableBeanFactory     : Creating shared instance of singleton bean 'orderRepository'
2025-06-17T16:57:20.967Z DEBUG 2698 --- [           main] o.s.b.f.s.DefaultListableBeanFactory     : Creating shared instance of singleton bean 'jpa.named-queries#3'
2025-06-17T16:57:20.972Z DEBUG 2698 --- [           main] o.s.b.f.s.DefaultListableBeanFactory     : Creating shared instance of singleton bean 'jpa.OrderRepository.fragments#0'
2025-06-17T16:57:20.979Z DEBUG 2698 --- [           main] tor$SharedEntityManagerInvocationHandler : Creating new EntityManager for shared EntityManager invocation
2025-06-17T16:57:20.992Z DEBUG 2698 --- [           main] o.s.d.r.c.s.RepositoryFactorySupport     : Initializing repository instance for com.gmail.merikbest2015.ecommerce.repository.OrderRepository…
2025-06-17T16:57:20.993Z DEBUG 2698 --- [           main] tor$SharedEntityManagerInvocationHandler : Creating new EntityManager for shared EntityManager invocation
2025-06-17T16:57:20.997Z DEBUG 2698 --- [           main] o.s.d.jpa.repository.query.NamedQuery    : Looking up named query 'Order.findAllByOrderByIdAsc'
2025-06-17T16:57:20.997Z DEBUG 2698 --- [           main] o.s.d.jpa.repository.query.NamedQuery    : Did not find named query Order.findAllByOrderByIdAsc
2025-06-17T16:57:20.997Z DEBUG 2698 --- [           main] tor$SharedEntityManagerInvocationHandler : Creating new EntityManager for shared EntityManager invocation
2025-06-17T16:57:20.999Z DEBUG 2698 --- [           main] o.s.d.jpa.repository.query.NamedQuery    : Looking up named query 'Order.findAllByOrderByIdAsc'
2025-06-17T16:57:20.999Z DEBUG 2698 --- [           main] o.s.d.jpa.repository.query.NamedQuery    : Did not find named query Order.findAllByOrderByIdAsc
2025-06-17T16:57:20.999Z DEBUG 2698 --- [           main] tor$SharedEntityManagerInvocationHandler : Creating new EntityManager for shared EntityManager invocation
2025-06-17T16:57:21.000Z DEBUG 2698 --- [           main] o.s.d.jpa.repository.query.NamedQuery    : Looking up named query 'Order.findOrderByEmail'
2025-06-17T16:57:21.001Z DEBUG 2698 --- [           main] o.s.d.jpa.repository.query.NamedQuery    : Did not find named query Order.findOrderByEmail
2025-06-17T16:57:21.001Z DEBUG 2698 --- [           main] tor$SharedEntityManagerInvocationHandler : Creating new EntityManager for shared EntityManager invocation
2025-06-17T16:57:21.002Z DEBUG 2698 --- [           main] o.s.d.jpa.repository.query.NamedQuery    : Looking up named query 'Order.findOrderByEmail'
2025-06-17T16:57:21.002Z DEBUG 2698 --- [           main] o.s.d.jpa.repository.query.NamedQuery    : Did not find named query Order.findOrderByEmail
2025-06-17T16:57:21.002Z DEBUG 2698 --- [           main] tor$SharedEntityManagerInvocationHandler : Creating new EntityManager for shared EntityManager invocation
2025-06-17T16:57:21.003Z DEBUG 2698 --- [           main] o.s.d.r.c.s.RepositoryFactorySupport     : Finished creation of repository instance for com.gmail.merikbest2015.ecommerce.repository.OrderRepository.
2025-06-17T16:57:21.094Z DEBUG 2698 --- [           main] o.s.b.f.s.DefaultListableBeanFactory     : Creating shared instance of singleton bean 'orderItemRepository'
2025-06-17T16:57:21.096Z DEBUG 2698 --- [           main] o.s.b.f.s.DefaultListableBeanFactory     : Creating shared instance of singleton bean 'jpa.named-queries#4'
2025-06-17T16:57:21.100Z DEBUG 2698 --- [           main] o.s.b.f.s.DefaultListableBeanFactory     : Creating shared instance of singleton bean 'jpa.OrderItemRepository.fragments#0'
2025-06-17T16:57:21.107Z DEBUG 2698 --- [           main] tor$SharedEntityManagerInvocationHandler : Creating new EntityManager for shared EntityManager invocation
2025-06-17T16:57:21.108Z DEBUG 2698 --- [           main] o.s.d.r.c.s.RepositoryFactorySupport     : Initializing repository instance for com.gmail.merikbest2015.ecommerce.repository.OrderItemRepository…
2025-06-17T16:57:21.108Z DEBUG 2698 --- [           main] tor$SharedEntityManagerInvocationHandler : Creating new EntityManager for shared EntityManager invocation
2025-06-17T16:57:21.111Z DEBUG 2698 --- [           main] o.s.d.r.c.s.RepositoryFactorySupport     : Finished creation of repository instance for com.gmail.merikbest2015.ecommerce.repository.OrderItemRepository.
2025-06-17T16:57:21.193Z DEBUG 2698 --- [           main] o.s.b.f.s.DefaultListableBeanFactory     : Creating shared instance of singleton bean 'mailSender'
2025-06-17T16:57:21.195Z DEBUG 2698 --- [           main] o.s.b.f.s.DefaultListableBeanFactory     : Creating shared instance of singleton bean 'getMailSender'
2025-06-17T16:57:21.210Z DEBUG 2698 --- [           main] o.s.b.f.s.DefaultListableBeanFactory     : Creating shared instance of singleton bean 'thymeleafTemplateEngine'
2025-06-17T16:57:21.210Z DEBUG 2698 --- [           main] o.s.b.f.s.DefaultListableBeanFactory     : Creating shared instance of singleton bean 'thymeleafTemplateResolver'
2025-06-17T16:57:21.246Z DEBUG 2698 --- [           main] o.s.b.f.s.DefaultListableBeanFactory     : Autowiring by type from bean name 'mailSender' via constructor to bean named 'getMailSender'
2025-06-17T16:57:21.246Z DEBUG 2698 --- [           main] o.s.b.f.s.DefaultListableBeanFactory     : Autowiring by type from bean name 'mailSender' via constructor to bean named 'thymeleafTemplateEngine'
2025-06-17T16:57:21.247Z DEBUG 2698 --- [           main] o.s.c.e.PropertySourcesPropertyResolver  : Found key 'spring.mail.username' in PropertySource 'environmentProperties' with value of type String
2025-06-17T16:57:21.249Z DEBUG 2698 --- [           main] o.s.b.f.s.DefaultListableBeanFactory     : Autowiring by type from bean name 'orderServiceImpl' via constructor to bean named 'orderRepository'
2025-06-17T16:57:21.249Z DEBUG 2698 --- [           main] o.s.b.f.s.DefaultListableBeanFactory     : Autowiring by type from bean name 'orderServiceImpl' via constructor to bean named 'orderItemRepository'
2025-06-17T16:57:21.249Z DEBUG 2698 --- [           main] o.s.b.f.s.DefaultListableBeanFactory     : Autowiring by type from bean name 'orderServiceImpl' via constructor to bean named 'perfumeRepository'
2025-06-17T16:57:21.249Z DEBUG 2698 --- [           main] o.s.b.f.s.DefaultListableBeanFactory     : Autowiring by type from bean name 'orderServiceImpl' via constructor to bean named 'mailSender'
2025-06-17T16:57:21.255Z DEBUG 2698 --- [           main] o.s.b.f.s.DefaultListableBeanFactory     : Autowiring by type from bean name 'orderMapper' via constructor to bean named 'commonMapper'
2025-06-17T16:57:21.255Z DEBUG 2698 --- [           main] o.s.b.f.s.DefaultListableBeanFactory     : Autowiring by type from bean name 'orderMapper' via constructor to bean named 'orderServiceImpl'
2025-06-17T16:57:21.257Z DEBUG 2698 --- [           main] o.s.b.f.s.DefaultListableBeanFactory     : Creating shared instance of singleton bean 'graphQLProvider'
2025-06-17T16:57:21.258Z DEBUG 2698 --- [           main] o.s.b.f.s.DefaultListableBeanFactory     : Autowiring by type from bean name 'graphQLProvider' via constructor to bean named 'perfumeServiceImpl'
2025-06-17T16:57:21.258Z DEBUG 2698 --- [           main] o.s.b.f.s.DefaultListableBeanFactory     : Autowiring by type from bean name 'graphQLProvider' via constructor to bean named 'orderServiceImpl'
2025-06-17T16:57:21.258Z DEBUG 2698 --- [           main] o.s.b.f.s.DefaultListableBeanFactory     : Autowiring by type from bean name 'graphQLProvider' via constructor to bean named 'userServiceImpl'
2025-06-17T16:57:21.293Z DEBUG 2698 --- [           main] o.s.b.f.s.DefaultListableBeanFactory     : Autowiring by type from bean name 'adminController' via constructor to bean named 'userMapper'
2025-06-17T16:57:21.293Z DEBUG 2698 --- [           main] o.s.b.f.s.DefaultListableBeanFactory     : Autowiring by type from bean name 'adminController' via constructor to bean named 'perfumeMapper'
2025-06-17T16:57:21.294Z DEBUG 2698 --- [           main] o.s.b.f.s.DefaultListableBeanFactory     : Autowiring by type from bean name 'adminController' via constructor to bean named 'orderMapper'
2025-06-17T16:57:21.294Z DEBUG 2698 --- [           main] o.s.b.f.s.DefaultListableBeanFactory     : Autowiring by type from bean name 'adminController' via constructor to bean named 'graphQLProvider'
2025-06-17T16:57:21.297Z DEBUG 2698 --- [           main] o.s.b.f.s.DefaultListableBeanFactory     : Creating shared instance of singleton bean 'authenticationController'
2025-06-17T16:57:21.298Z DEBUG 2698 --- [           main] o.s.b.f.s.DefaultListableBeanFactory     : Creating shared instance of singleton bean 'authenticationMapper'
2025-06-17T16:57:21.300Z DEBUG 2698 --- [           main] o.s.b.f.s.DefaultListableBeanFactory     : Creating shared instance of singleton bean 'authenticationServiceImpl'
2025-06-17T16:57:21.300Z DEBUG 2698 --- [           main] o.s.b.f.s.DefaultListableBeanFactory     : Creating shared instance of singleton bean 'authenticationManager'
2025-06-17T16:57:21.302Z DEBUG 2698 --- [           main] o.s.b.f.s.DefaultListableBeanFactory     : Creating shared instance of singleton bean 'org.springframework.security.config.annotation.authentication.configuration.AuthenticationConfiguration'
2025-06-17T16:57:21.305Z DEBUG 2698 --- [           main] o.s.b.f.s.DefaultListableBeanFactory     : Creating shared instance of singleton bean 'enableGlobalAuthenticationAutowiredConfigurer'
2025-06-17T16:57:21.306Z DEBUG 2698 --- [           main] o.s.b.f.s.DefaultListableBeanFactory     : Autowiring by type from bean name 'enableGlobalAuthenticationAutowiredConfigurer' via factory method to bean named 'org.springframework.web.context.support.GenericWebApplicationContext@5ba22a91'
2025-06-17T16:57:21.310Z DEBUG 2698 --- [           main] o.s.b.f.s.DefaultListableBeanFactory     : Creating shared instance of singleton bean 'initializeUserDetailsBeanManagerConfigurer'
2025-06-17T16:57:21.310Z DEBUG 2698 --- [           main] o.s.b.f.s.DefaultListableBeanFactory     : Autowiring by type from bean name 'initializeUserDetailsBeanManagerConfigurer' via factory method to bean named 'org.springframework.web.context.support.GenericWebApplicationContext@5ba22a91'
2025-06-17T16:57:21.313Z DEBUG 2698 --- [           main] o.s.b.f.s.DefaultListableBeanFactory     : Creating shared instance of singleton bean 'initializeAuthenticationProviderBeanManagerConfigurer'
2025-06-17T16:57:21.313Z DEBUG 2698 --- [           main] o.s.b.f.s.DefaultListableBeanFactory     : Autowiring by type from bean name 'initializeAuthenticationProviderBeanManagerConfigurer' via factory method to bean named 'org.springframework.web.context.support.GenericWebApplicationContext@5ba22a91'
2025-06-17T16:57:21.317Z DEBUG 2698 --- [           main] o.s.b.f.s.DefaultListableBeanFactory     : Creating shared instance of singleton bean 'objectPostProcessor'
2025-06-17T16:57:21.317Z DEBUG 2698 --- [           main] o.s.b.f.s.DefaultListableBeanFactory     : Creating shared instance of singleton bean 'org.springframework.security.config.annotation.configuration.ObjectPostProcessorConfiguration'
2025-06-17T16:57:21.320Z DEBUG 2698 --- [           main] o.s.b.f.s.DefaultListableBeanFactory     : Autowiring by type from bean name 'objectPostProcessor' via factory method to bean named 'org.springframework.beans.factory.support.DefaultListableBeanFactory@1401ddc6'
2025-06-17T16:57:21.327Z DEBUG 2698 --- [           main] o.s.b.f.s.DefaultListableBeanFactory     : Autowiring by type from bean name 'authenticationManager' via factory method to bean named 'org.springframework.security.config.annotation.authentication.configuration.AuthenticationConfiguration'
2025-06-17T16:57:21.329Z DEBUG 2698 --- [           main] o.s.b.f.s.DefaultListableBeanFactory     : Creating shared instance of singleton bean 'authenticationManagerBuilder'
2025-06-17T16:57:21.329Z DEBUG 2698 --- [           main] o.s.b.f.s.DefaultListableBeanFactory     : Autowiring by type from bean name 'authenticationManagerBuilder' via factory method to bean named 'objectPostProcessor'
2025-06-17T16:57:21.329Z DEBUG 2698 --- [           main] o.s.b.f.s.DefaultListableBeanFactory     : Autowiring by type from bean name 'authenticationManagerBuilder' via factory method to bean named 'org.springframework.web.context.support.GenericWebApplicationContext@5ba22a91'
2025-06-17T16:57:21.331Z DEBUG 2698 --- [           main] o.s.b.f.s.DefaultListableBeanFactory     : Creating shared instance of singleton bean 'authenticationEventPublisher'
[...]
2025-06-17T16:57:25.011Z DEBUG 2698 --- [           main] ObservationRegistryTestExecutionListener : Restoring ObservationRegistry in ObservationThreadLocalAccessor for test class com.gmail.merikbest2015.ecommerce.mapper.UserMapperTest
2025-06-17T16:57:25.011Z DEBUG 2698 --- [           main] o.s.t.c.w.ServletTestExecutionListener   : Resetting RequestContextHolder for test class com.gmail.merikbest2015.ecommerce.mapper.UserMapperTest
]]></system-out>
  </testcase>
  <testcase name="convertToResponseDto" classname="com.gmail.merikbest2015.ecommerce.mapper.UserMapperTest" time="0.009">
    <system-out><![CDATA[2025-06-17T16:57:25.012Z DEBUG 2698 --- [           main] org.springframework.test.context.cache   : Spring test ApplicationContext cache statistics: [DefaultContextCache@46ea1dc size = 3, maxSize = 32, parentContextCount = 0, hitCount = 1422, missCount = 3, failureCount = 0]
2025-06-17T16:57:25.012Z DEBUG 2698 --- [           main] o.s.t.c.w.ServletTestExecutionListener   : Setting up MockHttpServletRequest, MockHttpServletResponse, ServletWebRequest, and RequestContextHolder for test class com.gmail.merikbest2015.ecommerce.mapper.UserMapperTest
2025-06-17T16:57:25.013Z DEBUG 2698 --- [           main] DependencyInjectionTestExecutionListener : Performing dependency injection for test class com.gmail.merikbest2015.ecommerce.mapper.UserMapperTest
2025-06-17T16:57:25.013Z DEBUG 2698 --- [           main] org.springframework.test.context.cache   : Spring test ApplicationContext cache statistics: [DefaultContextCache@46ea1dc size = 3, maxSize = 32, parentContextCount = 0, hitCount = 1423, missCount = 3, failureCount = 0]
2025-06-17T16:57:25.013Z DEBUG 2698 --- [           main] org.springframework.test.context.cache   : Spring test ApplicationContext cache statistics: [DefaultContextCache@46ea1dc size = 3, maxSize = 32, parentContextCount = 0, hitCount = 1424, missCount = 3, failureCount = 0]
2025-06-17T16:57:25.013Z DEBUG 2698 --- [           main] sContextBeforeModesTestExecutionListener : Before test method: class [UserMapperTest], method [convertToResponseDto], class annotated with @DirtiesContext [false] with mode [null], method annotated with @DirtiesContext [false] with mode [null]
2025-06-17T16:57:25.014Z DEBUG 2698 --- [           main] org.springframework.test.context.cache   : Spring test ApplicationContext cache statistics: [DefaultContextCache@46ea1dc size = 3, maxSize = 32, parentContextCount = 0, hitCount = 1425, missCount = 3, failureCount = 0]
2025-06-17T16:57:25.014Z DEBUG 2698 --- [           main] ObservationRegistryTestExecutionListener : Registering ObservationRegistry from ApplicationContext in ObservationThreadLocalAccessor for test class com.gmail.merikbest2015.ecommerce.mapper.UserMapperTest
2025-06-17T16:57:25.014Z DEBUG 2698 --- [           main] org.springframework.test.context.cache   : Spring test ApplicationContext cache statistics: [DefaultContextCache@46ea1dc size = 3, maxSize = 32, parentContextCount = 0, hitCount = 1426, missCount = 3, failureCount = 0]
2025-06-17T16:57:25.014Z DEBUG 2698 --- [           main] org.springframework.test.context.cache   : Spring test ApplicationContext cache statistics: [DefaultContextCache@46ea1dc size = 3, maxSize = 32, parentContextCount = 0, hitCount = 1427, missCount = 3, failureCount = 0]
2025-06-17T16:57:25.015Z DEBUG 2698 --- [           main] org.springframework.test.context.cache   : Spring test ApplicationContext cache statistics: [DefaultContextCache@46ea1dc size = 3, maxSize = 32, parentContextCount = 0, hitCount = 1428, missCount = 3, failureCount = 0]
2025-06-17T16:57:25.017Z DEBUG 2698 --- [           main] org.springframework.test.context.cache   : Spring test ApplicationContext cache statistics: [DefaultContextCache@46ea1dc size = 3, maxSize = 32, parentContextCount = 0, hitCount = 1429, missCount = 3, failureCount = 0]
2025-06-17T16:57:25.018Z DEBUG 2698 --- [           main] org.springframework.test.context.cache   : Spring test ApplicationContext cache statistics: [DefaultContextCache@46ea1dc size = 3, maxSize = 32, parentContextCount = 0, hitCount = 1430, missCount = 3, failureCount = 0]
2025-06-17T16:57:25.018Z DEBUG 2698 --- [           main] org.springframework.test.context.cache   : Spring test ApplicationContext cache statistics: [DefaultContextCache@46ea1dc size = 3, maxSize = 32, parentContextCount = 0, hitCount = 1431, missCount = 3, failureCount = 0]
2025-06-17T16:57:25.020Z DEBUG 2698 --- [           main] org.springframework.test.context.cache   : Spring test ApplicationContext cache statistics: [DefaultContextCache@46ea1dc size = 3, maxSize = 32, parentContextCount = 0, hitCount = 1432, missCount = 3, failureCount = 0]
2025-06-17T16:57:25.020Z DEBUG 2698 --- [           main] org.springframework.test.context.cache   : Spring test ApplicationContext cache statistics: [DefaultContextCache@46ea1dc size = 3, maxSize = 32, parentContextCount = 0, hitCount = 1433, missCount = 3, failureCount = 0]
2025-06-17T16:57:25.020Z DEBUG 2698 --- [           main] org.springframework.test.context.cache   : Spring test ApplicationContext cache statistics: [DefaultContextCache@46ea1dc size = 3, maxSize = 32, parentContextCount = 0, hitCount = 1434, missCount = 3, failureCount = 0]
2025-06-17T16:57:25.020Z DEBUG 2698 --- [           main] org.springframework.test.context.cache   : Spring test ApplicationContext cache statistics: [DefaultContextCache@46ea1dc size = 3, maxSize = 32, parentContextCount = 0, hitCount = 1435, missCount = 3, failureCount = 0]
2025-06-17T16:57:25.021Z DEBUG 2698 --- [           main] org.springframework.test.context.cache   : Spring test ApplicationContext cache statistics: [DefaultContextCache@46ea1dc size = 3, maxSize = 32, parentContextCount = 0, hitCount = 1436, missCount = 3, failureCount = 0]
2025-06-17T16:57:25.021Z DEBUG 2698 --- [           main] org.springframework.test.context.cache   : Spring test ApplicationContext cache statistics: [DefaultContextCache@46ea1dc size = 3, maxSize = 32, parentContextCount = 0, hitCount = 1437, missCount = 3, failureCount = 0]
2025-06-17T16:57:25.022Z DEBUG 2698 --- [           main] .c.s.DirtiesContextTestExecutionListener : After test method: class [UserMapperTest], method [convertToResponseDto], class annotated with @DirtiesContext [false] with mode [null], method annotated with @DirtiesContext [false] with mode [null]
2025-06-17T16:57:25.022Z DEBUG 2698 --- [           main] ObservationRegistryTestExecutionListener : Restoring ObservationRegistry in ObservationThreadLocalAccessor for test class com.gmail.merikbest2015.ecommerce.mapper.UserMapperTest
2025-06-17T16:57:25.022Z DEBUG 2698 --- [           main] o.s.t.c.w.ServletTestExecutionListener   : Resetting RequestContextHolder for test class com.gmail.merikbest2015.ecommerce.mapper.UserMapperTest
]]></system-out>
  </testcase>
  <testcase name="convertRegistrationRequestDtoToEntity" classname="com.gmail.merikbest2015.ecommerce.mapper.UserMapperTest" time="0.009">
    <system-out><![CDATA[2025-06-17T16:57:25.023Z DEBUG 2698 --- [           main] org.springframework.test.context.cache   : Spring test ApplicationContext cache statistics: [DefaultContextCache@46ea1dc size = 3, maxSize = 32, parentContextCount = 0, hitCount = 1438, missCount = 3, failureCount = 0]
2025-06-17T16:57:25.023Z DEBUG 2698 --- [           main] o.s.t.c.w.ServletTestExecutionListener   : Setting up MockHttpServletRequest, MockHttpServletResponse, ServletWebRequest, and RequestContextHolder for test class com.gmail.merikbest2015.ecommerce.mapper.UserMapperTest
2025-06-17T16:57:25.024Z DEBUG 2698 --- [           main] DependencyInjectionTestExecutionListener : Performing dependency injection for test class com.gmail.merikbest2015.ecommerce.mapper.UserMapperTest
2025-06-17T16:57:25.024Z DEBUG 2698 --- [           main] org.springframework.test.context.cache   : Spring test ApplicationContext cache statistics: [DefaultContextCache@46ea1dc size = 3, maxSize = 32, parentContextCount = 0, hitCount = 1439, missCount = 3, failureCount = 0]
2025-06-17T16:57:25.024Z DEBUG 2698 --- [           main] org.springframework.test.context.cache   : Spring test ApplicationContext cache statistics: [DefaultContextCache@46ea1dc size = 3, maxSize = 32, parentContextCount = 0, hitCount = 1440, missCount = 3, failureCount = 0]
2025-06-17T16:57:25.025Z DEBUG 2698 --- [           main] sContextBeforeModesTestExecutionListener : Before test method: class [UserMapperTest], method [convertRegistrationRequestDtoToEntity], class annotated with @DirtiesContext [false] with mode [null], method annotated with @DirtiesContext [false] with mode [null]
2025-06-17T16:57:25.025Z DEBUG 2698 --- [           main] org.springframework.test.context.cache   : Spring test ApplicationContext cache statistics: [DefaultContextCache@46ea1dc size = 3, maxSize = 32, parentContextCount = 0, hitCount = 1441, missCount = 3, failureCount = 0]
2025-06-17T16:57:25.025Z DEBUG 2698 --- [           main] ObservationRegistryTestExecutionListener : Registering ObservationRegistry from ApplicationContext in ObservationThreadLocalAccessor for test class com.gmail.merikbest2015.ecommerce.mapper.UserMapperTest
2025-06-17T16:57:25.025Z DEBUG 2698 --- [           main] org.springframework.test.context.cache   : Spring test ApplicationContext cache statistics: [DefaultContextCache@46ea1dc size = 3, maxSize = 32, parentContextCount = 0, hitCount = 1442, missCount = 3, failureCount = 0]
2025-06-17T16:57:25.025Z DEBUG 2698 --- [           main] org.springframework.test.context.cache   : Spring test ApplicationContext cache statistics: [DefaultContextCache@46ea1dc size = 3, maxSize = 32, parentContextCount = 0, hitCount = 1443, missCount = 3, failureCount = 0]
2025-06-17T16:57:25.027Z DEBUG 2698 --- [           main] org.springframework.test.context.cache   : Spring test ApplicationContext cache statistics: [DefaultContextCache@46ea1dc size = 3, maxSize = 32, parentContextCount = 0, hitCount = 1444, missCount = 3, failureCount = 0]
2025-06-17T16:57:25.028Z DEBUG 2698 --- [           main] org.springframework.test.context.cache   : Spring test ApplicationContext cache statistics: [DefaultContextCache@46ea1dc size = 3, maxSize = 32, parentContextCount = 0, hitCount = 1445, missCount = 3, failureCount = 0]
2025-06-17T16:57:25.030Z DEBUG 2698 --- [           main] org.springframework.test.context.cache   : Spring test ApplicationContext cache statistics: [DefaultContextCache@46ea1dc size = 3, maxSize = 32, parentContextCount = 0, hitCount = 1446, missCount = 3, failureCount = 0]
2025-06-17T16:57:25.030Z DEBUG 2698 --- [           main] org.springframework.test.context.cache   : Spring test ApplicationContext cache statistics: [DefaultContextCache@46ea1dc size = 3, maxSize = 32, parentContextCount = 0, hitCount = 1447, missCount = 3, failureCount = 0]
2025-06-17T16:57:25.031Z DEBUG 2698 --- [           main] org.springframework.test.context.cache   : Spring test ApplicationContext cache statistics: [DefaultContextCache@46ea1dc size = 3, maxSize = 32, parentContextCount = 0, hitCount = 1448, missCount = 3, failureCount = 0]
2025-06-17T16:57:25.031Z DEBUG 2698 --- [           main] org.springframework.test.context.cache   : Spring test ApplicationContext cache statistics: [DefaultContextCache@46ea1dc size = 3, maxSize = 32, parentContextCount = 0, hitCount = 1449, missCount = 3, failureCount = 0]
2025-06-17T16:57:25.031Z DEBUG 2698 --- [           main] org.springframework.test.context.cache   : Spring test ApplicationContext cache statistics: [DefaultContextCache@46ea1dc size = 3, maxSize = 32, parentContextCount = 0, hitCount = 1450, missCount = 3, failureCount = 0]
2025-06-17T16:57:25.032Z DEBUG 2698 --- [           main] org.springframework.test.context.cache   : Spring test ApplicationContext cache statistics: [DefaultContextCache@46ea1dc size = 3, maxSize = 32, parentContextCount = 0, hitCount = 1451, missCount = 3, failureCount = 0]
2025-06-17T16:57:25.033Z DEBUG 2698 --- [           main] org.springframework.test.context.cache   : Spring test ApplicationContext cache statistics: [DefaultContextCache@46ea1dc size = 3, maxSize = 32, parentContextCount = 0, hitCount = 1452, missCount = 3, failureCount = 0]
2025-06-17T16:57:25.033Z DEBUG 2698 --- [           main] org.springframework.test.context.cache   : Spring test ApplicationContext cache statistics: [DefaultContextCache@46ea1dc size = 3, maxSize = 32, parentContextCount = 0, hitCount = 1453, missCount = 3, failureCount = 0]
2025-06-17T16:57:25.033Z DEBUG 2698 --- [           main] .c.s.DirtiesContextTestExecutionListener : After test method: class [UserMapperTest], method [convertRegistrationRequestDtoToEntity], class annotated with @DirtiesContext [false] with mode [null], method annotated with @DirtiesContext [false] with mode [null]
2025-06-17T16:57:25.033Z DEBUG 2698 --- [           main] ObservationRegistryTestExecutionListener : Restoring ObservationRegistry in ObservationThreadLocalAccessor for test class com.gmail.merikbest2015.ecommerce.mapper.UserMapperTest
2025-06-17T16:57:25.033Z DEBUG 2698 --- [           main] o.s.t.c.w.ServletTestExecutionListener   : Resetting RequestContextHolder for test class com.gmail.merikbest2015.ecommerce.mapper.UserMapperTest
]]></system-out>
  </testcase>
  <testcase name="convertUserRequestDtoToEntity" classname="com.gmail.merikbest2015.ecommerce.mapper.UserMapperTest" time="0.009">
    <system-out><![CDATA[2025-06-17T16:57:25.034Z DEBUG 2698 --- [           main] org.springframework.test.context.cache   : Spring test ApplicationContext cache statistics: [DefaultContextCache@46ea1dc size = 3, maxSize = 32, parentContextCount = 0, hitCount = 1454, missCount = 3, failureCount = 0]
2025-06-17T16:57:25.034Z DEBUG 2698 --- [           main] o.s.t.c.w.ServletTestExecutionListener   : Setting up MockHttpServletRequest, MockHttpServletResponse, ServletWebRequest, and RequestContextHolder for test class com.gmail.merikbest2015.ecommerce.mapper.UserMapperTest
2025-06-17T16:57:25.034Z DEBUG 2698 --- [           main] DependencyInjectionTestExecutionListener : Performing dependency injection for test class com.gmail.merikbest2015.ecommerce.mapper.UserMapperTest
2025-06-17T16:57:25.034Z DEBUG 2698 --- [           main] org.springframework.test.context.cache   : Spring test ApplicationContext cache statistics: [DefaultContextCache@46ea1dc size = 3, maxSize = 32, parentContextCount = 0, hitCount = 1455, missCount = 3, failureCount = 0]
2025-06-17T16:57:25.034Z DEBUG 2698 --- [           main] org.springframework.test.context.cache   : Spring test ApplicationContext cache statistics: [DefaultContextCache@46ea1dc size = 3, maxSize = 32, parentContextCount = 0, hitCount = 1456, missCount = 3, failureCount = 0]
2025-06-17T16:57:25.035Z DEBUG 2698 --- [           main] sContextBeforeModesTestExecutionListener : Before test method: class [UserMapperTest], method [convertUserRequestDtoToEntity], class annotated with @DirtiesContext [false] with mode [null], method annotated with @DirtiesContext [false] with mode [null]
2025-06-17T16:57:25.036Z DEBUG 2698 --- [           main] org.springframework.test.context.cache   : Spring test ApplicationContext cache statistics: [DefaultContextCache@46ea1dc size = 3, maxSize = 32, parentContextCount = 0, hitCount = 1457, missCount = 3, failureCount = 0]
2025-06-17T16:57:25.036Z DEBUG 2698 --- [           main] ObservationRegistryTestExecutionListener : Registering ObservationRegistry from ApplicationContext in ObservationThreadLocalAccessor for test class com.gmail.merikbest2015.ecommerce.mapper.UserMapperTest
2025-06-17T16:57:25.036Z DEBUG 2698 --- [           main] org.springframework.test.context.cache   : Spring test ApplicationContext cache statistics: [DefaultContextCache@46ea1dc size = 3, maxSize = 32, parentContextCount = 0, hitCount = 1458, missCount = 3, failureCount = 0]
2025-06-17T16:57:25.036Z DEBUG 2698 --- [           main] org.springframework.test.context.cache   : Spring test ApplicationContext cache statistics: [DefaultContextCache@46ea1dc size = 3, maxSize = 32, parentContextCount = 0, hitCount = 1459, missCount = 3, failureCount = 0]
2025-06-17T16:57:25.037Z DEBUG 2698 --- [           main] org.springframework.test.context.cache   : Spring test ApplicationContext cache statistics: [DefaultContextCache@46ea1dc size = 3, maxSize = 32, parentContextCount = 0, hitCount = 1460, missCount = 3, failureCount = 0]
2025-06-17T16:57:25.038Z DEBUG 2698 --- [           main] org.springframework.test.context.cache   : Spring test ApplicationContext cache statistics: [DefaultContextCache@46ea1dc size = 3, maxSize = 32, parentContextCount = 0, hitCount = 1461, missCount = 3, failureCount = 0]
2025-06-17T16:57:25.040Z DEBUG 2698 --- [           main] org.springframework.test.context.cache   : Spring test ApplicationContext cache statistics: [DefaultContextCache@46ea1dc size = 3, maxSize = 32, parentContextCount = 0, hitCount = 1462, missCount = 3, failureCount = 0]
2025-06-17T16:57:25.040Z DEBUG 2698 --- [           main] org.springframework.test.context.cache   : Spring test ApplicationContext cache statistics: [DefaultContextCache@46ea1dc size = 3, maxSize = 32, parentContextCount = 0, hitCount = 1463, missCount = 3, failureCount = 0]
2025-06-17T16:57:25.041Z DEBUG 2698 --- [           main] org.springframework.test.context.cache   : Spring test ApplicationContext cache statistics: [DefaultContextCache@46ea1dc size = 3, maxSize = 32, parentContextCount = 0, hitCount = 1464, missCount = 3, failureCount = 0]
2025-06-17T16:57:25.041Z DEBUG 2698 --- [           main] org.springframework.test.context.cache   : Spring test ApplicationContext cache statistics: [DefaultContextCache@46ea1dc size = 3, maxSize = 32, parentContextCount = 0, hitCount = 1465, missCount = 3, failureCount = 0]
2025-06-17T16:57:25.041Z DEBUG 2698 --- [           main] org.springframework.test.context.cache   : Spring test ApplicationContext cache statistics: [DefaultContextCache@46ea1dc size = 3, maxSize = 32, parentContextCount = 0, hitCount = 1466, missCount = 3, failureCount = 0]
2025-06-17T16:57:25.042Z DEBUG 2698 --- [           main] org.springframework.test.context.cache   : Spring test ApplicationContext cache statistics: [DefaultContextCache@46ea1dc size = 3, maxSize = 32, parentContextCount = 0, hitCount = 1467, missCount = 3, failureCount = 0]
2025-06-17T16:57:25.043Z DEBUG 2698 --- [           main] org.springframework.test.context.cache   : Spring test ApplicationContext cache statistics: [DefaultContextCache@46ea1dc size = 3, maxSize = 32, parentContextCount = 0, hitCount = 1468, missCount = 3, failureCount = 0]
2025-06-17T16:57:25.043Z DEBUG 2698 --- [           main] org.springframework.test.context.cache   : Spring test ApplicationContext cache statistics: [DefaultContextCache@46ea1dc size = 3, maxSize = 32, parentContextCount = 0, hitCount = 1469, missCount = 3, failureCount = 0]
2025-06-17T16:57:25.043Z DEBUG 2698 --- [           main] .c.s.DirtiesContextTestExecutionListener : After test method: class [UserMapperTest], method [convertUserRequestDtoToEntity], class annotated with @DirtiesContext [false] with mode [null], method annotated with @DirtiesContext [false] with mode [null]
2025-06-17T16:57:25.043Z DEBUG 2698 --- [           main] ObservationRegistryTestExecutionListener : Restoring ObservationRegistry in ObservationThreadLocalAccessor for test class com.gmail.merikbest2015.ecommerce.mapper.UserMapperTest
2025-06-17T16:57:25.043Z DEBUG 2698 --- [           main] o.s.t.c.w.ServletTestExecutionListener   : Resetting RequestContextHolder for test class com.gmail.merikbest2015.ecommerce.mapper.UserMapperTest
]]></system-out>
  </testcase>
</testsuite>