<?xml version="1.0" encoding="UTF-8"?>
<testsuite xmlns:xsi="http://www.w3.org/2001/XMLSchema-instance" xsi:noNamespaceSchemaLocation="https://maven.apache.org/surefire/maven-failsafe-plugin/xsd/failsafe-test-report-3.0.xsd" version="3.0" name="com.gmail.merikbest2015.ecommerce.controller.ReviewControllerTest" time="12.292" tests="4" errors="0" skipped="0" failures="0">
  <properties>
[...]
</properties>
  <testcase name="addReviewToPerfume_ShouldNotFound" classname="com.gmail.merikbest2015.ecommerce.controller.ReviewControllerTest" time="0.439">
    <system-out><![CDATA[22:07:05.956 [main] DEBUG org.springframework.test.context.junit4.SpringJUnit4ClassRunner - SpringJUnit4ClassRunner constructor called with [class com.gmail.merikbest2015.ecommerce.controller.ReviewControllerTest]
22:07:05.963 [main] DEBUG org.springframework.test.context.BootstrapUtils - Instantiating CacheAwareContextLoaderDelegate from class [org.springframework.test.context.cache.DefaultCacheAwareContextLoaderDelegate]
22:07:05.983 [main] DEBUG org.springframework.test.context.BootstrapUtils - Instantiating BootstrapContext using constructor [public org.springframework.test.context.support.DefaultBootstrapContext(java.lang.Class,org.springframework.test.context.CacheAwareContextLoaderDelegate)]
22:07:06.053 [main] DEBUG org.springframework.test.context.BootstrapUtils - Instantiating TestContextBootstrapper for test class [com.gmail.merikbest2015.ecommerce.controller.ReviewControllerTest] from class [org.springframework.boot.test.context.SpringBootTestContextBootstrapper]
22:07:06.080 [main] INFO org.springframework.boot.test.context.SpringBootTestContextBootstrapper - Neither @ContextConfiguration nor @ContextHierarchy found for test class [com.gmail.merikbest2015.ecommerce.controller.ReviewControllerTest], using SpringBootContextLoader
22:07:06.088 [main] DEBUG org.springframework.test.context.support.AbstractContextLoader - Did not detect default resource location for test class [com.gmail.merikbest2015.ecommerce.controller.ReviewControllerTest]: class path resource [com/gmail/merikbest2015/ecommerce/controller/ReviewControllerTest-context.xml] does not exist
22:07:06.089 [main] DEBUG org.springframework.test.context.support.AbstractContextLoader - Did not detect default resource location for test class [com.gmail.merikbest2015.ecommerce.controller.ReviewControllerTest]: class path resource [com/gmail/merikbest2015/ecommerce/controller/ReviewControllerTestContext.groovy] does not exist
22:07:06.089 [main] INFO org.springframework.test.context.support.AbstractContextLoader - Could not detect default resource locations for test class [com.gmail.merikbest2015.ecommerce.controller.ReviewControllerTest]: no resource found for suffixes {-context.xml, Context.groovy}.
22:07:06.090 [main] INFO org.springframework.test.context.support.AnnotationConfigContextLoaderUtils - Could not detect default configuration classes for test class [com.gmail.merikbest2015.ecommerce.controller.ReviewControllerTest]: ReviewControllerTest does not declare any static, non-private, non-final, nested classes annotated with @Configuration.
22:07:06.167 [main] DEBUG org.springframework.test.context.support.ActiveProfilesUtils - Could not find an 'annotation declaring class' for annotation type [org.springframework.test.context.ActiveProfiles] and class [com.gmail.merikbest2015.ecommerce.controller.ReviewControllerTest]
22:07:06.298 [main] DEBUG org.springframework.context.annotation.ClassPathScanningCandidateComponentProvider - Identified candidate component class: file [/home/runner/work/desofs2025_wed_nap_1/desofs2025_wed_nap_1/target/classes/com/gmail/merikbest2015/ecommerce/EcommerceApplication.class]
22:07:06.299 [main] INFO org.springframework.boot.test.context.SpringBootTestContextBootstrapper - Found @SpringBootConfiguration com.gmail.merikbest2015.ecommerce.EcommerceApplication for test class com.gmail.merikbest2015.ecommerce.controller.ReviewControllerTest
22:07:06.519 [main] DEBUG org.springframework.boot.test.context.SpringBootTestContextBootstrapper - @TestExecutionListeners is not present for class [com.gmail.merikbest2015.ecommerce.controller.ReviewControllerTest]: using defaults.
22:07:06.520 [main] INFO org.springframework.boot.test.context.SpringBootTestContextBootstrapper - Loaded default TestExecutionListener class names from location [META-INF/spring.factories]: [org.springframework.security.test.context.support.WithSecurityContextTestExecutionListener, org.springframework.security.test.context.support.ReactorContextTestExecutionListener, org.springframework.test.context.web.ServletTestExecutionListener, org.springframework.test.context.support.DirtiesContextBeforeModesTestExecutionListener, org.springframework.test.context.support.DependencyInjectionTestExecutionListener, org.springframework.test.context.support.DirtiesContextTestExecutionListener, org.springframework.test.context.transaction.TransactionalTestExecutionListener, org.springframework.test.context.jdbc.SqlScriptsTestExecutionListener, org.springframework.test.context.event.EventPublishingTestExecutionListener, org.springframework.boot.test.mock.mockito.MockitoTestExecutionListener, org.springframework.boot.test.mock.mockito.ResetMocksTestExecutionListener, org.springframework.boot.test.autoconfigure.restdocs.RestDocsTestExecutionListener, org.springframework.boot.test.autoconfigure.web.client.MockRestServiceServerResetTestExecutionListener, org.springframework.boot.test.autoconfigure.web.servlet.MockMvcPrintOnlyOnFailureTestExecutionListener, org.springframework.boot.test.autoconfigure.web.servlet.WebDriverTestExecutionListener, org.springframework.boot.test.autoconfigure.webservices.client.MockWebServiceServerTestExecutionListener]
22:07:06.555 [main] INFO org.springframework.boot.test.context.SpringBootTestContextBootstrapper - Using TestExecutionListeners: [org.springframework.test.context.web.ServletTestExecutionListener@55e42449, org.springframework.test.context.support.DirtiesContextBeforeModesTestExecutionListener@e57e5d6, org.springframework.boot.test.mock.mockito.MockitoTestExecutionListener@6dfa915a, org.springframework.boot.test.autoconfigure.SpringBootDependencyInjectionTestExecutionListener@78054f54, org.springframework.test.context.support.DirtiesContextTestExecutionListener@cb7fa71, org.springframework.test.context.transaction.TransactionalTestExecutionListener@3dffc764, org.springframework.test.context.jdbc.SqlScriptsTestExecutionListener@4b6e1c0, org.springframework.security.test.context.support.WithSecurityContextTestExecutionListener@561b61ed, org.springframework.test.context.event.EventPublishingTestExecutionListener@654c7d2d, org.springframework.security.test.context.support.ReactorContextTestExecutionListener@26cb5207, org.springframework.boot.test.mock.mockito.ResetMocksTestExecutionListener@15400fff, org.springframework.boot.test.autoconfigure.restdocs.RestDocsTestExecutionListener@18d910b3, org.springframework.boot.test.autoconfigure.web.client.MockRestServiceServerResetTestExecutionListener@1e7ab390, org.springframework.boot.test.autoconfigure.web.servlet.MockMvcPrintOnlyOnFailureTestExecutionListener@625d9132, org.springframework.boot.test.autoconfigure.web.servlet.WebDriverTestExecutionListener@77774571, org.springframework.boot.test.autoconfigure.webservices.client.MockWebServiceServerTestExecutionListener@277b8fa4]
22:07:06.558 [main] DEBUG org.springframework.test.annotation.ProfileValueUtils - Retrieved @ProfileValueSourceConfiguration [null] for test class [com.gmail.merikbest2015.ecommerce.controller.ReviewControllerTest]
22:07:06.559 [main] DEBUG org.springframework.test.annotation.ProfileValueUtils - Retrieved ProfileValueSource type [class org.springframework.test.annotation.SystemProfileValueSource] for class [com.gmail.merikbest2015.ecommerce.controller.ReviewControllerTest]
22:07:06.561 [main] DEBUG org.springframework.test.annotation.ProfileValueUtils - Retrieved @ProfileValueSourceConfiguration [null] for test class [com.gmail.merikbest2015.ecommerce.controller.ReviewControllerTest]
22:07:06.562 [main] DEBUG org.springframework.test.annotation.ProfileValueUtils - Retrieved ProfileValueSource type [class org.springframework.test.annotation.SystemProfileValueSource] for class [com.gmail.merikbest2015.ecommerce.controller.ReviewControllerTest]
22:07:06.566 [main] DEBUG org.springframework.test.annotation.ProfileValueUtils - Retrieved @ProfileValueSourceConfiguration [null] for test class [com.gmail.merikbest2015.ecommerce.controller.ReviewControllerTest]
22:07:06.567 [main] DEBUG org.springframework.test.annotation.ProfileValueUtils - Retrieved ProfileValueSource type [class org.springframework.test.annotation.SystemProfileValueSource] for class [com.gmail.merikbest2015.ecommerce.controller.ReviewControllerTest]
22:07:06.600 [main] DEBUG org.springframework.test.context.junit4.SpringJUnit4ClassRunner - SpringJUnit4ClassRunner constructor called with [class com.gmail.merikbest2015.ecommerce.controller.AuthenticationControllerTest]
22:07:06.600 [main] DEBUG org.springframework.test.context.BootstrapUtils - Instantiating CacheAwareContextLoaderDelegate from class [org.springframework.test.context.cache.DefaultCacheAwareContextLoaderDelegate]
22:07:06.600 [main] DEBUG org.springframework.test.context.BootstrapUtils - Instantiating BootstrapContext using constructor [public org.springframework.test.context.support.DefaultBootstrapContext(java.lang.Class,org.springframework.test.context.CacheAwareContextLoaderDelegate)]
22:07:06.601 [main] DEBUG org.springframework.test.context.BootstrapUtils - Instantiating TestContextBootstrapper for test class [com.gmail.merikbest2015.ecommerce.controller.AuthenticationControllerTest] from class [org.springframework.boot.test.context.SpringBootTestContextBootstrapper]
22:07:06.603 [main] INFO org.springframework.boot.test.context.SpringBootTestContextBootstrapper - Neither @ContextConfiguration nor @ContextHierarchy found for test class [com.gmail.merikbest2015.ecommerce.controller.AuthenticationControllerTest], using SpringBootContextLoader
22:07:06.604 [main] DEBUG org.springframework.test.context.support.AbstractContextLoader - Did not detect default resource location for test class [com.gmail.merikbest2015.ecommerce.controller.AuthenticationControllerTest]: class path resource [com/gmail/merikbest2015/ecommerce/controller/AuthenticationControllerTest-context.xml] does not exist
22:07:06.604 [main] DEBUG org.springframework.test.context.support.AbstractContextLoader - Did not detect default resource location for test class [com.gmail.merikbest2015.ecommerce.controller.AuthenticationControllerTest]: class path resource [com/gmail/merikbest2015/ecommerce/controller/AuthenticationControllerTestContext.groovy] does not exist
22:07:06.604 [main] INFO org.springframework.test.context.support.AbstractContextLoader - Could not detect default resource locations for test class [com.gmail.merikbest2015.ecommerce.controller.AuthenticationControllerTest]: no resource found for suffixes {-context.xml, Context.groovy}.
22:07:06.605 [main] INFO org.springframework.test.context.support.AnnotationConfigContextLoaderUtils - Could not detect default configuration classes for test class [com.gmail.merikbest2015.ecommerce.controller.AuthenticationControllerTest]: AuthenticationControllerTest does not declare any static, non-private, non-final, nested classes annotated with @Configuration.
22:07:06.611 [main] DEBUG org.springframework.test.context.support.ActiveProfilesUtils - Could not find an 'annotation declaring class' for annotation type [org.springframework.test.context.ActiveProfiles] and class [com.gmail.merikbest2015.ecommerce.controller.AuthenticationControllerTest]
22:07:06.612 [main] INFO org.springframework.boot.test.context.SpringBootTestContextBootstrapper - Found @SpringBootConfiguration com.gmail.merikbest2015.ecommerce.EcommerceApplication for test class com.gmail.merikbest2015.ecommerce.controller.AuthenticationControllerTest
22:07:06.615 [main] DEBUG org.springframework.boot.test.context.SpringBootTestContextBootstrapper - @TestExecutionListeners is not present for class [com.gmail.merikbest2015.ecommerce.controller.AuthenticationControllerTest]: using defaults.
22:07:06.615 [main] INFO org.springframework.boot.test.context.SpringBootTestContextBootstrapper - Loaded default TestExecutionListener class names from location [META-INF/spring.factories]: [org.springframework.security.test.context.support.WithSecurityContextTestExecutionListener, org.springframework.security.test.context.support.ReactorContextTestExecutionListener, org.springframework.test.context.web.ServletTestExecutionListener, org.springframework.test.context.support.DirtiesContextBeforeModesTestExecutionListener, org.springframework.test.context.support.DependencyInjectionTestExecutionListener, org.springframework.test.context.support.DirtiesContextTestExecutionListener, org.springframework.test.context.transaction.TransactionalTestExecutionListener, org.springframework.test.context.jdbc.SqlScriptsTestExecutionListener, org.springframework.test.context.event.EventPublishingTestExecutionListener, org.springframework.boot.test.mock.mockito.MockitoTestExecutionListener, org.springframework.boot.test.mock.mockito.ResetMocksTestExecutionListener, org.springframework.boot.test.autoconfigure.restdocs.RestDocsTestExecutionListener, org.springframework.boot.test.autoconfigure.web.client.MockRestServiceServerResetTestExecutionListener, org.springframework.boot.test.autoconfigure.web.servlet.MockMvcPrintOnlyOnFailureTestExecutionListener, org.springframework.boot.test.autoconfigure.web.servlet.WebDriverTestExecutionListener, org.springframework.boot.test.autoconfigure.webservices.client.MockWebServiceServerTestExecutionListener]
22:07:06.616 [main] INFO org.springframework.boot.test.context.SpringBootTestContextBootstrapper - Using TestExecutionListeners: [org.springframework.test.context.web.ServletTestExecutionListener@44cffc25, org.springframework.test.context.support.DirtiesContextBeforeModesTestExecutionListener@2a369e14, org.springframework.boot.test.mock.mockito.MockitoTestExecutionListener@25aeb5ac, org.springframework.boot.test.autoconfigure.SpringBootDependencyInjectionTestExecutionListener@c755b2, org.springframework.test.context.support.DirtiesContextTestExecutionListener@3bd2af5b, org.springframework.test.context.transaction.TransactionalTestExecutionListener@250a500b, org.springframework.test.context.jdbc.SqlScriptsTestExecutionListener@75d982d3, org.springframework.security.test.context.support.WithSecurityContextTestExecutionListener@4f89331f, org.springframework.test.context.event.EventPublishingTestExecutionListener@618ff5c2, org.springframework.security.test.context.support.ReactorContextTestExecutionListener@16727bf0, org.springframework.boot.test.mock.mockito.ResetMocksTestExecutionListener@2f84acf7, org.springframework.boot.test.autoconfigure.restdocs.RestDocsTestExecutionListener@291373d3, org.springframework.boot.test.autoconfigure.web.client.MockRestServiceServerResetTestExecutionListener@372ca2d6, org.springframework.boot.test.autoconfigure.web.servlet.MockMvcPrintOnlyOnFailureTestExecutionListener@3204e238, org.springframework.boot.test.autoconfigure.web.servlet.WebDriverTestExecutionListener@38ed139b, org.springframework.boot.test.autoconfigure.webservices.client.MockWebServiceServerTestExecutionListener@a5272be]
22:07:06.617 [main] DEBUG org.springframework.test.annotation.ProfileValueUtils - Retrieved @ProfileValueSourceConfiguration [null] for test class [com.gmail.merikbest2015.ecommerce.controller.AuthenticationControllerTest]
22:07:06.617 [main] DEBUG org.springframework.test.annotation.ProfileValueUtils - Retrieved ProfileValueSource type [class org.springframework.test.annotation.SystemProfileValueSource] for class [com.gmail.merikbest2015.ecommerce.controller.AuthenticationControllerTest]
22:07:06.618 [main] DEBUG org.springframework.test.annotation.ProfileValueUtils - Retrieved @ProfileValueSourceConfiguration [null] for test class [com.gmail.merikbest2015.ecommerce.controller.AuthenticationControllerTest]
22:07:06.618 [main] DEBUG org.springframework.test.annotation.ProfileValueUtils - Retrieved ProfileValueSource type [class org.springframework.test.annotation.SystemProfileValueSource] for class [com.gmail.merikbest2015.ecommerce.controller.AuthenticationControllerTest]
22:07:06.618 [main] DEBUG org.springframework.test.annotation.ProfileValueUtils - Retrieved @ProfileValueSourceConfiguration [null] for test class [com.gmail.merikbest2015.ecommerce.controller.AuthenticationControllerTest]
22:07:06.618 [main] DEBUG org.springframework.test.annotation.ProfileValueUtils - Retrieved ProfileValueSource type [class org.springframework.test.annotation.SystemProfileValueSource] for class [com.gmail.merikbest2015.ecommerce.controller.AuthenticationControllerTest]
22:07:06.629 [main] DEBUG org.springframework.test.context.junit4.SpringJUnit4ClassRunner - SpringJUnit4ClassRunner constructor called with [class com.gmail.merikbest2015.ecommerce.controller.PerfumeControllerTest]
22:07:06.629 [main] DEBUG org.springframework.test.context.BootstrapUtils - Instantiating CacheAwareContextLoaderDelegate from class [org.springframework.test.context.cache.DefaultCacheAwareContextLoaderDelegate]
22:07:06.629 [main] DEBUG org.springframework.test.context.BootstrapUtils - Instantiating BootstrapContext using constructor [public org.springframework.test.context.support.DefaultBootstrapContext(java.lang.Class,org.springframework.test.context.CacheAwareContextLoaderDelegate)]
22:07:06.630 [main] DEBUG org.springframework.test.context.BootstrapUtils - Instantiating TestContextBootstrapper for test class [com.gmail.merikbest2015.ecommerce.controller.PerfumeControllerTest] from class [org.springframework.boot.test.context.SpringBootTestContextBootstrapper]
22:07:06.631 [main] INFO org.springframework.boot.test.context.SpringBootTestContextBootstrapper - Neither @ContextConfiguration nor @ContextHierarchy found for test class [com.gmail.merikbest2015.ecommerce.controller.PerfumeControllerTest], using SpringBootContextLoader
22:07:06.632 [main] DEBUG org.springframework.test.context.support.AbstractContextLoader - Did not detect default resource location for test class [com.gmail.merikbest2015.ecommerce.controller.PerfumeControllerTest]: class path resource [com/gmail/merikbest2015/ecommerce/controller/PerfumeControllerTest-context.xml] does not exist
22:07:06.632 [main] DEBUG org.springframework.test.context.support.AbstractContextLoader - Did not detect default resource location for test class [com.gmail.merikbest2015.ecommerce.controller.PerfumeControllerTest]: class path resource [com/gmail/merikbest2015/ecommerce/controller/PerfumeControllerTestContext.groovy] does not exist
22:07:06.632 [main] INFO org.springframework.test.context.support.AbstractContextLoader - Could not detect default resource locations for test class [com.gmail.merikbest2015.ecommerce.controller.PerfumeControllerTest]: no resource found for suffixes {-context.xml, Context.groovy}.
22:07:06.633 [main] INFO org.springframework.test.context.support.AnnotationConfigContextLoaderUtils - Could not detect default configuration classes for test class [com.gmail.merikbest2015.ecommerce.controller.PerfumeControllerTest]: PerfumeControllerTest does not declare any static, non-private, non-final, nested classes annotated with @Configuration.
22:07:06.638 [main] DEBUG org.springframework.test.context.support.ActiveProfilesUtils - Could not find an 'annotation declaring class' for annotation type [org.springframework.test.context.ActiveProfiles] and class [com.gmail.merikbest2015.ecommerce.controller.PerfumeControllerTest]
22:07:06.639 [main] INFO org.springframework.boot.test.context.SpringBootTestContextBootstrapper - Found @SpringBootConfiguration com.gmail.merikbest2015.ecommerce.EcommerceApplication for test class com.gmail.merikbest2015.ecommerce.controller.PerfumeControllerTest
22:07:06.642 [main] DEBUG org.springframework.boot.test.context.SpringBootTestContextBootstrapper - @TestExecutionListeners is not present for class [com.gmail.merikbest2015.ecommerce.controller.PerfumeControllerTest]: using defaults.
22:07:06.642 [main] INFO org.springframework.boot.test.context.SpringBootTestContextBootstrapper - Loaded default TestExecutionListener class names from location [META-INF/spring.factories]: [org.springframework.security.test.context.support.WithSecurityContextTestExecutionListener, org.springframework.security.test.context.support.ReactorContextTestExecutionListener, org.springframework.test.context.web.ServletTestExecutionListener, org.springframework.test.context.support.DirtiesContextBeforeModesTestExecutionListener, org.springframework.test.context.support.DependencyInjectionTestExecutionListener, org.springframework.test.context.support.DirtiesContextTestExecutionListener, org.springframework.test.context.transaction.TransactionalTestExecutionListener, org.springframework.test.context.jdbc.SqlScriptsTestExecutionListener, org.springframework.test.context.event.EventPublishingTestExecutionListener, org.springframework.boot.test.mock.mockito.MockitoTestExecutionListener, org.springframework.boot.test.mock.mockito.ResetMocksTestExecutionListener, org.springframework.boot.test.autoconfigure.restdocs.RestDocsTestExecutionListener, org.springframework.boot.test.autoconfigure.web.client.MockRestServiceServerResetTestExecutionListener, org.springframework.boot.test.autoconfigure.web.servlet.MockMvcPrintOnlyOnFailureTestExecutionListener, org.springframework.boot.test.autoconfigure.web.servlet.WebDriverTestExecutionListener, org.springframework.boot.test.autoconfigure.webservices.client.MockWebServiceServerTestExecutionListener]
22:07:06.643 [main] INFO org.springframework.boot.test.context.SpringBootTestContextBootstrapper - Using TestExecutionListeners: [org.springframework.test.context.web.ServletTestExecutionListener@534180a2, org.springframework.test.context.support.DirtiesContextBeforeModesTestExecutionListener@6cf0a747, org.springframework.boot.test.mock.mockito.MockitoTestExecutionListener@21505815, org.springframework.boot.test.autoconfigure.SpringBootDependencyInjectionTestExecutionListener@7e53339, org.springframework.test.context.support.DirtiesContextTestExecutionListener@58fef7f7, org.springframework.test.context.transaction.TransactionalTestExecutionListener@31ddb930, org.springframework.test.context.jdbc.SqlScriptsTestExecutionListener@12eedfee, org.springframework.security.test.context.support.WithSecurityContextTestExecutionListener@3c3c4a71, org.springframework.test.context.event.EventPublishingTestExecutionListener@1352434e, org.springframework.security.test.context.support.ReactorContextTestExecutionListener@4f9a6c2d, org.springframework.boot.test.mock.mockito.ResetMocksTestExecutionListener@2b6fcb9f, org.springframework.boot.test.autoconfigure.restdocs.RestDocsTestExecutionListener@75de6341, org.springframework.boot.test.autoconfigure.web.client.MockRestServiceServerResetTestExecutionListener@74170687, org.springframework.boot.test.autoconfigure.web.servlet.MockMvcPrintOnlyOnFailureTestExecutionListener@68f0f72c, org.springframework.boot.test.autoconfigure.web.servlet.WebDriverTestExecutionListener@3d96fa9e, org.springframework.boot.test.autoconfigure.webservices.client.MockWebServiceServerTestExecutionListener@3b545206]
22:07:06.644 [main] DEBUG org.springframework.test.annotation.ProfileValueUtils - Retrieved @ProfileValueSourceConfiguration [null] for test class [com.gmail.merikbest2015.ecommerce.controller.PerfumeControllerTest]
22:07:06.644 [main] DEBUG org.springframework.test.annotation.ProfileValueUtils - Retrieved ProfileValueSource type [class org.springframework.test.annotation.SystemProfileValueSource] for class [com.gmail.merikbest2015.ecommerce.controller.PerfumeControllerTest]
22:07:06.644 [main] DEBUG org.springframework.test.annotation.ProfileValueUtils - Retrieved @ProfileValueSourceConfiguration [null] for test class [com.gmail.merikbest2015.ecommerce.controller.PerfumeControllerTest]
22:07:06.645 [main] DEBUG org.springframework.test.annotation.ProfileValueUtils - Retrieved ProfileValueSource type [class org.springframework.test.annotation.SystemProfileValueSource] for class [com.gmail.merikbest2015.ecommerce.controller.PerfumeControllerTest]
22:07:06.645 [main] DEBUG org.springframework.test.annotation.ProfileValueUtils - Retrieved @ProfileValueSourceConfiguration [null] for test class [com.gmail.merikbest2015.ecommerce.controller.PerfumeControllerTest]
22:07:06.645 [main] DEBUG org.springframework.test.annotation.ProfileValueUtils - Retrieved ProfileValueSource type [class org.springframework.test.annotation.SystemProfileValueSource] for class [com.gmail.merikbest2015.ecommerce.controller.PerfumeControllerTest]
22:07:06.653 [main] DEBUG org.springframework.test.context.junit4.SpringJUnit4ClassRunner - SpringJUnit4ClassRunner constructor called with [class com.gmail.merikbest2015.ecommerce.controller.RegistrationControllerTest]
22:07:06.654 [main] DEBUG org.springframework.test.context.BootstrapUtils - Instantiating CacheAwareContextLoaderDelegate from class [org.springframework.test.context.cache.DefaultCacheAwareContextLoaderDelegate]
22:07:06.654 [main] DEBUG org.springframework.test.context.BootstrapUtils - Instantiating BootstrapContext using constructor [public org.springframework.test.context.support.DefaultBootstrapContext(java.lang.Class,org.springframework.test.context.CacheAwareContextLoaderDelegate)]
22:07:06.654 [main] DEBUG org.springframework.test.context.BootstrapUtils - Instantiating TestContextBootstrapper for test class [com.gmail.merikbest2015.ecommerce.controller.RegistrationControllerTest] from class [org.springframework.boot.test.context.SpringBootTestContextBootstrapper]
22:07:06.655 [main] INFO org.springframework.boot.test.context.SpringBootTestContextBootstrapper - Neither @ContextConfiguration nor @ContextHierarchy found for test class [com.gmail.merikbest2015.ecommerce.controller.RegistrationControllerTest], using SpringBootContextLoader
22:07:06.656 [main] DEBUG org.springframework.test.context.support.AbstractContextLoader - Did not detect default resource location for test class [com.gmail.merikbest2015.ecommerce.controller.RegistrationControllerTest]: class path resource [com/gmail/merikbest2015/ecommerce/controller/RegistrationControllerTest-context.xml] does not exist
22:07:06.656 [main] DEBUG org.springframework.test.context.support.AbstractContextLoader - Did not detect default resource location for test class [com.gmail.merikbest2015.ecommerce.controller.RegistrationControllerTest]: class path resource [com/gmail/merikbest2015/ecommerce/controller/RegistrationControllerTestContext.groovy] does not exist
22:07:06.656 [main] INFO org.springframework.test.context.support.AbstractContextLoader - Could not detect default resource locations for test class [com.gmail.merikbest2015.ecommerce.controller.RegistrationControllerTest]: no resource found for suffixes {-context.xml, Context.groovy}.
22:07:06.656 [main] INFO org.springframework.test.context.support.AnnotationConfigContextLoaderUtils - Could not detect default configuration classes for test class [com.gmail.merikbest2015.ecommerce.controller.RegistrationControllerTest]: RegistrationControllerTest does not declare any static, non-private, non-final, nested classes annotated with @Configuration.
22:07:06.661 [main] DEBUG org.springframework.test.context.support.ActiveProfilesUtils - Could not find an 'annotation declaring class' for annotation type [org.springframework.test.context.ActiveProfiles] and class [com.gmail.merikbest2015.ecommerce.controller.RegistrationControllerTest]
22:07:06.661 [main] INFO org.springframework.boot.test.context.SpringBootTestContextBootstrapper - Found @SpringBootConfiguration com.gmail.merikbest2015.ecommerce.EcommerceApplication for test class com.gmail.merikbest2015.ecommerce.controller.RegistrationControllerTest
22:07:06.664 [main] DEBUG org.springframework.boot.test.context.SpringBootTestContextBootstrapper - @TestExecutionListeners is not present for class [com.gmail.merikbest2015.ecommerce.controller.RegistrationControllerTest]: using defaults.
22:07:06.664 [main] INFO org.springframework.boot.test.context.SpringBootTestContextBootstrapper - Loaded default TestExecutionListener class names from location [META-INF/spring.factories]: [org.springframework.security.test.context.support.WithSecurityContextTestExecutionListener, org.springframework.security.test.context.support.ReactorContextTestExecutionListener, org.springframework.test.context.web.ServletTestExecutionListener, org.springframework.test.context.support.DirtiesContextBeforeModesTestExecutionListener, org.springframework.test.context.support.DependencyInjectionTestExecutionListener, org.springframework.test.context.support.DirtiesContextTestExecutionListener, org.springframework.test.context.transaction.TransactionalTestExecutionListener, org.springframework.test.context.jdbc.SqlScriptsTestExecutionListener, org.springframework.test.context.event.EventPublishingTestExecutionListener, org.springframework.boot.test.mock.mockito.MockitoTestExecutionListener, org.springframework.boot.test.mock.mockito.ResetMocksTestExecutionListener, org.springframework.boot.test.autoconfigure.restdocs.RestDocsTestExecutionListener, org.springframework.boot.test.autoconfigure.web.client.MockRestServiceServerResetTestExecutionListener, org.springframework.boot.test.autoconfigure.web.servlet.MockMvcPrintOnlyOnFailureTestExecutionListener, org.springframework.boot.test.autoconfigure.web.servlet.WebDriverTestExecutionListener, org.springframework.boot.test.autoconfigure.webservices.client.MockWebServiceServerTestExecutionListener]
22:07:06.665 [main] INFO org.springframework.boot.test.context.SpringBootTestContextBootstrapper - Using TestExecutionListeners: [org.springframework.test.context.web.ServletTestExecutionListener@1c26273d, org.springframework.test.context.support.DirtiesContextBeforeModesTestExecutionListener@3a37a501, org.springframework.boot.test.mock.mockito.MockitoTestExecutionListener@7a583586, org.springframework.boot.test.autoconfigure.SpringBootDependencyInjectionTestExecutionListener@3a26ec8d, org.springframework.test.context.support.DirtiesContextTestExecutionListener@17143b3b, org.springframework.test.context.transaction.TransactionalTestExecutionListener@100c8b75, org.springframework.test.context.jdbc.SqlScriptsTestExecutionListener@2bc378f7, org.springframework.security.test.context.support.WithSecurityContextTestExecutionListener@268cbb86, org.springframework.test.context.event.EventPublishingTestExecutionListener@10f7918f, org.springframework.security.test.context.support.ReactorContextTestExecutionListener@64d4f7c7, org.springframework.boot.test.mock.mockito.ResetMocksTestExecutionListener@54e02f6a, org.springframework.boot.test.autoconfigure.restdocs.RestDocsTestExecutionListener@17f3eefb, org.springframework.boot.test.autoconfigure.web.client.MockRestServiceServerResetTestExecutionListener@3ba46e63, org.springframework.boot.test.autoconfigure.web.servlet.MockMvcPrintOnlyOnFailureTestExecutionListener@788ddc1f, org.springframework.boot.test.autoconfigure.web.servlet.WebDriverTestExecutionListener@2dc3271b, org.springframework.boot.test.autoconfigure.webservices.client.MockWebServiceServerTestExecutionListener@254f906e]
22:07:06.665 [main] DEBUG org.springframework.test.annotation.ProfileValueUtils - Retrieved @ProfileValueSourceConfiguration [null] for test class [com.gmail.merikbest2015.ecommerce.controller.RegistrationControllerTest]
22:07:06.666 [main] DEBUG org.springframework.test.annotation.ProfileValueUtils - Retrieved ProfileValueSource type [class org.springframework.test.annotation.SystemProfileValueSource] for class [com.gmail.merikbest2015.ecommerce.controller.RegistrationControllerTest]
22:07:06.666 [main] DEBUG org.springframework.test.annotation.ProfileValueUtils - Retrieved @ProfileValueSourceConfiguration [null] for test class [com.gmail.merikbest2015.ecommerce.controller.RegistrationControllerTest]
22:07:06.666 [main] DEBUG org.springframework.test.annotation.ProfileValueUtils - Retrieved ProfileValueSource type [class org.springframework.test.annotation.SystemProfileValueSource] for class [com.gmail.merikbest2015.ecommerce.controller.RegistrationControllerTest]
22:07:06.666 [main] DEBUG org.springframework.test.annotation.ProfileValueUtils - Retrieved @ProfileValueSourceConfiguration [null] for test class [com.gmail.merikbest2015.ecommerce.controller.RegistrationControllerTest]
22:07:06.666 [main] DEBUG org.springframework.test.annotation.ProfileValueUtils - Retrieved ProfileValueSource type [class org.springframework.test.annotation.SystemProfileValueSource] for class [com.gmail.merikbest2015.ecommerce.controller.RegistrationControllerTest]
22:07:06.673 [main] DEBUG org.springframework.test.context.junit4.SpringJUnit4ClassRunner - SpringJUnit4ClassRunner constructor called with [class com.gmail.merikbest2015.ecommerce.controller.UserControllerTest]
22:07:06.673 [main] DEBUG org.springframework.test.context.BootstrapUtils - Instantiating CacheAwareContextLoaderDelegate from class [org.springframework.test.context.cache.DefaultCacheAwareContextLoaderDelegate]
22:07:06.673 [main] DEBUG org.springframework.test.context.BootstrapUtils - Instantiating BootstrapContext using constructor [public org.springframework.test.context.support.DefaultBootstrapContext(java.lang.Class,org.springframework.test.context.CacheAwareContextLoaderDelegate)]
22:07:06.674 [main] DEBUG org.springframework.test.context.BootstrapUtils - Instantiating TestContextBootstrapper for test class [com.gmail.merikbest2015.ecommerce.controller.UserControllerTest] from class [org.springframework.boot.test.context.SpringBootTestContextBootstrapper]
22:07:06.674 [main] INFO org.springframework.boot.test.context.SpringBootTestContextBootstrapper - Neither @ContextConfiguration nor @ContextHierarchy found for test class [com.gmail.merikbest2015.ecommerce.controller.UserControllerTest], using SpringBootContextLoader
22:07:06.675 [main] DEBUG org.springframework.test.context.support.AbstractContextLoader - Did not detect default resource location for test class [com.gmail.merikbest2015.ecommerce.controller.UserControllerTest]: class path resource [com/gmail/merikbest2015/ecommerce/controller/UserControllerTest-context.xml] does not exist
22:07:06.676 [main] DEBUG org.springframework.test.context.support.AbstractContextLoader - Did not detect default resource location for test class [com.gmail.merikbest2015.ecommerce.controller.UserControllerTest]: class path resource [com/gmail/merikbest2015/ecommerce/controller/UserControllerTestContext.groovy] does not exist
22:07:06.676 [main] INFO org.springframework.test.context.support.AbstractContextLoader - Could not detect default resource locations for test class [com.gmail.merikbest2015.ecommerce.controller.UserControllerTest]: no resource found for suffixes {-context.xml, Context.groovy}.
22:07:06.676 [main] INFO org.springframework.test.context.support.AnnotationConfigContextLoaderUtils - Could not detect default configuration classes for test class [com.gmail.merikbest2015.ecommerce.controller.UserControllerTest]: UserControllerTest does not declare any static, non-private, non-final, nested classes annotated with @Configuration.
22:07:06.680 [main] DEBUG org.springframework.test.context.support.ActiveProfilesUtils - Could not find an 'annotation declaring class' for annotation type [org.springframework.test.context.ActiveProfiles] and class [com.gmail.merikbest2015.ecommerce.controller.UserControllerTest]
22:07:06.680 [main] INFO org.springframework.boot.test.context.SpringBootTestContextBootstrapper - Found @SpringBootConfiguration com.gmail.merikbest2015.ecommerce.EcommerceApplication for test class com.gmail.merikbest2015.ecommerce.controller.UserControllerTest
22:07:06.682 [main] DEBUG org.springframework.boot.test.context.SpringBootTestContextBootstrapper - @TestExecutionListeners is not present for class [com.gmail.merikbest2015.ecommerce.controller.UserControllerTest]: using defaults.
22:07:06.683 [main] INFO org.springframework.boot.test.context.SpringBootTestContextBootstrapper - Loaded default TestExecutionListener class names from location [META-INF/spring.factories]: [org.springframework.security.test.context.support.WithSecurityContextTestExecutionListener, org.springframework.security.test.context.support.ReactorContextTestExecutionListener, org.springframework.test.context.web.ServletTestExecutionListener, org.springframework.test.context.support.DirtiesContextBeforeModesTestExecutionListener, org.springframework.test.context.support.DependencyInjectionTestExecutionListener, org.springframework.test.context.support.DirtiesContextTestExecutionListener, org.springframework.test.context.transaction.TransactionalTestExecutionListener, org.springframework.test.context.jdbc.SqlScriptsTestExecutionListener, org.springframework.test.context.event.EventPublishingTestExecutionListener, org.springframework.boot.test.mock.mockito.MockitoTestExecutionListener, org.springframework.boot.test.mock.mockito.ResetMocksTestExecutionListener, org.springframework.boot.test.autoconfigure.restdocs.RestDocsTestExecutionListener, org.springframework.boot.test.autoconfigure.web.client.MockRestServiceServerResetTestExecutionListener, org.springframework.boot.test.autoconfigure.web.servlet.MockMvcPrintOnlyOnFailureTestExecutionListener, org.springframework.boot.test.autoconfigure.web.servlet.WebDriverTestExecutionListener, org.springframework.boot.test.autoconfigure.webservices.client.MockWebServiceServerTestExecutionListener]
22:07:06.684 [main] INFO org.springframework.boot.test.context.SpringBootTestContextBootstrapper - Using TestExecutionListeners: [org.springframework.test.context.web.ServletTestExecutionListener@1a22e0ef, org.springframework.test.context.support.DirtiesContextBeforeModesTestExecutionListener@67514bdd, org.springframework.boot.test.mock.mockito.MockitoTestExecutionListener@3b920bdc, org.springframework.boot.test.autoconfigure.SpringBootDependencyInjectionTestExecutionListener@7f5538a1, org.springframework.test.context.support.DirtiesContextTestExecutionListener@72fd8a3c, org.springframework.test.context.transaction.TransactionalTestExecutionListener@1f9f381d, org.springframework.test.context.jdbc.SqlScriptsTestExecutionListener@34780cd9, org.springframework.security.test.context.support.WithSecurityContextTestExecutionListener@623ebac7, org.springframework.test.context.event.EventPublishingTestExecutionListener@7c8c70d6, org.springframework.security.test.context.support.ReactorContextTestExecutionListener@1ab5f08a, org.springframework.boot.test.mock.mockito.ResetMocksTestExecutionListener@6edf29c1, org.springframework.boot.test.autoconfigure.restdocs.RestDocsTestExecutionListener@79a04e5f, org.springframework.boot.test.autoconfigure.web.client.MockRestServiceServerResetTestExecutionListener@66b59b7d, org.springframework.boot.test.autoconfigure.web.servlet.MockMvcPrintOnlyOnFailureTestExecutionListener@53311681, org.springframework.boot.test.autoconfigure.web.servlet.WebDriverTestExecutionListener@4437ac07, org.springframework.boot.test.autoconfigure.webservices.client.MockWebServiceServerTestExecutionListener@3f1ed068]
22:07:06.684 [main] DEBUG org.springframework.test.annotation.ProfileValueUtils - Retrieved @ProfileValueSourceConfiguration [null] for test class [com.gmail.merikbest2015.ecommerce.controller.UserControllerTest]
22:07:06.684 [main] DEBUG org.springframework.test.annotation.ProfileValueUtils - Retrieved ProfileValueSource type [class org.springframework.test.annotation.SystemProfileValueSource] for class [com.gmail.merikbest2015.ecommerce.controller.UserControllerTest]
22:07:06.685 [main] DEBUG org.springframework.test.annotation.ProfileValueUtils - Retrieved @ProfileValueSourceConfiguration [null] for test class [com.gmail.merikbest2015.ecommerce.controller.UserControllerTest]
22:07:06.685 [main] DEBUG org.springframework.test.annotation.ProfileValueUtils - Retrieved ProfileValueSource type [class org.springframework.test.annotation.SystemProfileValueSource] for class [com.gmail.merikbest2015.ecommerce.controller.UserControllerTest]
22:07:06.685 [main] DEBUG org.springframework.test.annotation.ProfileValueUtils - Retrieved @ProfileValueSourceConfiguration [null] for test class [com.gmail.merikbest2015.ecommerce.controller.UserControllerTest]
22:07:06.685 [main] DEBUG org.springframework.test.annotation.ProfileValueUtils - Retrieved ProfileValueSource type [class org.springframework.test.annotation.SystemProfileValueSource] for class [com.gmail.merikbest2015.ecommerce.controller.UserControllerTest]
22:07:06.707 [main] DEBUG org.springframework.test.context.junit4.SpringJUnit4ClassRunner - SpringJUnit4ClassRunner constructor called with [class com.gmail.merikbest2015.ecommerce.controller.AdminControllerTest]
22:07:06.707 [main] DEBUG org.springframework.test.context.BootstrapUtils - Instantiating CacheAwareContextLoaderDelegate from class [org.springframework.test.context.cache.DefaultCacheAwareContextLoaderDelegate]
22:07:06.707 [main] DEBUG org.springframework.test.context.BootstrapUtils - Instantiating BootstrapContext using constructor [public org.springframework.test.context.support.DefaultBootstrapContext(java.lang.Class,org.springframework.test.context.CacheAwareContextLoaderDelegate)]
22:07:06.708 [main] DEBUG org.springframework.test.context.BootstrapUtils - Instantiating TestContextBootstrapper for test class [com.gmail.merikbest2015.ecommerce.controller.AdminControllerTest] from class [org.springframework.boot.test.context.SpringBootTestContextBootstrapper]
22:07:06.709 [main] INFO org.springframework.boot.test.context.SpringBootTestContextBootstrapper - Neither @ContextConfiguration nor @ContextHierarchy found for test class [com.gmail.merikbest2015.ecommerce.controller.AdminControllerTest], using SpringBootContextLoader
22:07:06.710 [main] DEBUG org.springframework.test.context.support.AbstractContextLoader - Did not detect default resource location for test class [com.gmail.merikbest2015.ecommerce.controller.AdminControllerTest]: class path resource [com/gmail/merikbest2015/ecommerce/controller/AdminControllerTest-context.xml] does not exist
22:07:06.710 [main] DEBUG org.springframework.test.context.support.AbstractContextLoader - Did not detect default resource location for test class [com.gmail.merikbest2015.ecommerce.controller.AdminControllerTest]: class path resource [com/gmail/merikbest2015/ecommerce/controller/AdminControllerTestContext.groovy] does not exist
22:07:06.710 [main] INFO org.springframework.test.context.support.AbstractContextLoader - Could not detect default resource locations for test class [com.gmail.merikbest2015.ecommerce.controller.AdminControllerTest]: no resource found for suffixes {-context.xml, Context.groovy}.
22:07:06.710 [main] INFO org.springframework.test.context.support.AnnotationConfigContextLoaderUtils - Could not detect default configuration classes for test class [com.gmail.merikbest2015.ecommerce.controller.AdminControllerTest]: AdminControllerTest does not declare any static, non-private, non-final, nested classes annotated with @Configuration.
22:07:06.719 [main] DEBUG org.springframework.test.context.support.ActiveProfilesUtils - Could not find an 'annotation declaring class' for annotation type [org.springframework.test.context.ActiveProfiles] and class [com.gmail.merikbest2015.ecommerce.controller.AdminControllerTest]
22:07:06.720 [main] INFO org.springframework.boot.test.context.SpringBootTestContextBootstrapper - Found @SpringBootConfiguration com.gmail.merikbest2015.ecommerce.EcommerceApplication for test class com.gmail.merikbest2015.ecommerce.controller.AdminControllerTest
22:07:06.722 [main] DEBUG org.springframework.boot.test.context.SpringBootTestContextBootstrapper - @TestExecutionListeners is not present for class [com.gmail.merikbest2015.ecommerce.controller.AdminControllerTest]: using defaults.
22:07:06.723 [main] INFO org.springframework.boot.test.context.SpringBootTestContextBootstrapper - Loaded default TestExecutionListener class names from location [META-INF/spring.factories]: [org.springframework.security.test.context.support.WithSecurityContextTestExecutionListener, org.springframework.security.test.context.support.ReactorContextTestExecutionListener, org.springframework.test.context.web.ServletTestExecutionListener, org.springframework.test.context.support.DirtiesContextBeforeModesTestExecutionListener, org.springframework.test.context.support.DependencyInjectionTestExecutionListener, org.springframework.test.context.support.DirtiesContextTestExecutionListener, org.springframework.test.context.transaction.TransactionalTestExecutionListener, org.springframework.test.context.jdbc.SqlScriptsTestExecutionListener, org.springframework.test.context.event.EventPublishingTestExecutionListener, org.springframework.boot.test.mock.mockito.MockitoTestExecutionListener, org.springframework.boot.test.mock.mockito.ResetMocksTestExecutionListener, org.springframework.boot.test.autoconfigure.restdocs.RestDocsTestExecutionListener, org.springframework.boot.test.autoconfigure.web.client.MockRestServiceServerResetTestExecutionListener, org.springframework.boot.test.autoconfigure.web.servlet.MockMvcPrintOnlyOnFailureTestExecutionListener, org.springframework.boot.test.autoconfigure.web.servlet.WebDriverTestExecutionListener, org.springframework.boot.test.autoconfigure.webservices.client.MockWebServiceServerTestExecutionListener]
22:07:06.725 [main] INFO org.springframework.boot.test.context.SpringBootTestContextBootstrapper - Using TestExecutionListeners: [org.springframework.test.context.web.ServletTestExecutionListener@671c4166, org.springframework.test.context.support.DirtiesContextBeforeModesTestExecutionListener@53d13cd4, org.springframework.boot.test.mock.mockito.MockitoTestExecutionListener@77865933, org.springframework.boot.test.autoconfigure.SpringBootDependencyInjectionTestExecutionListener@480ad82c, org.springframework.test.context.support.DirtiesContextTestExecutionListener@4d18b73a, org.springframework.test.context.transaction.TransactionalTestExecutionListener@177515d1, org.springframework.test.context.jdbc.SqlScriptsTestExecutionListener@52ff99cd, org.springframework.security.test.context.support.WithSecurityContextTestExecutionListener@4c2af006, org.springframework.test.context.event.EventPublishingTestExecutionListener@44032fde, org.springframework.security.test.context.support.ReactorContextTestExecutionListener@7b676112, org.springframework.boot.test.mock.mockito.ResetMocksTestExecutionListener@5578be42, org.springframework.boot.test.autoconfigure.restdocs.RestDocsTestExecutionListener@4e49ce2b, org.springframework.boot.test.autoconfigure.web.client.MockRestServiceServerResetTestExecutionListener@136965e3, org.springframework.boot.test.autoconfigure.web.servlet.MockMvcPrintOnlyOnFailureTestExecutionListener@53c6f96d, org.springframework.boot.test.autoconfigure.web.servlet.WebDriverTestExecutionListener@435cc7f9, org.springframework.boot.test.autoconfigure.webservices.client.MockWebServiceServerTestExecutionListener@4364712f]
22:07:06.725 [main] DEBUG org.springframework.test.annotation.ProfileValueUtils - Retrieved @ProfileValueSourceConfiguration [null] for test class [com.gmail.merikbest2015.ecommerce.controller.AdminControllerTest]
22:07:06.725 [main] DEBUG org.springframework.test.annotation.ProfileValueUtils - Retrieved ProfileValueSource type [class org.springframework.test.annotation.SystemProfileValueSource] for class [com.gmail.merikbest2015.ecommerce.controller.AdminControllerTest]
22:07:06.725 [main] DEBUG org.springframework.test.annotation.ProfileValueUtils - Retrieved @ProfileValueSourceConfiguration [null] for test class [com.gmail.merikbest2015.ecommerce.controller.AdminControllerTest]
22:07:06.726 [main] DEBUG org.springframework.test.annotation.ProfileValueUtils - Retrieved ProfileValueSource type [class org.springframework.test.annotation.SystemProfileValueSource] for class [com.gmail.merikbest2015.ecommerce.controller.AdminControllerTest]
22:07:06.726 [main] DEBUG org.springframework.test.annotation.ProfileValueUtils - Retrieved @ProfileValueSourceConfiguration [null] for test class [com.gmail.merikbest2015.ecommerce.controller.AdminControllerTest]
22:07:06.726 [main] DEBUG org.springframework.test.annotation.ProfileValueUtils - Retrieved ProfileValueSource type [class org.springframework.test.annotation.SystemProfileValueSource] for class [com.gmail.merikbest2015.ecommerce.controller.AdminControllerTest]
22:07:06.743 [main] DEBUG org.springframework.test.context.junit4.SpringJUnit4ClassRunner - SpringJUnit4ClassRunner constructor called with [class com.gmail.merikbest2015.ecommerce.controller.OrderControllerTest]
22:07:06.743 [main] DEBUG org.springframework.test.context.BootstrapUtils - Instantiating CacheAwareContextLoaderDelegate from class [org.springframework.test.context.cache.DefaultCacheAwareContextLoaderDelegate]
22:07:06.743 [main] DEBUG org.springframework.test.context.BootstrapUtils - Instantiating BootstrapContext using constructor [public org.springframework.test.context.support.DefaultBootstrapContext(java.lang.Class,org.springframework.test.context.CacheAwareContextLoaderDelegate)]
22:07:06.743 [main] DEBUG org.springframework.test.context.BootstrapUtils - Instantiating TestContextBootstrapper for test class [com.gmail.merikbest2015.ecommerce.controller.OrderControllerTest] from class [org.springframework.boot.test.context.SpringBootTestContextBootstrapper]
22:07:06.744 [main] INFO org.springframework.boot.test.context.SpringBootTestContextBootstrapper - Neither @ContextConfiguration nor @ContextHierarchy found for test class [com.gmail.merikbest2015.ecommerce.controller.OrderControllerTest], using SpringBootContextLoader
22:07:06.745 [main] DEBUG org.springframework.test.context.support.AbstractContextLoader - Did not detect default resource location for test class [com.gmail.merikbest2015.ecommerce.controller.OrderControllerTest]: class path resource [com/gmail/merikbest2015/ecommerce/controller/OrderControllerTest-context.xml] does not exist
22:07:06.746 [main] DEBUG org.springframework.test.context.support.AbstractContextLoader - Did not detect default resource location for test class [com.gmail.merikbest2015.ecommerce.controller.OrderControllerTest]: class path resource [com/gmail/merikbest2015/ecommerce/controller/OrderControllerTestContext.groovy] does not exist
22:07:06.746 [main] INFO org.springframework.test.context.support.AbstractContextLoader - Could not detect default resource locations for test class [com.gmail.merikbest2015.ecommerce.controller.OrderControllerTest]: no resource found for suffixes {-context.xml, Context.groovy}.
22:07:06.746 [main] INFO org.springframework.test.context.support.AnnotationConfigContextLoaderUtils - Could not detect default configuration classes for test class [com.gmail.merikbest2015.ecommerce.controller.OrderControllerTest]: OrderControllerTest does not declare any static, non-private, non-final, nested classes annotated with @Configuration.
22:07:06.768 [main] DEBUG org.springframework.test.context.support.ActiveProfilesUtils - Could not find an 'annotation declaring class' for annotation type [org.springframework.test.context.ActiveProfiles] and class [com.gmail.merikbest2015.ecommerce.controller.OrderControllerTest]
22:07:06.769 [main] INFO org.springframework.boot.test.context.SpringBootTestContextBootstrapper - Found @SpringBootConfiguration com.gmail.merikbest2015.ecommerce.EcommerceApplication for test class com.gmail.merikbest2015.ecommerce.controller.OrderControllerTest
22:07:06.775 [main] DEBUG org.springframework.boot.test.context.SpringBootTestContextBootstrapper - @TestExecutionListeners is not present for class [com.gmail.merikbest2015.ecommerce.controller.OrderControllerTest]: using defaults.
22:07:06.775 [main] INFO org.springframework.boot.test.context.SpringBootTestContextBootstrapper - Loaded default TestExecutionListener class names from location [META-INF/spring.factories]: [org.springframework.security.test.context.support.WithSecurityContextTestExecutionListener, org.springframework.security.test.context.support.ReactorContextTestExecutionListener, org.springframework.test.context.web.ServletTestExecutionListener, org.springframework.test.context.support.DirtiesContextBeforeModesTestExecutionListener, org.springframework.test.context.support.DependencyInjectionTestExecutionListener, org.springframework.test.context.support.DirtiesContextTestExecutionListener, org.springframework.test.context.transaction.TransactionalTestExecutionListener, org.springframework.test.context.jdbc.SqlScriptsTestExecutionListener, org.springframework.test.context.event.EventPublishingTestExecutionListener, org.springframework.boot.test.mock.mockito.MockitoTestExecutionListener, org.springframework.boot.test.mock.mockito.ResetMocksTestExecutionListener, org.springframework.boot.test.autoconfigure.restdocs.RestDocsTestExecutionListener, org.springframework.boot.test.autoconfigure.web.client.MockRestServiceServerResetTestExecutionListener, org.springframework.boot.test.autoconfigure.web.servlet.MockMvcPrintOnlyOnFailureTestExecutionListener, org.springframework.boot.test.autoconfigure.web.servlet.WebDriverTestExecutionListener, org.springframework.boot.test.autoconfigure.webservices.client.MockWebServiceServerTestExecutionListener]
22:07:06.776 [main] INFO org.springframework.boot.test.context.SpringBootTestContextBootstrapper - Using TestExecutionListeners: [org.springframework.test.context.web.ServletTestExecutionListener@f88bfbe, org.springframework.test.context.support.DirtiesContextBeforeModesTestExecutionListener@59bbe88a, org.springframework.boot.test.mock.mockito.MockitoTestExecutionListener@5d8ab698, org.springframework.boot.test.autoconfigure.SpringBootDependencyInjectionTestExecutionListener@ed91d8d, org.springframework.test.context.support.DirtiesContextTestExecutionListener@446626a7, org.springframework.test.context.transaction.TransactionalTestExecutionListener@429f7919, org.springframework.test.context.jdbc.SqlScriptsTestExecutionListener@4a2929a4, org.springframework.security.test.context.support.WithSecurityContextTestExecutionListener@cda6019, org.springframework.test.context.event.EventPublishingTestExecutionListener@797c3c3b, org.springframework.security.test.context.support.ReactorContextTestExecutionListener@4012d5bc, org.springframework.boot.test.mock.mockito.ResetMocksTestExecutionListener@4375b013, org.springframework.boot.test.autoconfigure.restdocs.RestDocsTestExecutionListener@1cf0cacc, org.springframework.boot.test.autoconfigure.web.client.MockRestServiceServerResetTestExecutionListener@4f5b08d, org.springframework.boot.test.autoconfigure.web.servlet.MockMvcPrintOnlyOnFailureTestExecutionListener@529c2a9a, org.springframework.boot.test.autoconfigure.web.servlet.WebDriverTestExecutionListener@3c87fdf2, org.springframework.boot.test.autoconfigure.webservices.client.MockWebServiceServerTestExecutionListener@26bbe604]
22:07:06.776 [main] DEBUG org.springframework.test.annotation.ProfileValueUtils - Retrieved @ProfileValueSourceConfiguration [null] for test class [com.gmail.merikbest2015.ecommerce.controller.OrderControllerTest]
22:07:06.776 [main] DEBUG org.springframework.test.annotation.ProfileValueUtils - Retrieved ProfileValueSource type [class org.springframework.test.annotation.SystemProfileValueSource] for class [com.gmail.merikbest2015.ecommerce.controller.OrderControllerTest]
22:07:06.776 [main] DEBUG org.springframework.test.annotation.ProfileValueUtils - Retrieved @ProfileValueSourceConfiguration [null] for test class [com.gmail.merikbest2015.ecommerce.controller.OrderControllerTest]
22:07:06.777 [main] DEBUG org.springframework.test.annotation.ProfileValueUtils - Retrieved ProfileValueSource type [class org.springframework.test.annotation.SystemProfileValueSource] for class [com.gmail.merikbest2015.ecommerce.controller.OrderControllerTest]
22:07:06.777 [main] DEBUG org.springframework.test.annotation.ProfileValueUtils - Retrieved @ProfileValueSourceConfiguration [null] for test class [com.gmail.merikbest2015.ecommerce.controller.OrderControllerTest]
22:07:06.777 [main] DEBUG org.springframework.test.annotation.ProfileValueUtils - Retrieved ProfileValueSource type [class org.springframework.test.annotation.SystemProfileValueSource] for class [com.gmail.merikbest2015.ecommerce.controller.OrderControllerTest]
22:07:06.782 [main] DEBUG org.springframework.test.context.junit4.SpringJUnit4ClassRunner - SpringJUnit4ClassRunner constructor called with [class com.gmail.merikbest2015.ecommerce.mapper.UserMapperTest]
22:07:06.782 [main] DEBUG org.springframework.test.context.BootstrapUtils - Instantiating CacheAwareContextLoaderDelegate from class [org.springframework.test.context.cache.DefaultCacheAwareContextLoaderDelegate]
22:07:06.783 [main] DEBUG org.springframework.test.context.BootstrapUtils - Instantiating BootstrapContext using constructor [public org.springframework.test.context.support.DefaultBootstrapContext(java.lang.Class,org.springframework.test.context.CacheAwareContextLoaderDelegate)]
22:07:06.783 [main] DEBUG org.springframework.test.context.BootstrapUtils - Instantiating TestContextBootstrapper for test class [com.gmail.merikbest2015.ecommerce.mapper.UserMapperTest] from class [org.springframework.boot.test.context.SpringBootTestContextBootstrapper]
22:07:06.783 [main] INFO org.springframework.boot.test.context.SpringBootTestContextBootstrapper - Neither @ContextConfiguration nor @ContextHierarchy found for test class [com.gmail.merikbest2015.ecommerce.mapper.UserMapperTest], using SpringBootContextLoader
22:07:06.784 [main] DEBUG org.springframework.test.context.support.AbstractContextLoader - Did not detect default resource location for test class [com.gmail.merikbest2015.ecommerce.mapper.UserMapperTest]: class path resource [com/gmail/merikbest2015/ecommerce/mapper/UserMapperTest-context.xml] does not exist
22:07:06.785 [main] DEBUG org.springframework.test.context.support.AbstractContextLoader - Did not detect default resource location for test class [com.gmail.merikbest2015.ecommerce.mapper.UserMapperTest]: class path resource [com/gmail/merikbest2015/ecommerce/mapper/UserMapperTestContext.groovy] does not exist
22:07:06.785 [main] INFO org.springframework.test.context.support.AbstractContextLoader - Could not detect default resource locations for test class [com.gmail.merikbest2015.ecommerce.mapper.UserMapperTest]: no resource found for suffixes {-context.xml, Context.groovy}.
22:07:06.785 [main] INFO org.springframework.test.context.support.AnnotationConfigContextLoaderUtils - Could not detect default configuration classes for test class [com.gmail.merikbest2015.ecommerce.mapper.UserMapperTest]: UserMapperTest does not declare any static, non-private, non-final, nested classes annotated with @Configuration.
22:07:06.789 [main] DEBUG org.springframework.test.context.support.ActiveProfilesUtils - Could not find an 'annotation declaring class' for annotation type [org.springframework.test.context.ActiveProfiles] and class [com.gmail.merikbest2015.ecommerce.mapper.UserMapperTest]
22:07:06.830 [main] DEBUG org.springframework.context.annotation.ClassPathScanningCandidateComponentProvider - Identified candidate component class: file [/home/runner/work/desofs2025_wed_nap_1/desofs2025_wed_nap_1/target/classes/com/gmail/merikbest2015/ecommerce/EcommerceApplication.class]
22:07:06.830 [main] INFO org.springframework.boot.test.context.SpringBootTestContextBootstrapper - Found @SpringBootConfiguration com.gmail.merikbest2015.ecommerce.EcommerceApplication for test class com.gmail.merikbest2015.ecommerce.mapper.UserMapperTest
22:07:06.833 [main] DEBUG org.springframework.boot.test.context.SpringBootTestContextBootstrapper - @TestExecutionListeners is not present for class [com.gmail.merikbest2015.ecommerce.mapper.UserMapperTest]: using defaults.
22:07:06.833 [main] INFO org.springframework.boot.test.context.SpringBootTestContextBootstrapper - Loaded default TestExecutionListener class names from location [META-INF/spring.factories]: [org.springframework.security.test.context.support.WithSecurityContextTestExecutionListener, org.springframework.security.test.context.support.ReactorContextTestExecutionListener, org.springframework.test.context.web.ServletTestExecutionListener, org.springframework.test.context.support.DirtiesContextBeforeModesTestExecutionListener, org.springframework.test.context.support.DependencyInjectionTestExecutionListener, org.springframework.test.context.support.DirtiesContextTestExecutionListener, org.springframework.test.context.transaction.TransactionalTestExecutionListener, org.springframework.test.context.jdbc.SqlScriptsTestExecutionListener, org.springframework.test.context.event.EventPublishingTestExecutionListener, org.springframework.boot.test.mock.mockito.MockitoTestExecutionListener, org.springframework.boot.test.mock.mockito.ResetMocksTestExecutionListener, org.springframework.boot.test.autoconfigure.restdocs.RestDocsTestExecutionListener, org.springframework.boot.test.autoconfigure.web.client.MockRestServiceServerResetTestExecutionListener, org.springframework.boot.test.autoconfigure.web.servlet.MockMvcPrintOnlyOnFailureTestExecutionListener, org.springframework.boot.test.autoconfigure.web.servlet.WebDriverTestExecutionListener, org.springframework.boot.test.autoconfigure.webservices.client.MockWebServiceServerTestExecutionListener]
22:07:06.835 [main] INFO org.springframework.boot.test.context.SpringBootTestContextBootstrapper - Using TestExecutionListeners: [org.springframework.test.context.web.ServletTestExecutionListener@329bad59, org.springframework.test.context.support.DirtiesContextBeforeModesTestExecutionListener@862f408, org.springframework.boot.test.mock.mockito.MockitoTestExecutionListener@178f268a, org.springframework.boot.test.autoconfigure.SpringBootDependencyInjectionTestExecutionListener@33ecbd6c, org.springframework.test.context.support.DirtiesContextTestExecutionListener@5c723f2d, org.springframework.test.context.transaction.TransactionalTestExecutionListener@432f521f, org.springframework.test.context.jdbc.SqlScriptsTestExecutionListener@2d7a9786, org.springframework.security.test.context.support.WithSecurityContextTestExecutionListener@7bab5898, org.springframework.test.context.event.EventPublishingTestExecutionListener@366d8b97, org.springframework.security.test.context.support.ReactorContextTestExecutionListener@feb98ef, org.springframework.boot.test.mock.mockito.ResetMocksTestExecutionListener@7654f833, org.springframework.boot.test.autoconfigure.restdocs.RestDocsTestExecutionListener@571a01f9, org.springframework.boot.test.autoconfigure.web.client.MockRestServiceServerResetTestExecutionListener@d7109be, org.springframework.boot.test.autoconfigure.web.servlet.MockMvcPrintOnlyOnFailureTestExecutionListener@5e0ec41f, org.springframework.boot.test.autoconfigure.web.servlet.WebDriverTestExecutionListener@f4a3a8d, org.springframework.boot.test.autoconfigure.webservices.client.MockWebServiceServerTestExecutionListener@8d8f754]
22:07:06.835 [main] DEBUG org.springframework.test.annotation.ProfileValueUtils - Retrieved @ProfileValueSourceConfiguration [null] for test class [com.gmail.merikbest2015.ecommerce.mapper.UserMapperTest]
22:07:06.835 [main] DEBUG org.springframework.test.annotation.ProfileValueUtils - Retrieved ProfileValueSource type [class org.springframework.test.annotation.SystemProfileValueSource] for class [com.gmail.merikbest2015.ecommerce.mapper.UserMapperTest]
22:07:06.835 [main] DEBUG org.springframework.test.annotation.ProfileValueUtils - Retrieved @ProfileValueSourceConfiguration [null] for test class [com.gmail.merikbest2015.ecommerce.mapper.UserMapperTest]
22:07:06.835 [main] DEBUG org.springframework.test.annotation.ProfileValueUtils - Retrieved ProfileValueSource type [class org.springframework.test.annotation.SystemProfileValueSource] for class [com.gmail.merikbest2015.ecommerce.mapper.UserMapperTest]
22:07:06.835 [main] DEBUG org.springframework.test.annotation.ProfileValueUtils - Retrieved @ProfileValueSourceConfiguration [null] for test class [com.gmail.merikbest2015.ecommerce.mapper.UserMapperTest]
22:07:06.835 [main] DEBUG org.springframework.test.annotation.ProfileValueUtils - Retrieved ProfileValueSource type [class org.springframework.test.annotation.SystemProfileValueSource] for class [com.gmail.merikbest2015.ecommerce.mapper.UserMapperTest]
22:07:06.839 [main] DEBUG org.springframework.test.context.junit4.SpringJUnit4ClassRunner - SpringJUnit4ClassRunner constructor called with [class com.gmail.merikbest2015.ecommerce.mapper.PerfumeMapperTest]
22:07:06.840 [main] DEBUG org.springframework.test.context.BootstrapUtils - Instantiating CacheAwareContextLoaderDelegate from class [org.springframework.test.context.cache.DefaultCacheAwareContextLoaderDelegate]
22:07:06.840 [main] DEBUG org.springframework.test.context.BootstrapUtils - Instantiating BootstrapContext using constructor [public org.springframework.test.context.support.DefaultBootstrapContext(java.lang.Class,org.springframework.test.context.CacheAwareContextLoaderDelegate)]
22:07:06.840 [main] DEBUG org.springframework.test.context.BootstrapUtils - Instantiating TestContextBootstrapper for test class [com.gmail.merikbest2015.ecommerce.mapper.PerfumeMapperTest] from class [org.springframework.boot.test.context.SpringBootTestContextBootstrapper]
22:07:06.840 [main] INFO org.springframework.boot.test.context.SpringBootTestContextBootstrapper - Neither @ContextConfiguration nor @ContextHierarchy found for test class [com.gmail.merikbest2015.ecommerce.mapper.PerfumeMapperTest], using SpringBootContextLoader
22:07:06.841 [main] DEBUG org.springframework.test.context.support.AbstractContextLoader - Did not detect default resource location for test class [com.gmail.merikbest2015.ecommerce.mapper.PerfumeMapperTest]: class path resource [com/gmail/merikbest2015/ecommerce/mapper/PerfumeMapperTest-context.xml] does not exist
22:07:06.842 [main] DEBUG org.springframework.test.context.support.AbstractContextLoader - Did not detect default resource location for test class [com.gmail.merikbest2015.ecommerce.mapper.PerfumeMapperTest]: class path resource [com/gmail/merikbest2015/ecommerce/mapper/PerfumeMapperTestContext.groovy] does not exist
22:07:06.842 [main] INFO org.springframework.test.context.support.AbstractContextLoader - Could not detect default resource locations for test class [com.gmail.merikbest2015.ecommerce.mapper.PerfumeMapperTest]: no resource found for suffixes {-context.xml, Context.groovy}.
22:07:06.842 [main] INFO org.springframework.test.context.support.AnnotationConfigContextLoaderUtils - Could not detect default configuration classes for test class [com.gmail.merikbest2015.ecommerce.mapper.PerfumeMapperTest]: PerfumeMapperTest does not declare any static, non-private, non-final, nested classes annotated with @Configuration.
22:07:06.844 [main] DEBUG org.springframework.test.context.support.ActiveProfilesUtils - Could not find an 'annotation declaring class' for annotation type [org.springframework.test.context.ActiveProfiles] and class [com.gmail.merikbest2015.ecommerce.mapper.PerfumeMapperTest]
22:07:06.845 [main] INFO org.springframework.boot.test.context.SpringBootTestContextBootstrapper - Found @SpringBootConfiguration com.gmail.merikbest2015.ecommerce.EcommerceApplication for test class com.gmail.merikbest2015.ecommerce.mapper.PerfumeMapperTest
22:07:06.846 [main] DEBUG org.springframework.boot.test.context.SpringBootTestContextBootstrapper - @TestExecutionListeners is not present for class [com.gmail.merikbest2015.ecommerce.mapper.PerfumeMapperTest]: using defaults.
22:07:06.846 [main] INFO org.springframework.boot.test.context.SpringBootTestContextBootstrapper - Loaded default TestExecutionListener class names from location [META-INF/spring.factories]: [org.springframework.security.test.context.support.WithSecurityContextTestExecutionListener, org.springframework.security.test.context.support.ReactorContextTestExecutionListener, org.springframework.test.context.web.ServletTestExecutionListener, org.springframework.test.context.support.DirtiesContextBeforeModesTestExecutionListener, org.springframework.test.context.support.DependencyInjectionTestExecutionListener, org.springframework.test.context.support.DirtiesContextTestExecutionListener, org.springframework.test.context.transaction.TransactionalTestExecutionListener, org.springframework.test.context.jdbc.SqlScriptsTestExecutionListener, org.springframework.test.context.event.EventPublishingTestExecutionListener, org.springframework.boot.test.mock.mockito.MockitoTestExecutionListener, org.springframework.boot.test.mock.mockito.ResetMocksTestExecutionListener, org.springframework.boot.test.autoconfigure.restdocs.RestDocsTestExecutionListener, org.springframework.boot.test.autoconfigure.web.client.MockRestServiceServerResetTestExecutionListener, org.springframework.boot.test.autoconfigure.web.servlet.MockMvcPrintOnlyOnFailureTestExecutionListener, org.springframework.boot.test.autoconfigure.web.servlet.WebDriverTestExecutionListener, org.springframework.boot.test.autoconfigure.webservices.client.MockWebServiceServerTestExecutionListener]
22:07:06.847 [main] INFO org.springframework.boot.test.context.SpringBootTestContextBootstrapper - Using TestExecutionListeners: [org.springframework.test.context.web.ServletTestExecutionListener@2c88a3e8, org.springframework.test.context.support.DirtiesContextBeforeModesTestExecutionListener@68ac9ec5, org.springframework.boot.test.mock.mockito.MockitoTestExecutionListener@a50d709, org.springframework.boot.test.autoconfigure.SpringBootDependencyInjectionTestExecutionListener@5ed4bc, org.springframework.test.context.support.DirtiesContextTestExecutionListener@6920b0bc, org.springframework.test.context.transaction.TransactionalTestExecutionListener@65f651eb, org.springframework.test.context.jdbc.SqlScriptsTestExecutionListener@69923ac3, org.springframework.security.test.context.support.WithSecurityContextTestExecutionListener@1f1ff879, org.springframework.test.context.event.EventPublishingTestExecutionListener@73d60e76, org.springframework.security.test.context.support.ReactorContextTestExecutionListener@24f870ee, org.springframework.boot.test.mock.mockito.ResetMocksTestExecutionListener@5c441290, org.springframework.boot.test.autoconfigure.restdocs.RestDocsTestExecutionListener@3c78e551, org.springframework.boot.test.autoconfigure.web.client.MockRestServiceServerResetTestExecutionListener@7f1ef916, org.springframework.boot.test.autoconfigure.web.servlet.MockMvcPrintOnlyOnFailureTestExecutionListener@1886991b, org.springframework.boot.test.autoconfigure.web.servlet.WebDriverTestExecutionListener@64aad809, org.springframework.boot.test.autoconfigure.webservices.client.MockWebServiceServerTestExecutionListener@1f03fba0]
22:07:06.848 [main] DEBUG org.springframework.test.annotation.ProfileValueUtils - Retrieved @ProfileValueSourceConfiguration [null] for test class [com.gmail.merikbest2015.ecommerce.mapper.PerfumeMapperTest]
22:07:06.848 [main] DEBUG org.springframework.test.annotation.ProfileValueUtils - Retrieved ProfileValueSource type [class org.springframework.test.annotation.SystemProfileValueSource] for class [com.gmail.merikbest2015.ecommerce.mapper.PerfumeMapperTest]
22:07:06.848 [main] DEBUG org.springframework.test.annotation.ProfileValueUtils - Retrieved @ProfileValueSourceConfiguration [null] for test class [com.gmail.merikbest2015.ecommerce.mapper.PerfumeMapperTest]
22:07:06.848 [main] DEBUG org.springframework.test.annotation.ProfileValueUtils - Retrieved ProfileValueSource type [class org.springframework.test.annotation.SystemProfileValueSource] for class [com.gmail.merikbest2015.ecommerce.mapper.PerfumeMapperTest]
22:07:06.848 [main] DEBUG org.springframework.test.annotation.ProfileValueUtils - Retrieved @ProfileValueSourceConfiguration [null] for test class [com.gmail.merikbest2015.ecommerce.mapper.PerfumeMapperTest]
22:07:06.848 [main] DEBUG org.springframework.test.annotation.ProfileValueUtils - Retrieved ProfileValueSource type [class org.springframework.test.annotation.SystemProfileValueSource] for class [com.gmail.merikbest2015.ecommerce.mapper.PerfumeMapperTest]
22:07:06.851 [main] DEBUG org.springframework.test.context.junit4.SpringJUnit4ClassRunner - SpringJUnit4ClassRunner constructor called with [class com.gmail.merikbest2015.ecommerce.mapper.OrderMapperTest]
22:07:06.851 [main] DEBUG org.springframework.test.context.BootstrapUtils - Instantiating CacheAwareContextLoaderDelegate from class [org.springframework.test.context.cache.DefaultCacheAwareContextLoaderDelegate]
22:07:06.851 [main] DEBUG org.springframework.test.context.BootstrapUtils - Instantiating BootstrapContext using constructor [public org.springframework.test.context.support.DefaultBootstrapContext(java.lang.Class,org.springframework.test.context.CacheAwareContextLoaderDelegate)]
22:07:06.851 [main] DEBUG org.springframework.test.context.BootstrapUtils - Instantiating TestContextBootstrapper for test class [com.gmail.merikbest2015.ecommerce.mapper.OrderMapperTest] from class [org.springframework.boot.test.context.SpringBootTestContextBootstrapper]
22:07:06.852 [main] INFO org.springframework.boot.test.context.SpringBootTestContextBootstrapper - Neither @ContextConfiguration nor @ContextHierarchy found for test class [com.gmail.merikbest2015.ecommerce.mapper.OrderMapperTest], using SpringBootContextLoader
22:07:06.852 [main] DEBUG org.springframework.test.context.support.AbstractContextLoader - Did not detect default resource location for test class [com.gmail.merikbest2015.ecommerce.mapper.OrderMapperTest]: class path resource [com/gmail/merikbest2015/ecommerce/mapper/OrderMapperTest-context.xml] does not exist
22:07:06.853 [main] DEBUG org.springframework.test.context.support.AbstractContextLoader - Did not detect default resource location for test class [com.gmail.merikbest2015.ecommerce.mapper.OrderMapperTest]: class path resource [com/gmail/merikbest2015/ecommerce/mapper/OrderMapperTestContext.groovy] does not exist
22:07:06.853 [main] INFO org.springframework.test.context.support.AbstractContextLoader - Could not detect default resource locations for test class [com.gmail.merikbest2015.ecommerce.mapper.OrderMapperTest]: no resource found for suffixes {-context.xml, Context.groovy}.
22:07:06.853 [main] INFO org.springframework.test.context.support.AnnotationConfigContextLoaderUtils - Could not detect default configuration classes for test class [com.gmail.merikbest2015.ecommerce.mapper.OrderMapperTest]: OrderMapperTest does not declare any static, non-private, non-final, nested classes annotated with @Configuration.
22:07:06.854 [main] DEBUG org.springframework.test.context.support.ActiveProfilesUtils - Could not find an 'annotation declaring class' for annotation type [org.springframework.test.context.ActiveProfiles] and class [com.gmail.merikbest2015.ecommerce.mapper.OrderMapperTest]
22:07:06.855 [main] INFO org.springframework.boot.test.context.SpringBootTestContextBootstrapper - Found @SpringBootConfiguration com.gmail.merikbest2015.ecommerce.EcommerceApplication for test class com.gmail.merikbest2015.ecommerce.mapper.OrderMapperTest
22:07:06.857 [main] DEBUG org.springframework.boot.test.context.SpringBootTestContextBootstrapper - @TestExecutionListeners is not present for class [com.gmail.merikbest2015.ecommerce.mapper.OrderMapperTest]: using defaults.
22:07:06.857 [main] INFO org.springframework.boot.test.context.SpringBootTestContextBootstrapper - Loaded default TestExecutionListener class names from location [META-INF/spring.factories]: [org.springframework.security.test.context.support.WithSecurityContextTestExecutionListener, org.springframework.security.test.context.support.ReactorContextTestExecutionListener, org.springframework.test.context.web.ServletTestExecutionListener, org.springframework.test.context.support.DirtiesContextBeforeModesTestExecutionListener, org.springframework.test.context.support.DependencyInjectionTestExecutionListener, org.springframework.test.context.support.DirtiesContextTestExecutionListener, org.springframework.test.context.transaction.TransactionalTestExecutionListener, org.springframework.test.context.jdbc.SqlScriptsTestExecutionListener, org.springframework.test.context.event.EventPublishingTestExecutionListener, org.springframework.boot.test.mock.mockito.MockitoTestExecutionListener, org.springframework.boot.test.mock.mockito.ResetMocksTestExecutionListener, org.springframework.boot.test.autoconfigure.restdocs.RestDocsTestExecutionListener, org.springframework.boot.test.autoconfigure.web.client.MockRestServiceServerResetTestExecutionListener, org.springframework.boot.test.autoconfigure.web.servlet.MockMvcPrintOnlyOnFailureTestExecutionListener, org.springframework.boot.test.autoconfigure.web.servlet.WebDriverTestExecutionListener, org.springframework.boot.test.autoconfigure.webservices.client.MockWebServiceServerTestExecutionListener]
22:07:06.858 [main] INFO org.springframework.boot.test.context.SpringBootTestContextBootstrapper - Using TestExecutionListeners: [org.springframework.test.context.web.ServletTestExecutionListener@75a0c890, org.springframework.test.context.support.DirtiesContextBeforeModesTestExecutionListener@358ab600, org.springframework.boot.test.mock.mockito.MockitoTestExecutionListener@e26af6, org.springframework.boot.test.autoconfigure.SpringBootDependencyInjectionTestExecutionListener@44065156, org.springframework.test.context.support.DirtiesContextTestExecutionListener@3791f50e, org.springframework.test.context.transaction.TransactionalTestExecutionListener@574b7f4a, org.springframework.test.context.jdbc.SqlScriptsTestExecutionListener@44ed0a8f, org.springframework.security.test.context.support.WithSecurityContextTestExecutionListener@32177fa5, org.springframework.test.context.event.EventPublishingTestExecutionListener@a96d56c, org.springframework.security.test.context.support.ReactorContextTestExecutionListener@6ab4a5b, org.springframework.boot.test.mock.mockito.ResetMocksTestExecutionListener@2abe9173, org.springframework.boot.test.autoconfigure.restdocs.RestDocsTestExecutionListener@235d29d6, org.springframework.boot.test.autoconfigure.web.client.MockRestServiceServerResetTestExecutionListener@1fdca564, org.springframework.boot.test.autoconfigure.web.servlet.MockMvcPrintOnlyOnFailureTestExecutionListener@43f9dd56, org.springframework.boot.test.autoconfigure.web.servlet.WebDriverTestExecutionListener@1d12e953, org.springframework.boot.test.autoconfigure.webservices.client.MockWebServiceServerTestExecutionListener@57cb70be]
22:07:06.858 [main] DEBUG org.springframework.test.annotation.ProfileValueUtils - Retrieved @ProfileValueSourceConfiguration [null] for test class [com.gmail.merikbest2015.ecommerce.mapper.OrderMapperTest]
22:07:06.858 [main] DEBUG org.springframework.test.annotation.ProfileValueUtils - Retrieved ProfileValueSource type [class org.springframework.test.annotation.SystemProfileValueSource] for class [com.gmail.merikbest2015.ecommerce.mapper.OrderMapperTest]
22:07:06.858 [main] DEBUG org.springframework.test.annotation.ProfileValueUtils - Retrieved @ProfileValueSourceConfiguration [null] for test class [com.gmail.merikbest2015.ecommerce.mapper.OrderMapperTest]
[...]
at com.gmail.merikbest2015.ecommerce.configuration.ApplicationConfiguration$$EnhancerBySpringCGLIB$$95e5eb48.s3Client(<generated>)
at java.base/jdk.internal.reflect.NativeMethodAccessorImpl.invoke0(Native Method)
at java.base/jdk.internal.reflect.NativeMethodAccessorImpl.invoke(NativeMethodAccessorImpl.java:77)
at java.base/jdk.internal.reflect.DelegatingMethodAccessorImpl.invoke(DelegatingMethodAccessorImpl.java:43)
at java.base/java.lang.reflect.Method.invoke(Method.java:569)
at org.springframework.beans.factory.support.SimpleInstantiationStrategy.instantiate(SimpleInstantiationStrategy.java:154)
at org.springframework.beans.factory.support.ConstructorResolver.instantiate(ConstructorResolver.java:650)
at org.springframework.beans.factory.support.ConstructorResolver.instantiateUsingFactoryMethod(ConstructorResolver.java:483)
at org.springframework.beans.factory.support.AbstractAutowireCapableBeanFactory.instantiateUsingFactoryMethod(AbstractAutowireCapableBeanFactory.java:1336)
at org.springframework.beans.factory.support.AbstractAutowireCapableBeanFactory.createBeanInstance(AbstractAutowireCapableBeanFactory.java:1176)
at org.springframework.beans.factory.support.AbstractAutowireCapableBeanFactory.doCreateBean(AbstractAutowireCapableBeanFactory.java:556)
at org.springframework.beans.factory.support.AbstractAutowireCapableBeanFactory.createBean(AbstractAutowireCapableBeanFactory.java:516)
at org.springframework.beans.factory.support.AbstractBeanFactory.lambda$doGetBean$0(AbstractBeanFactory.java:324)
at org.springframework.beans.factory.support.DefaultSingletonBeanRegistry.getSingleton(DefaultSingletonBeanRegistry.java:234)
at org.springframework.beans.factory.support.AbstractBeanFactory.doGetBean(AbstractBeanFactory.java:322)
at org.springframework.beans.factory.support.AbstractBeanFactory.getBean(AbstractBeanFactory.java:202)
at org.springframework.beans.factory.config.DependencyDescriptor.resolveCandidate(DependencyDescriptor.java:276)
at org.springframework.beans.factory.support.DefaultListableBeanFactory.doResolveDependency(DefaultListableBeanFactory.java:1307)
at org.springframework.beans.factory.support.DefaultListableBeanFactory.resolveDependency(DefaultListableBeanFactory.java:1227)
at org.springframework.beans.factory.support.ConstructorResolver.resolveAutowiredArgument(ConstructorResolver.java:884)
at org.springframework.beans.factory.support.ConstructorResolver.createArgumentArray(ConstructorResolver.java:788)
at org.springframework.beans.factory.support.ConstructorResolver.autowireConstructor(ConstructorResolver.java:227)
at org.springframework.beans.factory.support.AbstractAutowireCapableBeanFactory.autowireConstructor(AbstractAutowireCapableBeanFactory.java:1356)
at org.springframework.beans.factory.support.AbstractAutowireCapableBeanFactory.createBeanInstance(AbstractAutowireCapableBeanFactory.java:1203)
at org.springframework.beans.factory.support.AbstractAutowireCapableBeanFactory.doCreateBean(AbstractAutowireCapableBeanFactory.java:556)
at org.springframework.beans.factory.support.AbstractAutowireCapableBeanFactory.createBean(AbstractAutowireCapableBeanFactory.java:516)
at org.springframework.beans.factory.support.AbstractBeanFactory.lambda$doGetBean$0(AbstractBeanFactory.java:324)
at org.springframework.beans.factory.support.DefaultSingletonBeanRegistry.getSingleton(DefaultSingletonBeanRegistry.java:234)
at org.springframework.beans.factory.support.AbstractBeanFactory.doGetBean(AbstractBeanFactory.java:322)
at org.springframework.beans.factory.support.AbstractBeanFactory.getBean(AbstractBeanFactory.java:202)
at org.springframework.beans.factory.config.DependencyDescriptor.resolveCandidate(DependencyDescriptor.java:276)
at org.springframework.beans.factory.support.DefaultListableBeanFactory.doResolveDependency(DefaultListableBeanFactory.java:1307)
at org.springframework.beans.factory.support.DefaultListableBeanFactory.resolveDependency(DefaultListableBeanFactory.java:1227)
at org.springframework.beans.factory.support.ConstructorResolver.resolveAutowiredArgument(ConstructorResolver.java:884)
at org.springframework.beans.factory.support.ConstructorResolver.createArgumentArray(ConstructorResolver.java:788)
at org.springframework.beans.factory.support.ConstructorResolver.autowireConstructor(ConstructorResolver.java:227)
at org.springframework.beans.factory.support.AbstractAutowireCapableBeanFactory.autowireConstructor(AbstractAutowireCapableBeanFactory.java:1356)
at org.springframework.beans.factory.support.AbstractAutowireCapableBeanFactory.createBeanInstance(AbstractAutowireCapableBeanFactory.java:1203)
at org.springframework.beans.factory.support.AbstractAutowireCapableBeanFactory.doCreateBean(AbstractAutowireCapableBeanFactory.java:556)
at org.springframework.beans.factory.support.AbstractAutowireCapableBeanFactory.createBean(AbstractAutowireCapableBeanFactory.java:516)
at org.springframework.beans.factory.support.AbstractBeanFactory.lambda$doGetBean$0(AbstractBeanFactory.java:324)
at org.springframework.beans.factory.support.DefaultSingletonBeanRegistry.getSingleton(DefaultSingletonBeanRegistry.java:234)
at org.springframework.beans.factory.support.AbstractBeanFactory.doGetBean(AbstractBeanFactory.java:322)
at org.springframework.beans.factory.support.AbstractBeanFactory.getBean(AbstractBeanFactory.java:202)
at org.springframework.beans.factory.config.DependencyDescriptor.resolveCandidate(DependencyDescriptor.java:276)
at org.springframework.beans.factory.support.DefaultListableBeanFactory.doResolveDependency(DefaultListableBeanFactory.java:1307)
at org.springframework.beans.factory.support.DefaultListableBeanFactory.resolveDependency(DefaultListableBeanFactory.java:1227)
at org.springframework.beans.factory.support.ConstructorResolver.resolveAutowiredArgument(ConstructorResolver.java:884)
at org.springframework.beans.factory.support.ConstructorResolver.createArgumentArray(ConstructorResolver.java:788)
at org.springframework.beans.factory.support.ConstructorResolver.autowireConstructor(ConstructorResolver.java:227)
at org.springframework.beans.factory.support.AbstractAutowireCapableBeanFactory.autowireConstructor(AbstractAutowireCapableBeanFactory.java:1356)
at org.springframework.beans.factory.support.AbstractAutowireCapableBeanFactory.createBeanInstance(AbstractAutowireCapableBeanFactory.java:1203)
at org.springframework.beans.factory.support.AbstractAutowireCapableBeanFactory.doCreateBean(AbstractAutowireCapableBeanFactory.java:556)
at org.springframework.beans.factory.support.AbstractAutowireCapableBeanFactory.createBean(AbstractAutowireCapableBeanFactory.java:516)
at org.springframework.beans.factory.support.AbstractBeanFactory.lambda$doGetBean$0(AbstractBeanFactory.java:324)
at org.springframework.beans.factory.support.DefaultSingletonBeanRegistry.getSingleton(DefaultSingletonBeanRegistry.java:234)
at org.springframework.beans.factory.support.AbstractBeanFactory.doGetBean(AbstractBeanFactory.java:322)
at org.springframework.beans.factory.support.AbstractBeanFactory.getBean(AbstractBeanFactory.java:202)
at org.springframework.beans.factory.support.DefaultListableBeanFactory.preInstantiateSingletons(DefaultListableBeanFactory.java:897)
at org.springframework.context.support.AbstractApplicationContext.finishBeanFactoryInitialization(AbstractApplicationContext.java:879)
at org.springframework.context.support.AbstractApplicationContext.refresh(AbstractApplicationContext.java:551)
at org.springframework.boot.SpringApplication.refresh(SpringApplication.java:758)
at org.springframework.boot.SpringApplication.refresh(SpringApplication.java:750)
at org.springframework.boot.SpringApplication.refreshContext(SpringApplication.java:405)
at org.springframework.boot.SpringApplication.run(SpringApplication.java:315)
at org.springframework.boot.test.context.SpringBootContextLoader.loadContext(SpringBootContextLoader.java:120)
at org.springframework.test.context.cache.DefaultCacheAwareContextLoaderDelegate.loadContextInternal(DefaultCacheAwareContextLoaderDelegate.java:99)
at org.springframework.test.context.cache.DefaultCacheAwareContextLoaderDelegate.loadContext(DefaultCacheAwareContextLoaderDelegate.java:124)
at org.springframework.test.context.support.DefaultTestContext.getApplicationContext(DefaultTestContext.java:123)
at org.springframework.test.context.web.ServletTestExecutionListener.setUpRequestContextIfNecessary(ServletTestExecutionListener.java:190)
at org.springframework.test.context.web.ServletTestExecutionListener.prepareTestInstance(ServletTestExecutionListener.java:132)
at org.springframework.test.context.TestContextManager.prepareTestInstance(TestContextManager.java:244)
at org.springframework.test.context.junit4.SpringJUnit4ClassRunner.createTest(SpringJUnit4ClassRunner.java:227)
at org.springframework.test.context.junit4.SpringJUnit4ClassRunner$1.runReflectiveCall(SpringJUnit4ClassRunner.java:289)
at org.junit.internal.runners.model.ReflectiveCallable.run(ReflectiveCallable.java:12)
at org.springframework.test.context.junit4.SpringJUnit4ClassRunner.methodBlock(SpringJUnit4ClassRunner.java:291)
at org.springframework.test.context.junit4.SpringJUnit4ClassRunner.runChild(SpringJUnit4ClassRunner.java:246)
at org.springframework.test.context.junit4.SpringJUnit4ClassRunner.runChild(SpringJUnit4ClassRunner.java:97)
at org.junit.runners.ParentRunner$4.run(ParentRunner.java:331)
at org.junit.runners.ParentRunner$1.schedule(ParentRunner.java:79)
at org.junit.runners.ParentRunner.runChildren(ParentRunner.java:329)
at org.junit.runners.ParentRunner.access$100(ParentRunner.java:66)
at org.junit.runners.ParentRunner$2.evaluate(ParentRunner.java:293)
at org.springframework.test.context.junit4.statements.RunBeforeTestClassCallbacks.evaluate(RunBeforeTestClassCallbacks.java:61)
at org.springframework.test.context.junit4.statements.RunAfterTestClassCallbacks.evaluate(RunAfterTestClassCallbacks.java:70)
at org.junit.runners.ParentRunner$3.evaluate(ParentRunner.java:306)
at org.junit.runners.ParentRunner.run(ParentRunner.java:413)
at org.springframework.test.context.junit4.SpringJUnit4ClassRunner.run(SpringJUnit4ClassRunner.java:190)
at org.junit.runner.JUnitCore.run(JUnitCore.java:137)
at org.junit.runner.JUnitCore.run(JUnitCore.java:115)
at org.junit.vintage.engine.execution.RunnerExecutor.execute(RunnerExecutor.java:43)
at java.base/java.util.stream.ForEachOps$ForEachOp$OfRef.accept(ForEachOps.java:183)
at java.base/java.util.stream.ReferencePipeline$3$1.accept(ReferencePipeline.java:197)
at java.base/java.util.Iterator.forEachRemaining(Iterator.java:133)
at java.base/java.util.Spliterators$IteratorSpliterator.forEachRemaining(Spliterators.java:1845)
at java.base/java.util.stream.AbstractPipeline.copyInto(AbstractPipeline.java:509)
at java.base/java.util.stream.AbstractPipeline.wrapAndCopyInto(AbstractPipeline.java:499)
at java.base/java.util.stream.ForEachOps$ForEachOp.evaluateSequential(ForEachOps.java:150)
at java.base/java.util.stream.ForEachOps$ForEachOp$OfRef.evaluateSequential(ForEachOps.java:173)
at java.base/java.util.stream.AbstractPipeline.evaluate(AbstractPipeline.java:234)
at java.base/java.util.stream.ReferencePipeline.forEach(ReferencePipeline.java:596)
at org.junit.vintage.engine.VintageTestEngine.executeAllChildren(VintageTestEngine.java:82)
at org.junit.vintage.engine.VintageTestEngine.execute(VintageTestEngine.java:73)
at org.junit.platform.launcher.core.DefaultLauncher.execute(DefaultLauncher.java:248)
at org.junit.platform.launcher.core.DefaultLauncher.lambda$execute$5(DefaultLauncher.java:211)
at org.junit.platform.launcher.core.DefaultLauncher.withInterceptedStreams(DefaultLauncher.java:226)
at org.junit.platform.launcher.core.DefaultLauncher.execute(DefaultLauncher.java:199)
at org.junit.platform.launcher.core.DefaultLauncher.execute(DefaultLauncher.java:132)
at org.apache.maven.surefire.junitplatform.JUnitPlatformProvider.execute(JUnitPlatformProvider.java:188)
at org.apache.maven.surefire.junitplatform.JUnitPlatformProvider.invokeAllTests(JUnitPlatformProvider.java:154)
at org.apache.maven.surefire.junitplatform.JUnitPlatformProvider.invoke(JUnitPlatformProvider.java:128)
at org.apache.maven.surefire.booter.ForkedBooter.runSuitesInProcess(ForkedBooter.java:428)
at org.apache.maven.surefire.booter.ForkedBooter.execute(ForkedBooter.java:162)
at org.apache.maven.surefire.booter.ForkedBooter.run(ForkedBooter.java:562)
at org.apache.maven.surefire.booter.ForkedBooter.main(ForkedBooter.java:548)
2025-06-12 22:07:15.275  INFO 2611 --- [           main] o.s.s.concurrent.ThreadPoolTaskExecutor  : Initializing ExecutorService 'clientInboundChannelExecutor'
2025-06-12 22:07:15.292  INFO 2611 --- [           main] o.s.s.concurrent.ThreadPoolTaskExecutor  : Initializing ExecutorService 'clientOutboundChannelExecutor'
2025-06-12 22:07:15.858  INFO 2611 --- [           main] o.s.b.a.e.web.EndpointLinksResolver      : Exposing 1 endpoint(s) beneath base path '/actuator'
2025-06-12 22:07:16.056  INFO 2611 --- [           main] pertySourcedRequestMappingHandlerMapping : Mapped URL path [/v2/api-docs] onto method [springfox.documentation.swagger2.web.Swagger2Controller#getDocumentation(String, HttpServletRequest)]
2025-06-12 22:07:16.352  INFO 2611 --- [           main] o.s.s.c.ThreadPoolTaskScheduler          : Initializing ExecutorService 'messageBrokerTaskScheduler'
2025-06-12 22:07:16.595  INFO 2611 --- [           main] o.s.s.web.DefaultSecurityFilterChain     : Creating filter chain: any request, [org.springframework.security.web.context.request.async.WebAsyncManagerIntegrationFilter@1c7503f1, org.springframework.security.web.context.SecurityContextPersistenceFilter@1cb50ab1, org.springframework.security.web.header.HeaderWriterFilter@2322c9f7, org.springframework.web.filter.CorsFilter@2ef70cb4, org.springframework.security.web.authentication.logout.LogoutFilter@54e32b98, org.springframework.security.oauth2.client.web.OAuth2AuthorizationRequestRedirectFilter@3ae974ae, org.springframework.security.oauth2.client.web.OAuth2LoginAuthenticationFilter@67b38c61, com.gmail.merikbest2015.ecommerce.security.JwtFilter@53348b2d, org.springframework.security.web.authentication.ui.DefaultLoginPageGeneratingFilter@57f5709f, org.springframework.security.web.authentication.ui.DefaultLogoutPageGeneratingFilter@457298d0, org.springframework.security.web.savedrequest.RequestCacheAwareFilter@274bd56, org.springframework.security.web.servletapi.SecurityContextHolderAwareRequestFilter@2e934025, org.springframework.security.web.authentication.AnonymousAuthenticationFilter@484b94f2, org.springframework.security.web.session.SessionManagementFilter@283be97f, org.springframework.security.web.access.ExceptionTranslationFilter@41c7a15d, org.springframework.security.web.access.intercept.FilterSecurityInterceptor@4dcb9037]
2025-06-12 22:07:16.617  INFO 2611 --- [           main] o.s.s.concurrent.ThreadPoolTaskExecutor  : Initializing ExecutorService 'brokerChannelExecutor'
2025-06-12 22:07:17.312  WARN 2611 --- [           main] ion$DefaultTemplateResolverConfiguration : Cannot find template location: classpath:/templates/ (please add some templates or check your Thymeleaf configuration)
2025-06-12 22:07:17.392  INFO 2611 --- [           main] o.s.b.t.m.w.SpringBootMockServletContext : Initializing Spring TestDispatcherServlet ''
2025-06-12 22:07:17.392  INFO 2611 --- [           main] o.s.t.web.servlet.TestDispatcherServlet  : Initializing Servlet ''
2025-06-12 22:07:17.407  INFO 2611 --- [           main] o.s.t.web.servlet.TestDispatcherServlet  : Completed initialization in 15 ms
2025-06-12 22:07:17.453  INFO 2611 --- [           main] d.s.w.p.DocumentationPluginsBootstrapper : Context refreshed
2025-06-12 22:07:17.472  INFO 2611 --- [           main] d.s.w.p.DocumentationPluginsBootstrapper : Found 1 custom documentation plugin(s)
2025-06-12 22:07:17.517  INFO 2611 --- [           main] s.d.s.w.s.ApiListingReferenceScanner     : Scanning for api listing references
2025-06-12 22:07:17.887  INFO 2611 --- [           main] .d.s.w.r.o.CachingOperationNameGenerator : Generating unique operation named: handleUsingGET_1
2025-06-12 22:07:17.985  INFO 2611 --- [           main] o.s.m.s.b.SimpleBrokerMessageHandler     : Starting...
2025-06-12 22:07:17.985  INFO 2611 --- [           main] o.s.m.s.b.SimpleBrokerMessageHandler     : BrokerAvailabilityEvent[available=true, SimpleBrokerMessageHandler [DefaultSubscriptionRegistry[cache[0 destination(s)], registry[0 sessions]]]]
2025-06-12 22:07:17.985  INFO 2611 --- [           main] o.s.m.s.b.SimpleBrokerMessageHandler     : Started.
2025-06-12 22:07:17.986  INFO 2611 --- [           main] DeferredRepositoryInitializationListener : Triggering deferred initialization of Spring Data repositories…
2025-06-12 22:07:18.860  INFO 2611 --- [           main] DeferredRepositoryInitializationListener : Spring Data repositories initialized!
2025-06-12 22:07:18.882  INFO 2611 --- [           main] c.g.m.e.controller.ReviewControllerTest  : Started ReviewControllerTest in 11.519 seconds (JVM running for 14.404)
2025-06-12 22:07:19.249  INFO 2611 --- [           main] c.g.m.e.controller.ReviewController      : Adding review for perfumeId=111, userId=111
2025-06-12 22:07:19.285  INFO 2611 --- [           main] c.g.m.e.service.Impl.ReviewServiceImpl   : Adding review for perfume id 111, rating 5
2025-06-12 22:07:19.306  WARN 2611 --- [           main] c.g.m.e.service.Impl.ReviewServiceImpl   : Perfume not found with id 111
]]></system-out>
  </testcase>
  <testcase name="addReviewToPerfume_ShouldInputFieldsAreEmpty" classname="com.gmail.merikbest2015.ecommerce.controller.ReviewControllerTest" time="0.051">
    <system-out><![CDATA[2025-06-12 22:07:19.396  INFO 2611 --- [           main] c.g.m.e.controller.ReviewController      : Adding review for perfumeId=null, userId=null
]]></system-out>
  </testcase>
  <testcase name="getReviewsByPerfumeId" classname="com.gmail.merikbest2015.ecommerce.controller.ReviewControllerTest" time="0.085">
    <system-out><![CDATA[2025-06-12 22:07:19.448  INFO 2611 --- [           main] c.g.m.e.controller.ReviewController      : Fetching reviews for perfumeId=2
2025-06-12 22:07:19.449  INFO 2611 --- [           main] c.g.m.e.service.Impl.ReviewServiceImpl   : Fetching reviews for perfume with id 2
2025-06-12 22:07:19.482  INFO 2611 --- [           main] c.g.m.e.controller.ReviewController      : Found 2 reviews
CLASS: [ReviewController], METHOD: [getReviewsByPerfumeId()], REQUEST: 2
CLASS: [ReviewController], METHOD: [getReviewsByPerfumeId()], RESPONSE: <200 OK OK,[ReviewResponse(id=123, author=John, message=Hello world, rating=5, date=2021-02-07), ReviewResponse(id=124, author=John2, message=Hello world2, rating=4, date=2021-02-07)],[]>
]]></system-out>
  </testcase>
  <testcase name="addReviewToPerfume" classname="com.gmail.merikbest2015.ecommerce.controller.ReviewControllerTest" time="0.091">
    <system-out><![CDATA[2025-06-12 22:07:19.526  INFO 2611 --- [           main] c.g.m.e.controller.ReviewController      : Adding review for perfumeId=1, userId=1
2025-06-12 22:07:19.526  INFO 2611 --- [           main] c.g.m.e.service.Impl.ReviewServiceImpl   : Adding review for perfume id 1, rating 5
2025-06-12 22:07:19.530  INFO 2611 --- [           main] c.g.m.e.service.Impl.ReviewServiceImpl   : Updated perfume rating to 5.0
2025-06-12 22:07:19.583  INFO 2611 --- [           main] c.g.m.e.controller.ReviewController      : Review added and sent to websocket topic for perfumeId=1
CLASS: [ReviewController], METHOD: [addReviewToPerfume()], REQUEST: ReviewRequest(perfumeId=1, author=John, message=Hello world, rating=5)
org.springframework.validation.BeanPropertyBindingResult: 0 errors
CLASS: [ReviewController], METHOD: [addReviewToPerfume()], RESPONSE: <200 OK OK,ReviewResponse(id=1, author=John, message=Hello world, rating=5, date=2025-06-12),[]>
]]></system-out>
  </testcase>
</testsuite>